<!DOCTYPE html>

<html>
  <head>
  <title>TestNG reports</title>

    <link type="text/css" href="testng-reports.css" rel="stylesheet" />  
    <script type="text/javascript" src="jquery-1.7.1.min.js"></script>
    <script type="text/javascript" src="testng-reports.js"></script>
    <script type="text/javascript" src="https://www.google.com/jsapi"></script>
    <script type='text/javascript'>
      google.load('visualization', '1', {packages:['table']});
      google.setOnLoadCallback(drawTable);
      var suiteTableInitFunctions = new Array();
      var suiteTableData = new Array();
    </script>
    <!--
      <script type="text/javascript" src="jquery-ui/js/jquery-ui-1.8.16.custom.min.js"></script>
     -->
  </head>

  <body>
    <div class="top-banner-root">
      <span class="top-banner-title-font">Test results</span>
      <br/>
      <span class="top-banner-font-1">1 suite, 2 failed tests</span>
    </div> <!-- top-banner-root -->
    <div class="navigator-root">
      <div class="navigator-suite-header">
        <span>All suites</span>
        <a href="#" class="collapse-all-link" title="Collapse/expand all the suites">
          <img class="collapse-all-icon" src="collapseall.gif">
          </img> <!-- collapse-all-icon -->
        </a> <!-- collapse-all-link -->
      </div> <!-- navigator-suite-header -->
      <div class="suite">
        <div class="rounded-window">
          <div class="suite-header light-rounded-window-top">
            <a href="#" class="navigator-link" panel-name="suite-Demo_Search_test_suite">
              <span class="suite-name border-failed">Demo Search test suite</span>
            </a> <!-- navigator-link -->
          </div> <!-- suite-header light-rounded-window-top -->
          <div class="navigator-suite-content">
            <div class="suite-section-title">
              <span>Info</span>
            </div> <!-- suite-section-title -->
            <div class="suite-section-content">
              <ul>
                <li>
                  <a href="#" class="navigator-link " panel-name="test-xml-Demo_Search_test_suite">
                    <span>C:\New folder\TestCases\java\demo\DemoTestNG\src\configs\TestAll.xml</span>
                  </a> <!-- navigator-link  -->
                </li>
                <li>
                  <a href="#" class="navigator-link " panel-name="testlist-Demo_Search_test_suite">
                    <span class="test-stats">3 tests</span>
                  </a> <!-- navigator-link  -->
                </li>
                <li>
                  <a href="#" class="navigator-link " panel-name="group-Demo_Search_test_suite">
                    <span>0 groups</span>
                  </a> <!-- navigator-link  -->
                </li>
                <li>
                  <a href="#" class="navigator-link " panel-name="times-Demo_Search_test_suite">
                    <span>Times</span>
                  </a> <!-- navigator-link  -->
                </li>
                <li>
                  <a href="#" class="navigator-link " panel-name="reporter-Demo_Search_test_suite">
                    <span>Reporter output</span>
                  </a> <!-- navigator-link  -->
                </li>
                <li>
                  <a href="#" class="navigator-link " panel-name="ignored-methods-Demo_Search_test_suite">
                    <span>Ignored methods</span>
                  </a> <!-- navigator-link  -->
                </li>
                <li>
                  <a href="#" class="navigator-link " panel-name="chronological-Demo_Search_test_suite">
                    <span>Chronological view</span>
                  </a> <!-- navigator-link  -->
                </li>
              </ul>
            </div> <!-- suite-section-content -->
            <div class="result-section">
              <div class="suite-section-title">
                <span>Results</span>
              </div> <!-- suite-section-title -->
              <div class="suite-section-content">
                <ul>
                  <li>
                    <span class="method-stats">7 methods, 2 failed,   5 passed</span>
                  </li>
                  <li>
                    <span class="method-list-title failed">Failed methods</span>
                    <span class="show-or-hide-methods failed">
                      <a href="#" panel-name="suite-Demo_Search_test_suite" class="hide-methods failed suite-Demo_Search_test_suite"> (hide)</a> <!-- hide-methods failed suite-Demo_Search_test_suite -->
                      <a href="#" panel-name="suite-Demo_Search_test_suite" class="show-methods failed suite-Demo_Search_test_suite"> (show)</a> <!-- show-methods failed suite-Demo_Search_test_suite -->
                    </span>
                    <div class="method-list-content failed suite-Demo_Search_test_suite">
                      <span>
                        <img width="3%" src="failed.png"/>
                        <a href="#" class="method navigator-link" panel-name="suite-Demo_Search_test_suite" title="credit.Credit360" hash-for-method="addAndSaveBorrower">addAndSaveBorrower</a> <!-- method navigator-link -->
                      </span>
                      <br/>
                      <span>
                        <img width="3%" src="failed.png"/>
                        <a href="#" class="method navigator-link" panel-name="suite-Demo_Search_test_suite" title="customer.Cust360" hash-for-method="verifyAddressTitleOnAddressPage">verifyAddressTitleOnAddressPage</a> <!-- method navigator-link -->
                      </span>
                      <br/>
                    </div> <!-- method-list-content failed suite-Demo_Search_test_suite -->
                  </li>
                  <li>
                    <span class="method-list-title passed">Passed methods</span>
                    <span class="show-or-hide-methods passed">
                      <a href="#" panel-name="suite-Demo_Search_test_suite" class="hide-methods passed suite-Demo_Search_test_suite"> (hide)</a> <!-- hide-methods passed suite-Demo_Search_test_suite -->
                      <a href="#" panel-name="suite-Demo_Search_test_suite" class="show-methods passed suite-Demo_Search_test_suite"> (show)</a> <!-- show-methods passed suite-Demo_Search_test_suite -->
                    </span>
                    <div class="method-list-content passed suite-Demo_Search_test_suite">
                      <span>
                        <img width="3%" src="passed.png"/>
                        <a href="#" class="method navigator-link" panel-name="suite-Demo_Search_test_suite" title="customer.Cust360" hash-for-method="clickAddressAndAdd">clickAddressAndAdd</a> <!-- method navigator-link -->
                      </span>
                      <br/>
                      <span>
                        <img width="3%" src="passed.png"/>
                        <a href="#" class="method navigator-link" panel-name="suite-Demo_Search_test_suite" title="customer.Cust360" hash-for-method="saveAddress">saveAddress</a> <!-- method navigator-link -->
                      </span>
                      <br/>
                      <span>
                        <img width="3%" src="passed.png"/>
                        <a href="#" class="method navigator-link" panel-name="suite-Demo_Search_test_suite" title="collateral.Collateral360" hash-for-method="saveCollateralDetails">saveCollateralDetails</a> <!-- method navigator-link -->
                      </span>
                      <br/>
                      <span>
                        <img width="3%" src="passed.png"/>
                        <a href="#" class="method navigator-link" panel-name="suite-Demo_Search_test_suite" title="credit.Credit360" hash-for-method="searchRequest">searchRequest</a> <!-- method navigator-link -->
                      </span>
                      <br/>
                      <span>
                        <img width="3%" src="passed.png"/>
                        <a href="#" class="method navigator-link" panel-name="suite-Demo_Search_test_suite" title="collateral.Collateral360" hash-for-method="verifyCollateralTitleOnCollateral">verifyCollateralTitleOnCollateral</a> <!-- method navigator-link -->
                      </span>
                      <br/>
                    </div> <!-- method-list-content passed suite-Demo_Search_test_suite -->
                  </li>
                </ul>
              </div> <!-- suite-section-content -->
            </div> <!-- result-section -->
          </div> <!-- navigator-suite-content -->
        </div> <!-- rounded-window -->
      </div> <!-- suite -->
    </div> <!-- navigator-root -->
    <div class="wrapper">
      <div class="main-panel-root">
        <div panel-name="suite-Demo_Search_test_suite" class="panel Demo_Search_test_suite">
          <div class="suite-Demo_Search_test_suite-class-failed">
            <div class="main-panel-header rounded-window-top">
              <img src="failed.png"/>
              <span class="class-name">credit.Credit360</span>
            </div> <!-- main-panel-header rounded-window-top -->
            <div class="main-panel-content rounded-window-bottom">
              <div class="method">
                <div class="method-content">
                  <a name="addAndSaveBorrower">
                  </a> <!-- addAndSaveBorrower -->
                  <span class="method-name">addAndSaveBorrower</span>
                  <div class="stack-trace">org.openqa.selenium.WebDriverException: unknown error: Element is not clickable at point (221, 147). Other element would receive the click: &lt;div class=&quot;blockUI blockOverlay&quot; style=&quot;z-index: 1000; border: none; margin: 0px; padding: 0px; width: 100%; height: 100%; top: 0px; left: 0px; opacity: 0; cursor: default; position: fixed; background-color: rgb(0, 0, 0);&quot;&gt;&lt;/div&gt;
  (Session info: chrome=44.0.2403.130)
  (Driver info: chromedriver=2.16.333243 (0bfa1d3575fc1044244f21ddb82bf870944ef961),platform=Windows NT 6.1 SP1 x86_64) (WARNING: The server did not provide any stacktrace information)
Command duration or timeout: 93 milliseconds
Build info: version: &apos;2.46.0&apos;, revision: &apos;87c69e2&apos;, time: &apos;2015-06-04 16:17:10&apos;
System info: host: &apos;pbajpai&apos;, ip: &apos;192.168.1.160&apos;, os.name: &apos;Windows 7&apos;, os.arch: &apos;amd64&apos;, os.version: &apos;6.1&apos;, java.version: &apos;1.7.0_71&apos;
Session ID: a09c9225f465a75bd9f5a4dff626481e
Driver info: org.openqa.selenium.remote.RemoteWebDriver
Capabilities [{platform=XP, acceptSslCerts=true, javascriptEnabled=true, browserName=chrome, chrome={userDataDir=C:\Users\provenir\AppData\Local\Temp\scoped_dir9508_21748}, rotatable=false, locationContextEnabled=true, mobileEmulationEnabled=false, version=44.0.2403.130, takesHeapSnapshot=true, cssSelectorsEnabled=true, databaseEnabled=false, handlesAlerts=true, browserConnectionEnabled=false, webStorageEnabled=true, nativeEvents=true, hasTouchScreen=false, applicationCacheEnabled=false, takesScreenshot=true}]
	at org.openqa.selenium.remote.ErrorHandler.createThrowable(ErrorHandler.java:204)
	at org.openqa.selenium.remote.ErrorHandler.throwIfResponseFailed(ErrorHandler.java:156)
	at org.openqa.selenium.remote.RemoteWebDriver.execute(RemoteWebDriver.java:605)
	at org.openqa.selenium.remote.RemoteWebElement.execute(RemoteWebElement.java:269)
	at org.openqa.selenium.remote.RemoteWebElement.click(RemoteWebElement.java:80)
	at helper.Credit360Helper.clickCreditBorrowerAndAdd(Credit360Helper.java:37)
	at credit.Credit360.addAndSaveBorrower(Credit360.java:77)
	at java.util.concurrent.FutureTask.run(Unknown Source)
	at java.util.concurrent.ThreadPoolExecutor.runWorker(Unknown Source)
	at java.util.concurrent.ThreadPoolExecutor$Worker.run(Unknown Source)
	at java.lang.Thread.run(Unknown Source)
... Removed 20 stack frames
</div> <!-- stack-trace -->
                </div> <!-- method-content -->
              </div> <!-- method -->
            </div> <!-- main-panel-content rounded-window-bottom -->
          </div> <!-- suite-Demo_Search_test_suite-class-failed -->
          <div class="suite-Demo_Search_test_suite-class-failed">
            <div class="main-panel-header rounded-window-top">
              <img src="failed.png"/>
              <span class="class-name">customer.Cust360</span>
            </div> <!-- main-panel-header rounded-window-top -->
            <div class="main-panel-content rounded-window-bottom">
              <div class="method">
                <div class="method-content">
                  <a name="verifyAddressTitleOnAddressPage">
                  </a> <!-- verifyAddressTitleOnAddressPage -->
                  <span class="method-name">verifyAddressTitleOnAddressPage</span>
                  <div class="stack-trace">org.openqa.selenium.NoSuchElementException: Unable to locate element: {&quot;method&quot;:&quot;xpath&quot;,&quot;selector&quot;:&quot;//h2[contains(.,&apos;Add Address&apos;)]&quot;}
Command duration or timeout: 37 milliseconds
For documentation on this error, please visit: http://seleniumhq.org/exceptions/no_such_element.html
Build info: version: &apos;2.46.0&apos;, revision: &apos;87c69e2&apos;, time: &apos;2015-06-04 16:17:10&apos;
System info: host: &apos;pbajpai&apos;, ip: &apos;192.168.1.160&apos;, os.name: &apos;Windows 7&apos;, os.arch: &apos;amd64&apos;, os.version: &apos;6.1&apos;, java.version: &apos;1.7.0_71&apos;
*** Element info: {Using=xpath, value=//h2[contains(.,&apos;Add Address&apos;)]}
Session ID: 65e82f74-4242-4d21-8333-96f4c96d9412
Driver info: org.openqa.selenium.firefox.FirefoxDriver
Capabilities [{platform=WINDOWS, acceptSslCerts=true, javascriptEnabled=true, cssSelectorsEnabled=true, databaseEnabled=true, browserName=firefox, handlesAlerts=true, nativeEvents=false, webStorageEnabled=true, rotatable=false, locationContextEnabled=true, applicationCacheEnabled=true, takesScreenshot=true, version=39.0.3}]
	at org.openqa.selenium.remote.ErrorHandler.createThrowable(ErrorHandler.java:204)
	at org.openqa.selenium.remote.ErrorHandler.throwIfResponseFailed(ErrorHandler.java:156)
	at org.openqa.selenium.remote.RemoteWebDriver.execute(RemoteWebDriver.java:605)
	at org.openqa.selenium.remote.RemoteWebDriver.findElement(RemoteWebDriver.java:358)
	at org.openqa.selenium.remote.RemoteWebDriver.findElementByXPath(RemoteWebDriver.java:455)
	at org.openqa.selenium.By$ByXPath.findElement(By.java:358)
	at org.openqa.selenium.remote.RemoteWebDriver.findElement(RemoteWebDriver.java:350)
	at helper.Customer360Helper.verifyAddressTitle(Customer360Helper.java:31)
	at customer.Cust360.verifyAddressTitleOnAddressPage(Cust360.java:72)
	at java.util.concurrent.FutureTask.run(Unknown Source)
	at java.util.concurrent.ThreadPoolExecutor.runWorker(Unknown Source)
	at java.util.concurrent.ThreadPoolExecutor$Worker.run(Unknown Source)
	at java.lang.Thread.run(Unknown Source)
Caused by: org.openqa.selenium.NoSuchElementException: Unable to locate element: {&quot;method&quot;:&quot;xpath&quot;,&quot;selector&quot;:&quot;//h2[contains(.,&apos;Add Address&apos;)]&quot;}
For documentation on this error, please visit: http://seleniumhq.org/exceptions/no_such_element.html
Build info: version: &apos;2.46.0&apos;, revision: &apos;87c69e2&apos;, time: &apos;2015-06-04 16:17:10&apos;
System info: host: &apos;pbajpai&apos;, ip: &apos;192.168.1.160&apos;, os.name: &apos;Windows 7&apos;, os.arch: &apos;amd64&apos;, os.version: &apos;6.1&apos;, java.version: &apos;1.7.0_71&apos;
Driver info: driver.version: unknown
	at &lt;anonymous class&gt;.FirefoxDriver.prototype.findElementInternal_(file:///C:/Users/provenir/AppData/Local/Temp/anonymous5047013134911459255webdriver-profile/extensions/fxdriver@googlecode.com/components/driver-component.js:10299)
	at &lt;anonymous class&gt;.FirefoxDriver.prototype.findElement(file:///C:/Users/provenir/AppData/Local/Temp/anonymous5047013134911459255webdriver-profile/extensions/fxdriver@googlecode.com/components/driver-component.js:10308)
	at &lt;anonymous class&gt;.DelayedCommand.prototype.executeInternal_/h(file:///C:/Users/provenir/AppData/Local/Temp/anonymous5047013134911459255webdriver-profile/extensions/fxdriver@googlecode.com/components/command-processor.js:12282)
	at &lt;anonymous class&gt;.DelayedCommand.prototype.executeInternal_(file:///C:/Users/provenir/AppData/Local/Temp/anonymous5047013134911459255webdriver-profile/extensions/fxdriver@googlecode.com/components/command-processor.js:12287)
	at &lt;anonymous class&gt;.DelayedCommand.prototype.execute/&lt;(file:///C:/Users/provenir/AppData/Local/Temp/anonymous5047013134911459255webdriver-profile/extensions/fxdriver@googlecode.com/components/command-processor.js:12229)
... Removed 19 stack frames
</div> <!-- stack-trace -->
                </div> <!-- method-content -->
              </div> <!-- method -->
            </div> <!-- main-panel-content rounded-window-bottom -->
          </div> <!-- suite-Demo_Search_test_suite-class-failed -->
          <div class="suite-Demo_Search_test_suite-class-passed">
            <div class="main-panel-header rounded-window-top">
              <img src="passed.png"/>
              <span class="class-name">credit.Credit360</span>
            </div> <!-- main-panel-header rounded-window-top -->
            <div class="main-panel-content rounded-window-bottom">
              <div class="method">
                <div class="method-content">
                  <a name="searchRequest">
                  </a> <!-- searchRequest -->
                  <span class="method-name">searchRequest</span>
                </div> <!-- method-content -->
              </div> <!-- method -->
            </div> <!-- main-panel-content rounded-window-bottom -->
          </div> <!-- suite-Demo_Search_test_suite-class-passed -->
          <div class="suite-Demo_Search_test_suite-class-passed">
            <div class="main-panel-header rounded-window-top">
              <img src="passed.png"/>
              <span class="class-name">collateral.Collateral360</span>
            </div> <!-- main-panel-header rounded-window-top -->
            <div class="main-panel-content rounded-window-bottom">
              <div class="method">
                <div class="method-content">
                  <a name="saveCollateralDetails">
                  </a> <!-- saveCollateralDetails -->
                  <span class="method-name">saveCollateralDetails</span>
                </div> <!-- method-content -->
              </div> <!-- method -->
              <div class="method">
                <div class="method-content">
                  <a name="verifyCollateralTitleOnCollateral">
                  </a> <!-- verifyCollateralTitleOnCollateral -->
                  <span class="method-name">verifyCollateralTitleOnCollateral</span>
                </div> <!-- method-content -->
              </div> <!-- method -->
            </div> <!-- main-panel-content rounded-window-bottom -->
          </div> <!-- suite-Demo_Search_test_suite-class-passed -->
          <div class="suite-Demo_Search_test_suite-class-passed">
            <div class="main-panel-header rounded-window-top">
              <img src="passed.png"/>
              <span class="class-name">customer.Cust360</span>
            </div> <!-- main-panel-header rounded-window-top -->
            <div class="main-panel-content rounded-window-bottom">
              <div class="method">
                <div class="method-content">
                  <a name="clickAddressAndAdd">
                  </a> <!-- clickAddressAndAdd -->
                  <span class="method-name">clickAddressAndAdd</span>
                </div> <!-- method-content -->
              </div> <!-- method -->
              <div class="method">
                <div class="method-content">
                  <a name="saveAddress">
                  </a> <!-- saveAddress -->
                  <span class="method-name">saveAddress</span>
                </div> <!-- method-content -->
              </div> <!-- method -->
            </div> <!-- main-panel-content rounded-window-bottom -->
          </div> <!-- suite-Demo_Search_test_suite-class-passed -->
        </div> <!-- panel Demo_Search_test_suite -->
        <div panel-name="test-xml-Demo_Search_test_suite" class="panel">
          <div class="main-panel-header rounded-window-top">
            <span class="header-content">C:\New folder\TestCases\java\demo\DemoTestNG\src\configs\TestAll.xml</span>
          </div> <!-- main-panel-header rounded-window-top -->
          <div class="main-panel-content rounded-window-bottom">
            <pre>
&lt;?xml version=&quot;1.0&quot; encoding=&quot;UTF-8&quot;?&gt;
&lt;!DOCTYPE suite SYSTEM &quot;http://testng.org/testng-1.0.dtd&quot;&gt;
&lt;suite thread-count=&quot;3&quot; guice-stage=&quot;DEVELOPMENT&quot; name=&quot;Demo Search test suite&quot; parallel=&quot;tests&quot;&gt;
  &lt;test name=&quot;Firefox Test&quot;&gt;
    &lt;parameter name=&quot;browser&quot; value=&quot;Firefox&quot;/&gt;
    &lt;classes&gt;
      &lt;class name=&quot;customer.Cust360&quot;/&gt;
    &lt;/classes&gt;
  &lt;/test&gt; &lt;!-- Firefox Test --&gt;
  &lt;test name=&quot;IE Test&quot;&gt;
    &lt;parameter name=&quot;browser&quot; value=&quot;InternetExplorer&quot;/&gt;
    &lt;classes&gt;
      &lt;class name=&quot;collateral.Collateral360&quot;/&gt;
    &lt;/classes&gt;
  &lt;/test&gt; &lt;!-- IE Test --&gt;
  &lt;test name=&quot;Chrome Test&quot;&gt;
    &lt;parameter name=&quot;browser&quot; value=&quot;Chrome&quot;/&gt;
    &lt;classes&gt;
      &lt;class name=&quot;credit.Credit360&quot;/&gt;
    &lt;/classes&gt;
  &lt;/test&gt; &lt;!-- Chrome Test --&gt;
&lt;/suite&gt; &lt;!-- Demo Search test suite --&gt;
            </pre>
          </div> <!-- main-panel-content rounded-window-bottom -->
        </div> <!-- panel -->
        <div panel-name="testlist-Demo_Search_test_suite" class="panel">
          <div class="main-panel-header rounded-window-top">
            <span class="header-content">Tests for Demo Search test suite</span>
          </div> <!-- main-panel-header rounded-window-top -->
          <div class="main-panel-content rounded-window-bottom">
            <ul>
              <li>
                <span class="test-name">Firefox Test (1 class)</span>
              </li>
              <li>
                <span class="test-name">IE Test (1 class)</span>
              </li>
              <li>
                <span class="test-name">Chrome Test (1 class)</span>
              </li>
            </ul>
          </div> <!-- main-panel-content rounded-window-bottom -->
        </div> <!-- panel -->
        <div panel-name="group-Demo_Search_test_suite" class="panel">
          <div class="main-panel-header rounded-window-top">
            <span class="header-content">Groups for Demo Search test suite</span>
          </div> <!-- main-panel-header rounded-window-top -->
          <div class="main-panel-content rounded-window-bottom">
          </div> <!-- main-panel-content rounded-window-bottom -->
        </div> <!-- panel -->
        <div panel-name="times-Demo_Search_test_suite" class="panel">
          <div class="main-panel-header rounded-window-top">
            <span class="header-content">Times for Demo Search test suite</span>
          </div> <!-- main-panel-header rounded-window-top -->
          <div class="main-panel-content rounded-window-bottom">
            <div class="times-div">
              <script type="text/javascript">
suiteTableInitFunctions.push('tableData_Demo_Search_test_suite');
function tableData_Demo_Search_test_suite() {
var data = new google.visualization.DataTable();
data.addColumn('number', 'Number');
data.addColumn('string', 'Method');
data.addColumn('string', 'Class');
data.addColumn('number', 'Time (ms)');
data.addRows(7);
data.setCell(0, 0, 0)
data.setCell(0, 1, 'saveCollateralDetails')
data.setCell(0, 2, 'collateral.Collateral360')
data.setCell(0, 3, 61865);
data.setCell(1, 0, 1)
data.setCell(1, 1, 'verifyAddressTitleOnAddressPage')
data.setCell(1, 2, 'customer.Cust360')
data.setCell(1, 3, 31787);
data.setCell(2, 0, 2)
data.setCell(2, 1, 'saveAddress')
data.setCell(2, 2, 'customer.Cust360')
data.setCell(2, 3, 21063);
data.setCell(3, 0, 3)
data.setCell(3, 1, 'verifyCollateralTitleOnCollateral')
data.setCell(3, 2, 'collateral.Collateral360')
data.setCell(3, 3, 11236);
data.setCell(4, 0, 4)
data.setCell(4, 1, 'clickAddressAndAdd')
data.setCell(4, 2, 'customer.Cust360')
data.setCell(4, 3, 9092);
data.setCell(5, 0, 5)
data.setCell(5, 1, 'addAndSaveBorrower')
data.setCell(5, 2, 'credit.Credit360')
data.setCell(5, 3, 1392);
data.setCell(6, 0, 6)
data.setCell(6, 1, 'searchRequest')
data.setCell(6, 2, 'credit.Credit360')
data.setCell(6, 3, 227);
window.suiteTableData['Demo_Search_test_suite']= { tableData: data, tableDiv: 'times-div-Demo_Search_test_suite'}
return data;
}
              </script>
              <span class="suite-total-time">Total running time: 2 minutes</span>
              <div id="times-div-Demo_Search_test_suite">
              </div> <!-- times-div-Demo_Search_test_suite -->
            </div> <!-- times-div -->
          </div> <!-- main-panel-content rounded-window-bottom -->
        </div> <!-- panel -->
        <div panel-name="reporter-Demo_Search_test_suite" class="panel">
          <div class="main-panel-header rounded-window-top">
            <span class="header-content">Reporter output for Demo Search test suite</span>
          </div> <!-- main-panel-header rounded-window-top -->
          <div class="main-panel-content rounded-window-bottom">
          </div> <!-- main-panel-content rounded-window-bottom -->
        </div> <!-- panel -->
        <div panel-name="ignored-methods-Demo_Search_test_suite" class="panel">
          <div class="main-panel-header rounded-window-top">
            <span class="header-content">0 ignored methods</span>
          </div> <!-- main-panel-header rounded-window-top -->
          <div class="main-panel-content rounded-window-bottom">
          </div> <!-- main-panel-content rounded-window-bottom -->
        </div> <!-- panel -->
        <div panel-name="chronological-Demo_Search_test_suite" class="panel">
          <div class="main-panel-header rounded-window-top">
            <span class="header-content">Methods in chronological order</span>
          </div> <!-- main-panel-header rounded-window-top -->
          <div class="main-panel-content rounded-window-bottom">
            <div class="chronological-class">
              <div class="chronological-class-name">customer.Cust360</div> <!-- chronological-class-name -->
              <div class="configuration-test before">
                <span class="method-name">beforeTest(Firefox)</span>
                <span class="method-start">0 ms</span>
              </div> <!-- configuration-test before -->
            </div> <!-- chronological-class -->
            <div class="chronological-class">
              <div class="chronological-class-name">credit.Credit360</div> <!-- chronological-class-name -->
              <div class="configuration-test before">
                <span class="method-name">beforeTest(Chrome)</span>
                <span class="method-start">9 ms</span>
              </div> <!-- configuration-test before -->
            </div> <!-- chronological-class -->
            <div class="chronological-class">
              <div class="chronological-class-name">collateral.Collateral360</div> <!-- chronological-class-name -->
              <div class="configuration-test before">
                <span class="method-name">beforeTest(InternetExplorer)</span>
                <span class="method-start">10 ms</span>
              </div> <!-- configuration-test before -->
            </div> <!-- chronological-class -->
            <div class="chronological-class">
              <div class="chronological-class-name">credit.Credit360</div> <!-- chronological-class-name -->
              <div class="test-method">
                <img src="failed.png">
                </img>
                <span class="method-name">addAndSaveBorrower</span>
                <span class="method-start">93138 ms</span>
              </div> <!-- test-method -->
              <div class="test-method">
                <span class="method-name">searchRequest</span>
                <span class="method-start">94541 ms</span>
              </div> <!-- test-method -->
              <div class="configuration-test after">
                <span class="method-name">afterTest</span>
                <span class="method-start">94771 ms</span>
              </div> <!-- configuration-test after -->
            </div> <!-- chronological-class -->
            <div class="chronological-class">
              <div class="chronological-class-name">collateral.Collateral360</div> <!-- chronological-class-name -->
              <div class="test-method">
                <span class="method-name">verifyCollateralTitleOnCollateral</span>
                <span class="method-start">95241 ms</span>
              </div> <!-- test-method -->
            </div> <!-- chronological-class -->
            <div class="chronological-class">
              <div class="chronological-class-name">customer.Cust360</div> <!-- chronological-class-name -->
              <div class="test-method">
                <span class="method-name">clickAddressAndAdd</span>
                <span class="method-start">103816 ms</span>
              </div> <!-- test-method -->
            </div> <!-- chronological-class -->
            <div class="chronological-class">
              <div class="chronological-class-name">collateral.Collateral360</div> <!-- chronological-class-name -->
              <div class="test-method">
                <span class="method-name">saveCollateralDetails</span>
                <span class="method-start">106480 ms</span>
              </div> <!-- test-method -->
            </div> <!-- chronological-class -->
            <div class="chronological-class">
              <div class="chronological-class-name">customer.Cust360</div> <!-- chronological-class-name -->
              <div class="test-method">
                <span class="method-name">saveAddress</span>
                <span class="method-start">112911 ms</span>
              </div> <!-- test-method -->
              <div class="test-method">
                <img src="failed.png">
                </img>
                <span class="method-name">verifyAddressTitleOnAddressPage</span>
                <span class="method-start">133977 ms</span>
              </div> <!-- test-method -->
              <div class="configuration-test after">
                <span class="method-name">afterTest</span>
                <span class="method-start">165776 ms</span>
              </div> <!-- configuration-test after -->
            </div> <!-- chronological-class -->
            <div class="chronological-class">
              <div class="chronological-class-name">collateral.Collateral360</div> <!-- chronological-class-name -->
              <div class="configuration-test after">
                <span class="method-name">afterTest</span>
                <span class="method-start">168346 ms</span>
              </div> <!-- configuration-test after -->
          </div> <!-- main-panel-content rounded-window-bottom -->
        </div> <!-- panel -->
      </div> <!-- main-panel-root -->
    </div> <!-- wrapper -->
  </body>
</html>
