<?xml version="1.0" encoding="UTF-8"?>
<!-- Generated by org.testng.reporters.JUnitXMLReporter -->
<testsuite hostname="parasharb-w7" name="Firefox Test" tests="42" failures="2" timestamp="17 Dec 2015 14:15:40 GMT" time="865.801" errors="0">
  <testcase name="test0_landingPage" time="37.787" classname="com.provenir.automation.framework.testcases.Collateral360"/>
  <testcase name="test1_gotoCollateral360" time="43.735" classname="com.provenir.automation.framework.testcases.Collateral360"/>
  <testcase name="test2_verifyCollateralTitle" time="10.306" classname="com.provenir.automation.framework.testcases.Collateral360"/>
  <testcase name="test3_saveCollateralDetails" time="118.962" classname="com.provenir.automation.framework.testcases.Collateral360"/>
  <testcase name="test4_verifyLeftHandNavigationForVehicle" time="25.969" classname="com.provenir.automation.framework.testcases.Collateral360"/>
  <testcase name="test5_verifyLeftHandNavigationForShares" time="22.758" classname="com.provenir.automation.framework.testcases.Collateral360"/>
  <testcase name="test6_verifyLeftHandNavigationForAccountsReceivable" time="20.402" classname="com.provenir.automation.framework.testcases.Collateral360"/>
  <testcase name="test7_verifyLeftHandNavigationForRealEstate" time="28.045" classname="com.provenir.automation.framework.testcases.Collateral360"/>
  <testcase name="test8_saveCollateralDetailsAsVehicle" time="91.289" classname="com.provenir.automation.framework.testcases.Collateral360"/>
  <testcase name="test9_verifyActionMenuDisplayedOnVehicle" time="4.804" classname="com.provenir.automation.framework.testcases.Collateral360"/>
  <testcase name="test11_saveOnTitledMotorVehicle" time="2.984" classname="com.provenir.automation.framework.testcases.Collateral360"/>
  <testcase name="test12_updateTitledMotorVehicle" time="4.755" classname="com.provenir.automation.framework.testcases.Collateral360"/>
  <testcase name="test13_deleteTitledMotorVehicleInfo" time="3.205" classname="com.provenir.automation.framework.testcases.Collateral360"/>
  <testcase name="test14_cancelOnTitledMotorVehicle" time="3.713" classname="com.provenir.automation.framework.testcases.Collateral360"/>
  <testcase name="test15_gotoCollateralPool" time="39.082" classname="com.provenir.automation.framework.testcases.Collateral360"/>
  <testcase name="test16_saveCollateralDetailsAsUCC" time="38.893" classname="com.provenir.automation.framework.testcases.Collateral360"/>
  <testcase name="test17_verifyDeleteOnUCC" time="11.416" classname="com.provenir.automation.framework.testcases.Collateral360"/>
  <testcase name="test18_verifyActionMenuDisplayedOnUCC" time="5.218" classname="com.provenir.automation.framework.testcases.Collateral360"/>
  <testcase name="test19_verifyMandatoryDetailsOnUCCUCC" time="1.347" classname="com.provenir.automation.framework.testcases.Collateral360"/>
  <testcase name="test20_saveUCC" time="6.795" classname="com.provenir.automation.framework.testcases.Collateral360"/>
  <testcase name="test21_updateUCC" time="10.692" classname="com.provenir.automation.framework.testcases.Collateral360"/>
  <testcase name="test22_cancelUCCDetails" time="22.045" classname="com.provenir.automation.framework.testcases.Collateral360"/>
  <testcase name="test23_gotoCollateral360" time="35.75" classname="com.provenir.automation.framework.testcases.Collateral360"/>
  <testcase name="test24_verifyMutualFundsSection" time="6.442" classname="com.provenir.automation.framework.testcases.Collateral360">
    <failure type="org.openqa.selenium.WebDriverException" message="Element must be user-editable in order to clear it.
Command duration or timeout: 45 milliseconds
Build info: version: &amp;apos;2.46.0&amp;apos;, revision: &amp;apos;87c69e2&amp;apos;, time: &amp;apos;2015-06-04 16:17:10&amp;apos;
System info: host: &amp;apos;parasharb-w7&amp;apos;, ip: &amp;apos;172.27.103.103&amp;apos;, os.name: &amp;apos;Windows 7&amp;apos;, os.arch: &amp;apos;amd64&amp;apos;, os.version: &amp;apos;6.1&amp;apos;, java.version: &amp;apos;1.7.0_75&amp;apos;
Session ID: 3089f7ca-0b94-4558-90c3-d53a0003cfaf
Driver info: org.openqa.selenium.firefox.FirefoxDriver
Capabilities [{platform=WINDOWS, acceptSslCerts=true, javascriptEnabled=true, cssSelectorsEnabled=true, databaseEnabled=true, browserName=firefox, handlesAlerts=true, nativeEvents=false, webStorageEnabled=true, rotatable=false, locationContextEnabled=true, applicationCacheEnabled=true, takesScreenshot=true, version=42.0}]">
      <![CDATA[org.openqa.selenium.WebDriverException: Element must be user-editable in order to clear it.
Command duration or timeout: 45 milliseconds
Build info: version: '2.46.0', revision: '87c69e2', time: '2015-06-04 16:17:10'
System info: host: 'parasharb-w7', ip: '172.27.103.103', os.name: 'Windows 7', os.arch: 'amd64', os.version: '6.1', java.version: '1.7.0_75'
Session ID: 3089f7ca-0b94-4558-90c3-d53a0003cfaf
Driver info: org.openqa.selenium.firefox.FirefoxDriver
Capabilities [{platform=WINDOWS, acceptSslCerts=true, javascriptEnabled=true, cssSelectorsEnabled=true, databaseEnabled=true, browserName=firefox, handlesAlerts=true, nativeEvents=false, webStorageEnabled=true, rotatable=false, locationContextEnabled=true, applicationCacheEnabled=true, takesScreenshot=true, version=42.0}]
	at org.openqa.selenium.remote.ErrorHandler.createThrowable(ErrorHandler.java:204)
	at org.openqa.selenium.remote.ErrorHandler.throwIfResponseFailed(ErrorHandler.java:156)
	at org.openqa.selenium.remote.RemoteWebDriver.execute(RemoteWebDriver.java:605)
	at org.openqa.selenium.remote.RemoteWebElement.execute(RemoteWebElement.java:269)
	at org.openqa.selenium.remote.RemoteWebElement.clear(RemoteWebElement.java:114)
	at org.openqa.selenium.support.pagefactory.internal.LocatingElementHandler.invoke(LocatingElementHandler.java:51)
	at com.sun.proxy.$Proxy9.clear(Unknown Source)
	at com.provenir.automation.framework.helper.Collateral360Helper.enterCollateralName(Collateral360Helper.java:465)
	at com.provenir.automation.framework.testcases.Collateral360.test24_verifyMutualFundsSection(Collateral360.java:253)
	at java.util.concurrent.FutureTask.run(Unknown Source)
	at java.util.concurrent.ThreadPoolExecutor.runWorker(Unknown Source)
	at java.util.concurrent.ThreadPoolExecutor$Worker.run(Unknown Source)
	at java.lang.Thread.run(Unknown Source)
Caused by: org.openqa.selenium.WebDriverException: Element must be user-editable in order to clear it.
Build info: version: '2.46.0', revision: '87c69e2', time: '2015-06-04 16:17:10'
System info: host: 'parasharb-w7', ip: '172.27.103.103', os.name: 'Windows 7', os.arch: 'amd64', os.version: '6.1', java.version: '1.7.0_75'
Driver info: driver.version: unknown
	at <anonymous class>.bot.Error(file:///C:/Users/PARASH~1/AppData/Local/Temp/anonymous7170364553865951857webdriver-profile/extensions/fxdriver@googlecode.com/components/command-processor.js:4763)
	at <anonymous class>.bot.action.clear(file:///C:/Users/PARASH~1/AppData/Local/Temp/anonymous7170364553865951857webdriver-profile/extensions/fxdriver@googlecode.com/components/command-processor.js:11308)
	at <anonymous class>.WebElement.clearElement(file:///C:/Users/PARASH~1/AppData/Local/Temp/anonymous7170364553865951857webdriver-profile/extensions/fxdriver@googlecode.com/components/command-processor.js:11754)
	at <anonymous class>.DelayedCommand.prototype.executeInternal_/h(file:///C:/Users/PARASH~1/AppData/Local/Temp/anonymous7170364553865951857webdriver-profile/extensions/fxdriver@googlecode.com/components/command-processor.js:12282)
	at <anonymous class>.DelayedCommand.prototype.executeInternal_(file:///C:/Users/PARASH~1/AppData/Local/Temp/anonymous7170364553865951857webdriver-profile/extensions/fxdriver@googlecode.com/components/command-processor.js:12287)
	at <anonymous class>.DelayedCommand.prototype.execute/<(file:///C:/Users/PARASH~1/AppData/Local/Temp/anonymous7170364553865951857webdriver-profile/extensions/fxdriver@googlecode.com/components/command-processor.js:12229)
... Removed 23 stack frames]]>
    </failure>
  </testcase> <!-- test24_verifyMutualFundsSection -->
  <testcase name="test25_verifyMandatoryFieldsOnMutualFunds" time="19.276" classname="com.provenir.automation.framework.testcases.Collateral360"/>
  <testcase name="test26_saveOnMutualFunds" time="15.506" classname="com.provenir.automation.framework.testcases.Collateral360"/>
  <testcase name="test27_updateMutualFunds" time="4.791" classname="com.provenir.automation.framework.testcases.Collateral360"/>
  <testcase name="test28_cancelMutualFunds" time="4.634" classname="com.provenir.automation.framework.testcases.Collateral360"/>
  <testcase name="test29_verifyCertificatedBondsSection" time="5.021" classname="com.provenir.automation.framework.testcases.Collateral360"/>
  <testcase name="test30_saveOnCertifiedBonds" time="10.123" classname="com.provenir.automation.framework.testcases.Collateral360"/>
  <testcase name="test31_updateCertifiedBonds" time="4.744" classname="com.provenir.automation.framework.testcases.Collateral360"/>
  <testcase name="test32_cancelCertifiedBonds" time="5.061" classname="com.provenir.automation.framework.testcases.Collateral360"/>
  <testcase name="test33_VerifyUncertifiedSecuritiesOrMutualFundsSection" time="5.911" classname="com.provenir.automation.framework.testcases.Collateral360"/>
  <testcase name="test34_saveOnUncertifiedSecurities" time="12.018" classname="com.provenir.automation.framework.testcases.Collateral360"/>
  <testcase name="test35_updateOnUncertifiedSecurities" time="5.319" classname="com.provenir.automation.framework.testcases.Collateral360"/>
  <testcase name="test36_cancelOnUncertifiedSecurities" time="5.312" classname="com.provenir.automation.framework.testcases.Collateral360"/>
  <testcase name="test37_goToCollateralPool" time="44.991" classname="com.provenir.automation.framework.testcases.Collateral360"/>
  <testcase name="test38_saveCollateralDetailsAsRealState" time="52.93" classname="com.provenir.automation.framework.testcases.Collateral360">
    <failure type="org.openqa.selenium.NoSuchElementException" message="Unable to locate element: {&amp;quot;method&amp;quot;:&amp;quot;xpath&amp;quot;,&amp;quot;selector&amp;quot;:&amp;quot;//b[contains(.,&amp;apos; Proceed &amp;apos;)]&amp;quot;}
Command duration or timeout: 22 milliseconds
For documentation on this error, please visit: http://seleniumhq.org/exceptions/no_such_element.html
Build info: version: &amp;apos;2.46.0&amp;apos;, revision: &amp;apos;87c69e2&amp;apos;, time: &amp;apos;2015-06-04 16:17:10&amp;apos;
System info: host: &amp;apos;parasharb-w7&amp;apos;, ip: &amp;apos;172.27.103.103&amp;apos;, os.name: &amp;apos;Windows 7&amp;apos;, os.arch: &amp;apos;amd64&amp;apos;, os.version: &amp;apos;6.1&amp;apos;, java.version: &amp;apos;1.7.0_75&amp;apos;
*** Element info: {Using=xpath, value=//b[contains(.,&amp;apos; Proceed &amp;apos;)]}
Session ID: 3089f7ca-0b94-4558-90c3-d53a0003cfaf
Driver info: org.openqa.selenium.firefox.FirefoxDriver
Capabilities [{platform=WINDOWS, acceptSslCerts=true, javascriptEnabled=true, cssSelectorsEnabled=true, databaseEnabled=true, browserName=firefox, handlesAlerts=true, nativeEvents=false, webStorageEnabled=true, rotatable=false, locationContextEnabled=true, applicationCacheEnabled=true, takesScreenshot=true, version=42.0}]">
      <![CDATA[org.openqa.selenium.NoSuchElementException: Unable to locate element: {"method":"xpath","selector":"//b[contains(.,' Proceed ')]"}
Command duration or timeout: 22 milliseconds
For documentation on this error, please visit: http://seleniumhq.org/exceptions/no_such_element.html
Build info: version: '2.46.0', revision: '87c69e2', time: '2015-06-04 16:17:10'
System info: host: 'parasharb-w7', ip: '172.27.103.103', os.name: 'Windows 7', os.arch: 'amd64', os.version: '6.1', java.version: '1.7.0_75'
*** Element info: {Using=xpath, value=//b[contains(.,' Proceed ')]}
Session ID: 3089f7ca-0b94-4558-90c3-d53a0003cfaf
Driver info: org.openqa.selenium.firefox.FirefoxDriver
Capabilities [{platform=WINDOWS, acceptSslCerts=true, javascriptEnabled=true, cssSelectorsEnabled=true, databaseEnabled=true, browserName=firefox, handlesAlerts=true, nativeEvents=false, webStorageEnabled=true, rotatable=false, locationContextEnabled=true, applicationCacheEnabled=true, takesScreenshot=true, version=42.0}]
	at org.openqa.selenium.remote.ErrorHandler.createThrowable(ErrorHandler.java:204)
	at org.openqa.selenium.remote.ErrorHandler.throwIfResponseFailed(ErrorHandler.java:156)
	at org.openqa.selenium.remote.RemoteWebDriver.execute(RemoteWebDriver.java:605)
	at org.openqa.selenium.remote.RemoteWebDriver.findElement(RemoteWebDriver.java:358)
	at org.openqa.selenium.remote.RemoteWebDriver.findElementByXPath(RemoteWebDriver.java:455)
	at org.openqa.selenium.By$ByXPath.findElement(By.java:358)
	at org.openqa.selenium.remote.RemoteWebDriver.findElement(RemoteWebDriver.java:350)
	at org.openqa.selenium.support.pagefactory.DefaultElementLocator.findElement(DefaultElementLocator.java:69)
	at org.openqa.selenium.support.pagefactory.internal.LocatingElementHandler.invoke(LocatingElementHandler.java:38)
	at com.sun.proxy.$Proxy9.isDisplayed(Unknown Source)
	at com.provenir.automation.framework.helper.Collateral360Helper.checkForProceedBtn(Collateral360Helper.java:1417)
	at com.provenir.automation.framework.testcases.Collateral360.test38_saveCollateralDetailsAsRealState(Collateral360.java:385)
	at java.util.concurrent.FutureTask.run(Unknown Source)
	at java.util.concurrent.ThreadPoolExecutor.runWorker(Unknown Source)
	at java.util.concurrent.ThreadPoolExecutor$Worker.run(Unknown Source)
	at java.lang.Thread.run(Unknown Source)
Caused by: org.openqa.selenium.NoSuchElementException: Unable to locate element: {"method":"xpath","selector":"//b[contains(.,' Proceed ')]"}
For documentation on this error, please visit: http://seleniumhq.org/exceptions/no_such_element.html
Build info: version: '2.46.0', revision: '87c69e2', time: '2015-06-04 16:17:10'
System info: host: 'parasharb-w7', ip: '172.27.103.103', os.name: 'Windows 7', os.arch: 'amd64', os.version: '6.1', java.version: '1.7.0_75'
Driver info: driver.version: unknown
	at <anonymous class>.FirefoxDriver.prototype.findElementInternal_(file:///C:/Users/PARASH~1/AppData/Local/Temp/anonymous7170364553865951857webdriver-profile/extensions/fxdriver@googlecode.com/components/driver-component.js:10299)
	at <anonymous class>.FirefoxDriver.prototype.findElement(file:///C:/Users/PARASH~1/AppData/Local/Temp/anonymous7170364553865951857webdriver-profile/extensions/fxdriver@googlecode.com/components/driver-component.js:10308)
	at <anonymous class>.DelayedCommand.prototype.executeInternal_/h(file:///C:/Users/PARASH~1/AppData/Local/Temp/anonymous7170364553865951857webdriver-profile/extensions/fxdriver@googlecode.com/components/command-processor.js:12282)
	at <anonymous class>.DelayedCommand.prototype.executeInternal_(file:///C:/Users/PARASH~1/AppData/Local/Temp/anonymous7170364553865951857webdriver-profile/extensions/fxdriver@googlecode.com/components/command-processor.js:12287)
	at <anonymous class>.DelayedCommand.prototype.execute/<(file:///C:/Users/PARASH~1/AppData/Local/Temp/anonymous7170364553865951857webdriver-profile/extensions/fxdriver@googlecode.com/components/command-processor.js:12229)
... Removed 19 stack frames]]>
    </failure>
  </testcase> <!-- test38_saveCollateralDetailsAsRealState -->
  <testcase name="test39_ClickTaxInformation" time="15.749" classname="com.provenir.automation.framework.testcases.Collateral360"/>
  <testcase name="test40_AddTaxInformation" time="5.532" classname="com.provenir.automation.framework.testcases.Collateral360"/>
  <testcase name="test41_verifyErrorMsgTaxApnDetails" time="0.478" classname="com.provenir.automation.framework.testcases.Collateral360"/>
  <testcase name="test42_SaveTaxInformationDetails" time="28.428" classname="com.provenir.automation.framework.testcases.Collateral360"/>
</testsuite> <!-- Firefox Test -->
