<html>
<head>
<title>TestNG:  Firefox Test3</title>
<link href="../testng.css" rel="stylesheet" type="text/css" />
<link href="../my-testng.css" rel="stylesheet" type="text/css" />

<style type="text/css">
.log { display: none;} 
.stack-trace { display: none;} 
</style>
<script type="text/javascript">
<!--
function flip(e) {
  current = e.style.display;
  if (current == 'block') {
    e.style.display = 'none';
    return 0;
  }
  else {
    e.style.display = 'block';
    return 1;
  }
}

function toggleBox(szDivId, elem, msg1, msg2)
{
  var res = -1;  if (document.getElementById) {
    res = flip(document.getElementById(szDivId));
  }
  else if (document.all) {
    // this is the way old msie versions work
    res = flip(document.all[szDivId]);
  }
  if(elem) {
    if(res == 0) elem.innerHTML = msg1; else elem.innerHTML = msg2;
  }

}

function toggleAllBoxes() {
  if (document.getElementsByTagName) {
    d = document.getElementsByTagName('div');
    for (i = 0; i < d.length; i++) {
      if (d[i].className == 'log') {
        flip(d[i]);
      }
    }
  }
}

// -->
</script>

</head>
<body>
<h2 align='center'>Firefox Test3</h2><table border='1' align="center">
<tr>
<td>Tests passed/Failed/Skipped:</td><td>17/1/0</td>
</tr><tr>
<td>Started on:</td><td>Tue Jul 12 18:55:10 IST 2016</td>
</tr>
<tr><td>Total time:</td><td>388 seconds (388987 ms)</td>
</tr><tr>
<td>Included groups:</td><td></td>
</tr><tr>
<td>Excluded groups:</td><td></td>
</tr>
</table><p/>
<small><i>(Hover the method name to see the test class name)</i></small><p/>
<table width='100%' border='1' class='invocation-failed'>
<tr><td colspan='4' align='center'><b>FAILED TESTS</b></td></tr>
<tr><td><b>Test method</b></td>
<td width="30%"><b>Exception</b></td>
<td width="10%"><b>Time (seconds)</b></td>
<td><b>Instance</b></td>
</tr>
<tr>
<td title='com.provenir.automation.framework.testcases.BOA_Wizard.test14_saveTransactionDetails()'><b>test14_saveTransactionDetails</b><br>Test class: com.provenir.automation.framework.testcases.BOA_Wizard</td>
<td><div><pre>org.openqa.selenium.WebDriverException: Element is not clickable at point (301.70001220703125, 731.7000122070312). Other element would receive the click: &lt;div class=&quot;blockUI blockOverlay&quot; style=&quot;z-index: 1000; border: medium none; margin: 0px; padding: 0px; width: 100%; height: 100%; top: 0px; left: 0px; background-color: rgb(0, 0, 0); opacity: 0; cursor: default; position: fixed;&quot;&gt;&lt;/div&gt;
Command duration or timeout: 72 milliseconds
Build info: version: &apos;2.52.0&apos;, revision: &apos;4c2593c&apos;, time: &apos;2016-02-11 19:03:33&apos;
System info: host: &apos;parasharb-w7&apos;, ip: &apos;172.27.103.103&apos;, os.name: &apos;Windows 7&apos;, os.arch: &apos;amd64&apos;, os.version: &apos;6.1&apos;, java.version: &apos;1.7.0_75&apos;
Session ID: f3e5368b-ca76-4217-ade1-230a98cf0322
Driver info: org.openqa.selenium.firefox.FirefoxDriver
Capabilities [{platform=WINDOWS, acceptSslCerts=true, javascriptEnabled=true, cssSelectorsEnabled=true, databaseEnabled=true, browserName=firefox, handlesAlerts=true, nativeEvents=false, webStorageEnabled=true, rotatable=false, locationContextEnabled=true, applicationCacheEnabled=true, takesScreenshot=true, version=41.0.2}]
	at org.openqa.selenium.remote.ErrorHandler.createThrowable(ErrorHandler.java:206)
	at org.openqa.selenium.remote.ErrorHandler.throwIfResponseFailed(ErrorHandler.java:158)
	at org.openqa.selenium.remote.RemoteWebDriver.execute(RemoteWebDriver.java:678)
	at org.openqa.selenium.remote.RemoteWebElement.execute(RemoteWebElement.java:327)
	at org.openqa.selenium.remote.RemoteWebElement.click(RemoteWebElement.java:85)
	at com.provenir.automation.framework.helper.TransactionInfoPage.selBorrowerOnTransactionInformation(TransactionInfoPage.java:682)
	at com.provenir.automation.framework.testcases.BOA_Wizard.test14_saveTransactionDetails(BOA_Wizard.java:291)
	at java.util.concurrent.FutureTask.run(Unknown Source)
	at java.util.concurrent.ThreadPoolExecutor.runWorker(Unknown Source)
	at java.util.concurrent.ThreadPoolExecutor$Worker.run(Unknown Source)
	at java.lang.Thread.run(Unknown Source)
... Removed 20 stack frames</pre></div><a href='#' onClick='toggleBox("stack-trace439531378", this, "Click to show all stack frames", "Click to hide stack frames")'>Click to show all stack frames</a>
<div class='stack-trace' id='stack-trace439531378'><pre>org.openqa.selenium.WebDriverException: Element is not clickable at point (301.70001220703125, 731.7000122070312). Other element would receive the click: &lt;div class=&quot;blockUI blockOverlay&quot; style=&quot;z-index: 1000; border: medium none; margin: 0px; padding: 0px; width: 100%; height: 100%; top: 0px; left: 0px; background-color: rgb(0, 0, 0); opacity: 0; cursor: default; position: fixed;&quot;&gt;&lt;/div&gt;
Command duration or timeout: 72 milliseconds
Build info: version: &apos;2.52.0&apos;, revision: &apos;4c2593c&apos;, time: &apos;2016-02-11 19:03:33&apos;
System info: host: &apos;parasharb-w7&apos;, ip: &apos;172.27.103.103&apos;, os.name: &apos;Windows 7&apos;, os.arch: &apos;amd64&apos;, os.version: &apos;6.1&apos;, java.version: &apos;1.7.0_75&apos;
Session ID: f3e5368b-ca76-4217-ade1-230a98cf0322
Driver info: org.openqa.selenium.firefox.FirefoxDriver
Capabilities [{platform=WINDOWS, acceptSslCerts=true, javascriptEnabled=true, cssSelectorsEnabled=true, databaseEnabled=true, browserName=firefox, handlesAlerts=true, nativeEvents=false, webStorageEnabled=true, rotatable=false, locationContextEnabled=true, applicationCacheEnabled=true, takesScreenshot=true, version=41.0.2}]
	at sun.reflect.NativeConstructorAccessorImpl.newInstance0(Native Method)
	at sun.reflect.NativeConstructorAccessorImpl.newInstance(Unknown Source)
	at sun.reflect.DelegatingConstructorAccessorImpl.newInstance(Unknown Source)
	at java.lang.reflect.Constructor.newInstance(Unknown Source)
	at org.openqa.selenium.remote.ErrorHandler.createThrowable(ErrorHandler.java:206)
	at org.openqa.selenium.remote.ErrorHandler.throwIfResponseFailed(ErrorHandler.java:158)
	at org.openqa.selenium.remote.RemoteWebDriver.execute(RemoteWebDriver.java:678)
	at org.openqa.selenium.remote.RemoteWebElement.execute(RemoteWebElement.java:327)
	at org.openqa.selenium.remote.RemoteWebElement.click(RemoteWebElement.java:85)
	at com.provenir.automation.framework.helper.TransactionInfoPage.selBorrowerOnTransactionInformation(TransactionInfoPage.java:682)
	at com.provenir.automation.framework.testcases.BOA_Wizard.test14_saveTransactionDetails(BOA_Wizard.java:291)
	at sun.reflect.NativeMethodAccessorImpl.invoke0(Native Method)
	at sun.reflect.NativeMethodAccessorImpl.invoke(Unknown Source)
	at sun.reflect.DelegatingMethodAccessorImpl.invoke(Unknown Source)
	at java.lang.reflect.Method.invoke(Unknown Source)
	at org.testng.internal.MethodInvocationHelper.invokeMethod(MethodInvocationHelper.java:84)
	at org.testng.internal.Invoker.invokeMethod(Invoker.java:714)
	at org.testng.internal.Invoker.invokeTestMethod(Invoker.java:901)
	at org.testng.internal.Invoker.invokeTestMethods(Invoker.java:1231)
	at org.testng.internal.TestMethodWorker.invokeTestMethods(TestMethodWorker.java:127)
	at org.testng.internal.TestMethodWorker.run(TestMethodWorker.java:111)
	at org.testng.TestRunner.privateRun(TestRunner.java:767)
	at org.testng.TestRunner.run(TestRunner.java:617)
	at org.testng.SuiteRunner.runTest(SuiteRunner.java:334)
	at org.testng.SuiteRunner.access$000(SuiteRunner.java:37)
	at org.testng.SuiteRunner$SuiteWorker.run(SuiteRunner.java:368)
	at org.testng.internal.thread.ThreadUtil$2.call(ThreadUtil.java:64)
	at java.util.concurrent.FutureTask.run(Unknown Source)
	at java.util.concurrent.ThreadPoolExecutor.runWorker(Unknown Source)
	at java.util.concurrent.ThreadPoolExecutor$Worker.run(Unknown Source)
	at java.lang.Thread.run(Unknown Source)
</pre></div></td>
<td>29</td>
<td>com.provenir.automation.framework.testcases.BOA_Wizard@2958f444</td></tr>
</table><p>
<table width='100%' border='1' class='invocation-passed'>
<tr><td colspan='4' align='center'><b>PASSED TESTS</b></td></tr>
<tr><td><b>Test method</b></td>
<td width="30%"><b>Exception</b></td>
<td width="10%"><b>Time (seconds)</b></td>
<td><b>Instance</b></td>
</tr>
<tr>
<td title='com.provenir.automation.framework.testcases.BOA_Wizard.test0_landingPage()'><b>test0_landingPage</b><br>Test class: com.provenir.automation.framework.testcases.BOA_Wizard</td>
<td></td>
<td>23</td>
<td>com.provenir.automation.framework.testcases.BOA_Wizard@2958f444</td></tr>
<tr>
<td title='com.provenir.automation.framework.testcases.BOA_Wizard.test10_verifyCollateralInformationPage()'><b>test10_verifyCollateralInformationPage</b><br>Test class: com.provenir.automation.framework.testcases.BOA_Wizard</td>
<td></td>
<td>6</td>
<td>com.provenir.automation.framework.testcases.BOA_Wizard@2958f444</td></tr>
<tr>
<td title='com.provenir.automation.framework.testcases.BOA_Wizard.test11_verifyAddNewBtnOnCollateralInformation()'><b>test11_verifyAddNewBtnOnCollateralInformation</b><br>Test class: com.provenir.automation.framework.testcases.BOA_Wizard</td>
<td></td>
<td>2</td>
<td>com.provenir.automation.framework.testcases.BOA_Wizard@2958f444</td></tr>
<tr>
<td title='com.provenir.automation.framework.testcases.BOA_Wizard.test12_saveCollateralInformation()'><b>test12_saveCollateralInformation</b><br>Test class: com.provenir.automation.framework.testcases.BOA_Wizard</td>
<td></td>
<td>50</td>
<td>com.provenir.automation.framework.testcases.BOA_Wizard@2958f444</td></tr>
<tr>
<td title='com.provenir.automation.framework.testcases.BOA_Wizard.test13_verifyTransactionInformationPage()'><b>test13_verifyTransactionInformationPage</b><br>Test class: com.provenir.automation.framework.testcases.BOA_Wizard</td>
<td></td>
<td>21</td>
<td>com.provenir.automation.framework.testcases.BOA_Wizard@2958f444</td></tr>
<tr>
<td title='com.provenir.automation.framework.testcases.BOA_Wizard.test16_verifyAdditionalInformation()'><b>test16_verifyAdditionalInformation</b><br>Test class: com.provenir.automation.framework.testcases.BOA_Wizard</td>
<td></td>
<td>1</td>
<td>com.provenir.automation.framework.testcases.BOA_Wizard@2958f444</td></tr>
<tr>
<td title='com.provenir.automation.framework.testcases.BOA_Wizard.test18_verifySummaryOfApplicationTitle()'><b>test18_verifySummaryOfApplicationTitle</b><br>Test class: com.provenir.automation.framework.testcases.BOA_Wizard</td>
<td></td>
<td>1</td>
<td>com.provenir.automation.framework.testcases.BOA_Wizard@2958f444</td></tr>
<tr>
<td title='com.provenir.automation.framework.testcases.BOA_Wizard.test19_clickSubmitOnLastStepOfBOAWizard()'><b>test19_clickSubmitOnLastStepOfBOAWizard</b><br>Test class: com.provenir.automation.framework.testcases.BOA_Wizard</td>
<td></td>
<td>58</td>
<td>com.provenir.automation.framework.testcases.BOA_Wizard@2958f444</td></tr>
<tr>
<td title='com.provenir.automation.framework.testcases.BOA_Wizard.test1_gotoBOAWizard()'><b>test1_gotoBOAWizard</b><br>Test class: com.provenir.automation.framework.testcases.BOA_Wizard</td>
<td></td>
<td>1</td>
<td>com.provenir.automation.framework.testcases.BOA_Wizard@2958f444</td></tr>
<tr>
<td title='com.provenir.automation.framework.testcases.BOA_Wizard.test20_verifyReqOnDashboard()'><b>test20_verifyReqOnDashboard</b><br>Test class: com.provenir.automation.framework.testcases.BOA_Wizard</td>
<td></td>
<td>2</td>
<td>com.provenir.automation.framework.testcases.BOA_Wizard@2958f444</td></tr>
<tr>
<td title='com.provenir.automation.framework.testcases.BOA_Wizard.test2_verifyManadatoryFieldsOnRequestSummary()'><b>test2_verifyManadatoryFieldsOnRequestSummary</b><br>Test class: com.provenir.automation.framework.testcases.BOA_Wizard</td>
<td></td>
<td>0</td>
<td>com.provenir.automation.framework.testcases.BOA_Wizard@2958f444</td></tr>
<tr>
<td title='com.provenir.automation.framework.testcases.BOA_Wizard.test3_saveRequestSummaryInformation()'><b>test3_saveRequestSummaryInformation</b><br>Test class: com.provenir.automation.framework.testcases.BOA_Wizard</td>
<td></td>
<td>14</td>
<td>com.provenir.automation.framework.testcases.BOA_Wizard@2958f444</td></tr>
<tr>
<td title='com.provenir.automation.framework.testcases.BOA_Wizard.test4_step_verifyAddBtnOnCustInfoPage()'><b>test4_step_verifyAddBtnOnCustInfoPage</b><br>Test class: com.provenir.automation.framework.testcases.BOA_Wizard</td>
<td></td>
<td>1</td>
<td>com.provenir.automation.framework.testcases.BOA_Wizard@2958f444</td></tr>
<tr>
<td title='com.provenir.automation.framework.testcases.BOA_Wizard.test5_verifyManadatoryFieldsForBusinessTypCustomer()'><b>test5_verifyManadatoryFieldsForBusinessTypCustomer</b><br>Test class: com.provenir.automation.framework.testcases.BOA_Wizard</td>
<td></td>
<td>0</td>
<td>com.provenir.automation.framework.testcases.BOA_Wizard@2958f444</td></tr>
<tr>
<td title='com.provenir.automation.framework.testcases.BOA_Wizard.test6_saveBusinessCustDetails()'><b>test6_saveBusinessCustDetails</b><br>Test class: com.provenir.automation.framework.testcases.BOA_Wizard</td>
<td></td>
<td>61</td>
<td>com.provenir.automation.framework.testcases.BOA_Wizard@2958f444</td></tr>
<tr>
<td title='com.provenir.automation.framework.testcases.BOA_Wizard.test8_verifyManadatoryFieldsForIndividualCustomer()'><b>test8_verifyManadatoryFieldsForIndividualCustomer</b><br>Test class: com.provenir.automation.framework.testcases.BOA_Wizard</td>
<td></td>
<td>18</td>
<td>com.provenir.automation.framework.testcases.BOA_Wizard@2958f444</td></tr>
<tr>
<td title='com.provenir.automation.framework.testcases.BOA_Wizard.test9_saveIndividualCustDetails()'><b>test9_saveIndividualCustDetails</b><br>Test class: com.provenir.automation.framework.testcases.BOA_Wizard</td>
<td></td>
<td>70</td>
<td>com.provenir.automation.framework.testcases.BOA_Wizard@2958f444</td></tr>
</table><p>
</body>
</html>