<?xml version="1.0" encoding="UTF-8"?>
<!-- Generated by org.testng.reporters.JUnitXMLReporter -->
<testsuite hostname="parasharb-w7" name="Firefox Test5" tests="34" failures="9" timestamp="12 Jul 2016 13:44:41 GMT" time="606.508" errors="0">
  <testcase name="test0_landingPage" time="22.964" classname="com.provenir.automation.framework.testcases.StatusUpdate"/>
  <testcase name="test1_gotoBOAWizard" time="1.042" classname="com.provenir.automation.framework.testcases.StatusUpdate"/>
  <testcase name="test2_verifyManadatoryFieldsOnRequestSummary" time="0.302" classname="com.provenir.automation.framework.testcases.StatusUpdate"/>
  <testcase name="test3_saveRequestSummaryInformation" time="14.924" classname="com.provenir.automation.framework.testcases.StatusUpdate"/>
  <testcase name="test4_step_verifyAddBtnOnCustInfoPage" time="1.778" classname="com.provenir.automation.framework.testcases.StatusUpdate"/>
  <testcase name="test5_verifyManadatoryFieldsForBusinessTypCustomer" time="0.934" classname="com.provenir.automation.framework.testcases.StatusUpdate"/>
  <testcase name="test6_saveBusinessCustDetails" time="61.66" classname="com.provenir.automation.framework.testcases.StatusUpdate"/>
  <testcase name="test8_verifyManadatoryFieldsForIndividualCustomer" time="18.254" classname="com.provenir.automation.framework.testcases.StatusUpdate"/>
  <testcase name="test9_saveIndividualCustDetails" time="71.141" classname="com.provenir.automation.framework.testcases.StatusUpdate"/>
  <testcase name="test10_verifyCollateralInformationPage" time="6.516" classname="com.provenir.automation.framework.testcases.StatusUpdate"/>
  <testcase name="test11_verifyAddNewBtnOnCollateralInformation" time="2.155" classname="com.provenir.automation.framework.testcases.StatusUpdate"/>
  <testcase name="test12_saveCollateralInformation" time="49.985" classname="com.provenir.automation.framework.testcases.StatusUpdate"/>
  <testcase name="test13_verifyTransactionInformationPage" time="20.377" classname="com.provenir.automation.framework.testcases.StatusUpdate"/>
  <testcase name="test14_saveTransactionDetails" time="32.301" classname="com.provenir.automation.framework.testcases.StatusUpdate">
    <failure type="org.openqa.selenium.WebDriverException" message="Element is not clickable at point (1001.38330078125, 706.2000122070312). Other element would receive the click: &amp;lt;div class=&amp;quot;blockUI blockOverlay&amp;quot; style=&amp;quot;z-index: 1000; border: medium none; margin: 0px; padding: 0px; width: 100%; height: 100%; top: 0px; left: 0px; background-color: rgb(0, 0, 0); opacity: 0; cursor: default; position: fixed;&amp;quot;&amp;gt;&amp;lt;/div&amp;gt;
Command duration or timeout: 77 milliseconds
Build info: version: &amp;apos;2.52.0&amp;apos;, revision: &amp;apos;4c2593c&amp;apos;, time: &amp;apos;2016-02-11 19:03:33&amp;apos;
System info: host: &amp;apos;parasharb-w7&amp;apos;, ip: &amp;apos;172.27.103.103&amp;apos;, os.name: &amp;apos;Windows 7&amp;apos;, os.arch: &amp;apos;amd64&amp;apos;, os.version: &amp;apos;6.1&amp;apos;, java.version: &amp;apos;1.7.0_75&amp;apos;
Session ID: 12205677-43c9-4914-9607-53fefeabf286
Driver info: org.openqa.selenium.firefox.FirefoxDriver
Capabilities [{platform=WINDOWS, acceptSslCerts=true, javascriptEnabled=true, cssSelectorsEnabled=true, databaseEnabled=true, browserName=firefox, handlesAlerts=true, nativeEvents=false, webStorageEnabled=true, rotatable=false, locationContextEnabled=true, applicationCacheEnabled=true, takesScreenshot=true, version=41.0.2}]">
      <![CDATA[org.openqa.selenium.WebDriverException: Element is not clickable at point (1001.38330078125, 706.2000122070312). Other element would receive the click: <div class="blockUI blockOverlay" style="z-index: 1000; border: medium none; margin: 0px; padding: 0px; width: 100%; height: 100%; top: 0px; left: 0px; background-color: rgb(0, 0, 0); opacity: 0; cursor: default; position: fixed;"></div>
Command duration or timeout: 77 milliseconds
Build info: version: '2.52.0', revision: '4c2593c', time: '2016-02-11 19:03:33'
System info: host: 'parasharb-w7', ip: '172.27.103.103', os.name: 'Windows 7', os.arch: 'amd64', os.version: '6.1', java.version: '1.7.0_75'
Session ID: 12205677-43c9-4914-9607-53fefeabf286
Driver info: org.openqa.selenium.firefox.FirefoxDriver
Capabilities [{platform=WINDOWS, acceptSslCerts=true, javascriptEnabled=true, cssSelectorsEnabled=true, databaseEnabled=true, browserName=firefox, handlesAlerts=true, nativeEvents=false, webStorageEnabled=true, rotatable=false, locationContextEnabled=true, applicationCacheEnabled=true, takesScreenshot=true, version=41.0.2}]
	at org.openqa.selenium.remote.ErrorHandler.createThrowable(ErrorHandler.java:206)
	at org.openqa.selenium.remote.ErrorHandler.throwIfResponseFailed(ErrorHandler.java:158)
	at org.openqa.selenium.remote.RemoteWebDriver.execute(RemoteWebDriver.java:678)
	at org.openqa.selenium.remote.RemoteWebElement.execute(RemoteWebElement.java:327)
	at org.openqa.selenium.remote.RemoteWebElement.click(RemoteWebElement.java:85)
	at com.provenir.automation.framework.helper.TransactionInfoPage.selRelationshipTyp(TransactionInfoPage.java:694)
	at com.provenir.automation.framework.testcases.StatusUpdate.test14_saveTransactionDetails(StatusUpdate.java:295)
	at java.util.concurrent.FutureTask.run(Unknown Source)
	at java.util.concurrent.ThreadPoolExecutor.runWorker(Unknown Source)
	at java.util.concurrent.ThreadPoolExecutor$Worker.run(Unknown Source)
	at java.lang.Thread.run(Unknown Source)
... Removed 20 stack frames]]>
    </failure>
  </testcase> <!-- test14_saveTransactionDetails -->
  <testcase name="test16_verifyAdditionalInformation" time="1.468" classname="com.provenir.automation.framework.testcases.StatusUpdate"/>
  <testcase name="test17_verifySummaryOfApplicationTitle" time="1.645" classname="com.provenir.automation.framework.testcases.StatusUpdate"/>
  <testcase name="test18_clickSubmitOnLastStepOfBOAWizard" time="50.77" classname="com.provenir.automation.framework.testcases.StatusUpdate"/>
  <testcase name="test19_verifyReqOnDashboard" time="1.817" classname="com.provenir.automation.framework.testcases.StatusUpdate"/>
  <testcase name="test20_verifyCredit360Page" time="12.154" classname="com.provenir.automation.framework.testcases.StatusUpdate"/>
  <testcase name="test21_verifyCreditStatusAsSubmitted" time="2.06" classname="com.provenir.automation.framework.testcases.StatusUpdate"/>
  <testcase name="test22_completePreAnalysis" time="43.589" classname="com.provenir.automation.framework.testcases.StatusUpdate"/>
  <testcase name="test23_refreshPage" time="18.083" classname="com.provenir.automation.framework.testcases.StatusUpdate"/>
  <testcase name="test24_verifyCreditStatusAsCreditDecisioning" time="8.661" classname="com.provenir.automation.framework.testcases.StatusUpdate">
    <failure type="org.openqa.selenium.NoSuchElementException" message="Unable to locate element: {&amp;quot;method&amp;quot;:&amp;quot;xpath&amp;quot;,&amp;quot;selector&amp;quot;:&amp;quot;.//*[@id=&amp;apos;UPSERTCUSTCREDREQFORM&amp;apos;]/div/div[6]/div[2]/div[1]/div[contains(.,&amp;apos;Credit Decisioning&amp;apos;)]&amp;quot;}
Command duration or timeout: 5.16 seconds
For documentation on this error, please visit: http://seleniumhq.org/exceptions/no_such_element.html
Build info: version: &amp;apos;2.52.0&amp;apos;, revision: &amp;apos;4c2593c&amp;apos;, time: &amp;apos;2016-02-11 19:03:33&amp;apos;
System info: host: &amp;apos;parasharb-w7&amp;apos;, ip: &amp;apos;172.27.103.103&amp;apos;, os.name: &amp;apos;Windows 7&amp;apos;, os.arch: &amp;apos;amd64&amp;apos;, os.version: &amp;apos;6.1&amp;apos;, java.version: &amp;apos;1.7.0_75&amp;apos;
*** Element info: {Using=xpath, value=.//*[@id=&amp;apos;UPSERTCUSTCREDREQFORM&amp;apos;]/div/div[6]/div[2]/div[1]/div[contains(.,&amp;apos;Credit Decisioning&amp;apos;)]}
Session ID: 12205677-43c9-4914-9607-53fefeabf286
Driver info: org.openqa.selenium.firefox.FirefoxDriver
Capabilities [{platform=WINDOWS, acceptSslCerts=true, javascriptEnabled=true, cssSelectorsEnabled=true, databaseEnabled=true, browserName=firefox, handlesAlerts=true, nativeEvents=false, webStorageEnabled=true, rotatable=false, locationContextEnabled=true, applicationCacheEnabled=true, takesScreenshot=true, version=41.0.2}]">
      <![CDATA[org.openqa.selenium.NoSuchElementException: Unable to locate element: {"method":"xpath","selector":".//*[@id='UPSERTCUSTCREDREQFORM']/div/div[6]/div[2]/div[1]/div[contains(.,'Credit Decisioning')]"}
Command duration or timeout: 5.16 seconds
For documentation on this error, please visit: http://seleniumhq.org/exceptions/no_such_element.html
Build info: version: '2.52.0', revision: '4c2593c', time: '2016-02-11 19:03:33'
System info: host: 'parasharb-w7', ip: '172.27.103.103', os.name: 'Windows 7', os.arch: 'amd64', os.version: '6.1', java.version: '1.7.0_75'
*** Element info: {Using=xpath, value=.//*[@id='UPSERTCUSTCREDREQFORM']/div/div[6]/div[2]/div[1]/div[contains(.,'Credit Decisioning')]}
Session ID: 12205677-43c9-4914-9607-53fefeabf286
Driver info: org.openqa.selenium.firefox.FirefoxDriver
Capabilities [{platform=WINDOWS, acceptSslCerts=true, javascriptEnabled=true, cssSelectorsEnabled=true, databaseEnabled=true, browserName=firefox, handlesAlerts=true, nativeEvents=false, webStorageEnabled=true, rotatable=false, locationContextEnabled=true, applicationCacheEnabled=true, takesScreenshot=true, version=41.0.2}]
	at org.openqa.selenium.remote.ErrorHandler.createThrowable(ErrorHandler.java:206)
	at org.openqa.selenium.remote.ErrorHandler.throwIfResponseFailed(ErrorHandler.java:158)
	at org.openqa.selenium.remote.RemoteWebDriver.execute(RemoteWebDriver.java:678)
	at org.openqa.selenium.remote.RemoteWebDriver.findElement(RemoteWebDriver.java:363)
	at org.openqa.selenium.remote.RemoteWebDriver.findElementByXPath(RemoteWebDriver.java:500)
	at org.openqa.selenium.By$ByXPath.findElement(By.java:361)
	at org.openqa.selenium.remote.RemoteWebDriver.findElement(RemoteWebDriver.java:355)
	at com.provenir.automation.framework.helper.Credit360Helper.verifyReqStatus(Credit360Helper.java:781)
	at com.provenir.automation.framework.testcases.StatusUpdate.test24_verifyCreditStatusAsCreditDecisioning(StatusUpdate.java:377)
	at java.util.concurrent.FutureTask.run(Unknown Source)
	at java.util.concurrent.ThreadPoolExecutor.runWorker(Unknown Source)
	at java.util.concurrent.ThreadPoolExecutor$Worker.run(Unknown Source)
	at java.lang.Thread.run(Unknown Source)
Caused by: org.openqa.selenium.NoSuchElementException: Unable to locate element: {"method":"xpath","selector":".//*[@id='UPSERTCUSTCREDREQFORM']/div/div[6]/div[2]/div[1]/div[contains(.,'Credit Decisioning')]"}
For documentation on this error, please visit: http://seleniumhq.org/exceptions/no_such_element.html
Build info: version: '2.52.0', revision: '4c2593c', time: '2016-02-11 19:03:33'
System info: host: 'parasharb-w7', ip: '172.27.103.103', os.name: 'Windows 7', os.arch: 'amd64', os.version: '6.1', java.version: '1.7.0_75'
Driver info: driver.version: unknown
	at <anonymous class>.FirefoxDriver.prototype.findElementInternal_(file:///C:/Users/PARASH~1/AppData/Local/Temp/anonymous8154662038813502347webdriver-profile/extensions/fxdriver@googlecode.com/components/driver-component.js:10723)
	at <anonymous class>.fxdriver.Timer.prototype.setTimeout/<.notify(file:///C:/Users/PARASH~1/AppData/Local/Temp/anonymous8154662038813502347webdriver-profile/extensions/fxdriver@googlecode.com/components/driver-component.js:623)
... Removed 19 stack frames]]>
    </failure>
  </testcase> <!-- test24_verifyCreditStatusAsCreditDecisioning -->
  <testcase name="test25_completeDecision" time="43.298" classname="com.provenir.automation.framework.testcases.StatusUpdate"/>
  <testcase name="test26_refreshPage" time="18.364" classname="com.provenir.automation.framework.testcases.StatusUpdate"/>
  <testcase name="test27_verifyCreditStatus" time="7.935" classname="com.provenir.automation.framework.testcases.StatusUpdate">
    <failure type="org.openqa.selenium.NoSuchElementException" message="Unable to locate element: {&amp;quot;method&amp;quot;:&amp;quot;xpath&amp;quot;,&amp;quot;selector&amp;quot;:&amp;quot;.//*[@id=&amp;apos;UPSERTCUSTCREDREQFORM&amp;apos;]/div/div[6]/div[2]/div[1]/div[contains(.,&amp;apos;Credit Decisioning&amp;apos;)]&amp;quot;}
Command duration or timeout: 5.12 seconds
For documentation on this error, please visit: http://seleniumhq.org/exceptions/no_such_element.html
Build info: version: &amp;apos;2.52.0&amp;apos;, revision: &amp;apos;4c2593c&amp;apos;, time: &amp;apos;2016-02-11 19:03:33&amp;apos;
System info: host: &amp;apos;parasharb-w7&amp;apos;, ip: &amp;apos;172.27.103.103&amp;apos;, os.name: &amp;apos;Windows 7&amp;apos;, os.arch: &amp;apos;amd64&amp;apos;, os.version: &amp;apos;6.1&amp;apos;, java.version: &amp;apos;1.7.0_75&amp;apos;
*** Element info: {Using=xpath, value=.//*[@id=&amp;apos;UPSERTCUSTCREDREQFORM&amp;apos;]/div/div[6]/div[2]/div[1]/div[contains(.,&amp;apos;Credit Decisioning&amp;apos;)]}
Session ID: 12205677-43c9-4914-9607-53fefeabf286
Driver info: org.openqa.selenium.firefox.FirefoxDriver
Capabilities [{platform=WINDOWS, acceptSslCerts=true, javascriptEnabled=true, cssSelectorsEnabled=true, databaseEnabled=true, browserName=firefox, handlesAlerts=true, nativeEvents=false, webStorageEnabled=true, rotatable=false, locationContextEnabled=true, applicationCacheEnabled=true, takesScreenshot=true, version=41.0.2}]">
      <![CDATA[org.openqa.selenium.NoSuchElementException: Unable to locate element: {"method":"xpath","selector":".//*[@id='UPSERTCUSTCREDREQFORM']/div/div[6]/div[2]/div[1]/div[contains(.,'Credit Decisioning')]"}
Command duration or timeout: 5.12 seconds
For documentation on this error, please visit: http://seleniumhq.org/exceptions/no_such_element.html
Build info: version: '2.52.0', revision: '4c2593c', time: '2016-02-11 19:03:33'
System info: host: 'parasharb-w7', ip: '172.27.103.103', os.name: 'Windows 7', os.arch: 'amd64', os.version: '6.1', java.version: '1.7.0_75'
*** Element info: {Using=xpath, value=.//*[@id='UPSERTCUSTCREDREQFORM']/div/div[6]/div[2]/div[1]/div[contains(.,'Credit Decisioning')]}
Session ID: 12205677-43c9-4914-9607-53fefeabf286
Driver info: org.openqa.selenium.firefox.FirefoxDriver
Capabilities [{platform=WINDOWS, acceptSslCerts=true, javascriptEnabled=true, cssSelectorsEnabled=true, databaseEnabled=true, browserName=firefox, handlesAlerts=true, nativeEvents=false, webStorageEnabled=true, rotatable=false, locationContextEnabled=true, applicationCacheEnabled=true, takesScreenshot=true, version=41.0.2}]
	at org.openqa.selenium.remote.ErrorHandler.createThrowable(ErrorHandler.java:206)
	at org.openqa.selenium.remote.ErrorHandler.throwIfResponseFailed(ErrorHandler.java:158)
	at org.openqa.selenium.remote.RemoteWebDriver.execute(RemoteWebDriver.java:678)
	at org.openqa.selenium.remote.RemoteWebDriver.findElement(RemoteWebDriver.java:363)
	at org.openqa.selenium.remote.RemoteWebDriver.findElementByXPath(RemoteWebDriver.java:500)
	at org.openqa.selenium.By$ByXPath.findElement(By.java:361)
	at org.openqa.selenium.remote.RemoteWebDriver.findElement(RemoteWebDriver.java:355)
	at com.provenir.automation.framework.helper.Credit360Helper.verifyReqStatus(Credit360Helper.java:781)
	at com.provenir.automation.framework.testcases.StatusUpdate.test27_verifyCreditStatus(StatusUpdate.java:417)
	at java.util.concurrent.FutureTask.run(Unknown Source)
	at java.util.concurrent.ThreadPoolExecutor.runWorker(Unknown Source)
	at java.util.concurrent.ThreadPoolExecutor$Worker.run(Unknown Source)
	at java.lang.Thread.run(Unknown Source)
Caused by: org.openqa.selenium.NoSuchElementException: Unable to locate element: {"method":"xpath","selector":".//*[@id='UPSERTCUSTCREDREQFORM']/div/div[6]/div[2]/div[1]/div[contains(.,'Credit Decisioning')]"}
For documentation on this error, please visit: http://seleniumhq.org/exceptions/no_such_element.html
Build info: version: '2.52.0', revision: '4c2593c', time: '2016-02-11 19:03:33'
System info: host: 'parasharb-w7', ip: '172.27.103.103', os.name: 'Windows 7', os.arch: 'amd64', os.version: '6.1', java.version: '1.7.0_75'
Driver info: driver.version: unknown
	at <anonymous class>.FirefoxDriver.prototype.findElementInternal_(file:///C:/Users/PARASH~1/AppData/Local/Temp/anonymous8154662038813502347webdriver-profile/extensions/fxdriver@googlecode.com/components/driver-component.js:10723)
	at <anonymous class>.fxdriver.Timer.prototype.setTimeout/<.notify(file:///C:/Users/PARASH~1/AppData/Local/Temp/anonymous8154662038813502347webdriver-profile/extensions/fxdriver@googlecode.com/components/driver-component.js:623)
... Removed 19 stack frames]]>
    </failure>
  </testcase> <!-- test27_verifyCreditStatus -->
  <testcase name="test28_completeCustomerAcceptance" time="7.415" classname="com.provenir.automation.framework.testcases.StatusUpdate">
    <failure type="org.openqa.selenium.WebDriverException" message="argumen5ts is not defined
Command duration or timeout: 11 milliseconds
Build info: version: &amp;apos;2.52.0&amp;apos;, revision: &amp;apos;4c2593c&amp;apos;, time: &amp;apos;2016-02-11 19:03:33&amp;apos;
System info: host: &amp;apos;parasharb-w7&amp;apos;, ip: &amp;apos;172.27.103.103&amp;apos;, os.name: &amp;apos;Windows 7&amp;apos;, os.arch: &amp;apos;amd64&amp;apos;, os.version: &amp;apos;6.1&amp;apos;, java.version: &amp;apos;1.7.0_75&amp;apos;
Session ID: 12205677-43c9-4914-9607-53fefeabf286
Driver info: org.openqa.selenium.firefox.FirefoxDriver
Capabilities [{platform=WINDOWS, acceptSslCerts=true, javascriptEnabled=true, cssSelectorsEnabled=true, databaseEnabled=true, browserName=firefox, handlesAlerts=true, nativeEvents=false, webStorageEnabled=true, rotatable=false, locationContextEnabled=true, applicationCacheEnabled=true, takesScreenshot=true, version=41.0.2}]">
      <![CDATA[org.openqa.selenium.WebDriverException: argumen5ts is not defined
Command duration or timeout: 11 milliseconds
Build info: version: '2.52.0', revision: '4c2593c', time: '2016-02-11 19:03:33'
System info: host: 'parasharb-w7', ip: '172.27.103.103', os.name: 'Windows 7', os.arch: 'amd64', os.version: '6.1', java.version: '1.7.0_75'
Session ID: 12205677-43c9-4914-9607-53fefeabf286
Driver info: org.openqa.selenium.firefox.FirefoxDriver
Capabilities [{platform=WINDOWS, acceptSslCerts=true, javascriptEnabled=true, cssSelectorsEnabled=true, databaseEnabled=true, browserName=firefox, handlesAlerts=true, nativeEvents=false, webStorageEnabled=true, rotatable=false, locationContextEnabled=true, applicationCacheEnabled=true, takesScreenshot=true, version=41.0.2}]
	at org.openqa.selenium.remote.ErrorHandler.createThrowable(ErrorHandler.java:206)
	at org.openqa.selenium.remote.ErrorHandler.throwIfResponseFailed(ErrorHandler.java:158)
	at org.openqa.selenium.remote.RemoteWebDriver.execute(RemoteWebDriver.java:678)
	at org.openqa.selenium.remote.RemoteWebDriver.executeScript(RemoteWebDriver.java:577)
	at com.provenir.automation.framework.helper.Credit360Helper.reassignTaskOfCustomerAcceptance(Credit360Helper.java:334)
	at com.provenir.automation.framework.testcases.StatusUpdate.test28_completeCustomerAcceptance(StatusUpdate.java:428)
	at java.util.concurrent.FutureTask.run(Unknown Source)
	at java.util.concurrent.ThreadPoolExecutor.runWorker(Unknown Source)
	at java.util.concurrent.ThreadPoolExecutor$Worker.run(Unknown Source)
	at java.lang.Thread.run(Unknown Source)
Caused by: org.openqa.selenium.WebDriverException: argumen5ts is not defined
Build info: version: '2.52.0', revision: '4c2593c', time: '2016-02-11 19:03:33'
System info: host: 'parasharb-w7', ip: '172.27.103.103', os.name: 'Windows 7', os.arch: 'amd64', os.version: '6.1', java.version: '1.7.0_75'
Driver info: driver.version: unknown
	at <anonymous class>.anonymous(http://was01.provapps.com:9080/ProvAppCLWeb/default.jsp line 69 > Function:1)
	at <anonymous class>.handleEvaluateEvent(http://was01.provapps.com:9080/ProvAppCLWeb/default.jsp:69)
... Removed 20 stack frames]]>
    </failure>
  </testcase> <!-- test28_completeCustomerAcceptance -->
  <testcase name="test29_completeChildTaskOfCustomerAcceptance" time="0.348" classname="com.provenir.automation.framework.testcases.StatusUpdate">
    <failure type="org.openqa.selenium.WebDriverException" message="argumen5ts is not defined
Command duration or timeout: 12 milliseconds
Build info: version: &amp;apos;2.52.0&amp;apos;, revision: &amp;apos;4c2593c&amp;apos;, time: &amp;apos;2016-02-11 19:03:33&amp;apos;
System info: host: &amp;apos;parasharb-w7&amp;apos;, ip: &amp;apos;172.27.103.103&amp;apos;, os.name: &amp;apos;Windows 7&amp;apos;, os.arch: &amp;apos;amd64&amp;apos;, os.version: &amp;apos;6.1&amp;apos;, java.version: &amp;apos;1.7.0_75&amp;apos;
Session ID: 12205677-43c9-4914-9607-53fefeabf286
Driver info: org.openqa.selenium.firefox.FirefoxDriver
Capabilities [{platform=WINDOWS, acceptSslCerts=true, javascriptEnabled=true, cssSelectorsEnabled=true, databaseEnabled=true, browserName=firefox, handlesAlerts=true, nativeEvents=false, webStorageEnabled=true, rotatable=false, locationContextEnabled=true, applicationCacheEnabled=true, takesScreenshot=true, version=41.0.2}]">
      <![CDATA[org.openqa.selenium.WebDriverException: argumen5ts is not defined
Command duration or timeout: 12 milliseconds
Build info: version: '2.52.0', revision: '4c2593c', time: '2016-02-11 19:03:33'
System info: host: 'parasharb-w7', ip: '172.27.103.103', os.name: 'Windows 7', os.arch: 'amd64', os.version: '6.1', java.version: '1.7.0_75'
Session ID: 12205677-43c9-4914-9607-53fefeabf286
Driver info: org.openqa.selenium.firefox.FirefoxDriver
Capabilities [{platform=WINDOWS, acceptSslCerts=true, javascriptEnabled=true, cssSelectorsEnabled=true, databaseEnabled=true, browserName=firefox, handlesAlerts=true, nativeEvents=false, webStorageEnabled=true, rotatable=false, locationContextEnabled=true, applicationCacheEnabled=true, takesScreenshot=true, version=41.0.2}]
	at org.openqa.selenium.remote.ErrorHandler.createThrowable(ErrorHandler.java:206)
	at org.openqa.selenium.remote.ErrorHandler.throwIfResponseFailed(ErrorHandler.java:158)
	at org.openqa.selenium.remote.RemoteWebDriver.execute(RemoteWebDriver.java:678)
	at org.openqa.selenium.remote.RemoteWebDriver.executeScript(RemoteWebDriver.java:577)
	at com.provenir.automation.framework.helper.Credit360Helper.reassignTaskOfCompleteApplication(Credit360Helper.java:393)
	at com.provenir.automation.framework.testcases.StatusUpdate.test29_completeChildTaskOfCustomerAcceptance(StatusUpdate.java:445)
	at java.util.concurrent.FutureTask.run(Unknown Source)
	at java.util.concurrent.ThreadPoolExecutor.runWorker(Unknown Source)
	at java.util.concurrent.ThreadPoolExecutor$Worker.run(Unknown Source)
	at java.lang.Thread.run(Unknown Source)
Caused by: org.openqa.selenium.WebDriverException: argumen5ts is not defined
Build info: version: '2.52.0', revision: '4c2593c', time: '2016-02-11 19:03:33'
System info: host: 'parasharb-w7', ip: '172.27.103.103', os.name: 'Windows 7', os.arch: 'amd64', os.version: '6.1', java.version: '1.7.0_75'
Driver info: driver.version: unknown
	at <anonymous class>.anonymous(http://was01.provapps.com:9080/ProvAppCLWeb/default.jsp line 69 > Function:1)
	at <anonymous class>.handleEvaluateEvent(http://was01.provapps.com:9080/ProvAppCLWeb/default.jsp:69)
... Removed 20 stack frames]]>
    </failure>
  </testcase> <!-- test29_completeChildTaskOfCustomerAcceptance -->
  <testcase name="test30_refreshPage" time="18.408" classname="com.provenir.automation.framework.testcases.StatusUpdate"/>
  <testcase name="test31_verifyStatusAsDueDiligence" time="7.346" classname="com.provenir.automation.framework.testcases.StatusUpdate">
    <failure type="org.openqa.selenium.NoSuchElementException" message="Unable to locate element: {&amp;quot;method&amp;quot;:&amp;quot;xpath&amp;quot;,&amp;quot;selector&amp;quot;:&amp;quot;.//*[@id=&amp;apos;UPSERTCUSTCREDREQFORM&amp;apos;]/div/div[6]/div[2]/div[1]/div[contains(.,&amp;apos;Due Diligence&amp;apos;)]&amp;quot;}
Command duration or timeout: 5.08 seconds
For documentation on this error, please visit: http://seleniumhq.org/exceptions/no_such_element.html
Build info: version: &amp;apos;2.52.0&amp;apos;, revision: &amp;apos;4c2593c&amp;apos;, time: &amp;apos;2016-02-11 19:03:33&amp;apos;
System info: host: &amp;apos;parasharb-w7&amp;apos;, ip: &amp;apos;172.27.103.103&amp;apos;, os.name: &amp;apos;Windows 7&amp;apos;, os.arch: &amp;apos;amd64&amp;apos;, os.version: &amp;apos;6.1&amp;apos;, java.version: &amp;apos;1.7.0_75&amp;apos;
*** Element info: {Using=xpath, value=.//*[@id=&amp;apos;UPSERTCUSTCREDREQFORM&amp;apos;]/div/div[6]/div[2]/div[1]/div[contains(.,&amp;apos;Due Diligence&amp;apos;)]}
Session ID: 12205677-43c9-4914-9607-53fefeabf286
Driver info: org.openqa.selenium.firefox.FirefoxDriver
Capabilities [{platform=WINDOWS, acceptSslCerts=true, javascriptEnabled=true, cssSelectorsEnabled=true, databaseEnabled=true, browserName=firefox, handlesAlerts=true, nativeEvents=false, webStorageEnabled=true, rotatable=false, locationContextEnabled=true, applicationCacheEnabled=true, takesScreenshot=true, version=41.0.2}]">
      <![CDATA[org.openqa.selenium.NoSuchElementException: Unable to locate element: {"method":"xpath","selector":".//*[@id='UPSERTCUSTCREDREQFORM']/div/div[6]/div[2]/div[1]/div[contains(.,'Due Diligence')]"}
Command duration or timeout: 5.08 seconds
For documentation on this error, please visit: http://seleniumhq.org/exceptions/no_such_element.html
Build info: version: '2.52.0', revision: '4c2593c', time: '2016-02-11 19:03:33'
System info: host: 'parasharb-w7', ip: '172.27.103.103', os.name: 'Windows 7', os.arch: 'amd64', os.version: '6.1', java.version: '1.7.0_75'
*** Element info: {Using=xpath, value=.//*[@id='UPSERTCUSTCREDREQFORM']/div/div[6]/div[2]/div[1]/div[contains(.,'Due Diligence')]}
Session ID: 12205677-43c9-4914-9607-53fefeabf286
Driver info: org.openqa.selenium.firefox.FirefoxDriver
Capabilities [{platform=WINDOWS, acceptSslCerts=true, javascriptEnabled=true, cssSelectorsEnabled=true, databaseEnabled=true, browserName=firefox, handlesAlerts=true, nativeEvents=false, webStorageEnabled=true, rotatable=false, locationContextEnabled=true, applicationCacheEnabled=true, takesScreenshot=true, version=41.0.2}]
	at org.openqa.selenium.remote.ErrorHandler.createThrowable(ErrorHandler.java:206)
	at org.openqa.selenium.remote.ErrorHandler.throwIfResponseFailed(ErrorHandler.java:158)
	at org.openqa.selenium.remote.RemoteWebDriver.execute(RemoteWebDriver.java:678)
	at org.openqa.selenium.remote.RemoteWebDriver.findElement(RemoteWebDriver.java:363)
	at org.openqa.selenium.remote.RemoteWebDriver.findElementByXPath(RemoteWebDriver.java:500)
	at org.openqa.selenium.By$ByXPath.findElement(By.java:361)
	at org.openqa.selenium.remote.RemoteWebDriver.findElement(RemoteWebDriver.java:355)
	at com.provenir.automation.framework.helper.Credit360Helper.verifyDueDiligence(Credit360Helper.java:759)
	at com.provenir.automation.framework.testcases.StatusUpdate.test31_verifyStatusAsDueDiligence(StatusUpdate.java:469)
	at java.util.concurrent.FutureTask.run(Unknown Source)
	at java.util.concurrent.ThreadPoolExecutor.runWorker(Unknown Source)
	at java.util.concurrent.ThreadPoolExecutor$Worker.run(Unknown Source)
	at java.lang.Thread.run(Unknown Source)
Caused by: org.openqa.selenium.NoSuchElementException: Unable to locate element: {"method":"xpath","selector":".//*[@id='UPSERTCUSTCREDREQFORM']/div/div[6]/div[2]/div[1]/div[contains(.,'Due Diligence')]"}
For documentation on this error, please visit: http://seleniumhq.org/exceptions/no_such_element.html
Build info: version: '2.52.0', revision: '4c2593c', time: '2016-02-11 19:03:33'
System info: host: 'parasharb-w7', ip: '172.27.103.103', os.name: 'Windows 7', os.arch: 'amd64', os.version: '6.1', java.version: '1.7.0_75'
Driver info: driver.version: unknown
	at <anonymous class>.FirefoxDriver.prototype.findElementInternal_(file:///C:/Users/PARASH~1/AppData/Local/Temp/anonymous8154662038813502347webdriver-profile/extensions/fxdriver@googlecode.com/components/driver-component.js:10723)
	at <anonymous class>.fxdriver.Timer.prototype.setTimeout/<.notify(file:///C:/Users/PARASH~1/AppData/Local/Temp/anonymous8154662038813502347webdriver-profile/extensions/fxdriver@googlecode.com/components/driver-component.js:623)
... Removed 19 stack frames]]>
    </failure>
  </testcase> <!-- test31_verifyStatusAsDueDiligence -->
  <testcase name="test32_completeDueDiligence" time="9.167" classname="com.provenir.automation.framework.testcases.StatusUpdate">
    <failure type="org.openqa.selenium.WebDriverException" message="argumen5ts is not defined
Command duration or timeout: 15 milliseconds
Build info: version: &amp;apos;2.52.0&amp;apos;, revision: &amp;apos;4c2593c&amp;apos;, time: &amp;apos;2016-02-11 19:03:33&amp;apos;
System info: host: &amp;apos;parasharb-w7&amp;apos;, ip: &amp;apos;172.27.103.103&amp;apos;, os.name: &amp;apos;Windows 7&amp;apos;, os.arch: &amp;apos;amd64&amp;apos;, os.version: &amp;apos;6.1&amp;apos;, java.version: &amp;apos;1.7.0_75&amp;apos;
Session ID: 12205677-43c9-4914-9607-53fefeabf286
Driver info: org.openqa.selenium.firefox.FirefoxDriver
Capabilities [{platform=WINDOWS, acceptSslCerts=true, javascriptEnabled=true, cssSelectorsEnabled=true, databaseEnabled=true, browserName=firefox, handlesAlerts=true, nativeEvents=false, webStorageEnabled=true, rotatable=false, locationContextEnabled=true, applicationCacheEnabled=true, takesScreenshot=true, version=41.0.2}]">
      <![CDATA[org.openqa.selenium.WebDriverException: argumen5ts is not defined
Command duration or timeout: 15 milliseconds
Build info: version: '2.52.0', revision: '4c2593c', time: '2016-02-11 19:03:33'
System info: host: 'parasharb-w7', ip: '172.27.103.103', os.name: 'Windows 7', os.arch: 'amd64', os.version: '6.1', java.version: '1.7.0_75'
Session ID: 12205677-43c9-4914-9607-53fefeabf286
Driver info: org.openqa.selenium.firefox.FirefoxDriver
Capabilities [{platform=WINDOWS, acceptSslCerts=true, javascriptEnabled=true, cssSelectorsEnabled=true, databaseEnabled=true, browserName=firefox, handlesAlerts=true, nativeEvents=false, webStorageEnabled=true, rotatable=false, locationContextEnabled=true, applicationCacheEnabled=true, takesScreenshot=true, version=41.0.2}]
	at org.openqa.selenium.remote.ErrorHandler.createThrowable(ErrorHandler.java:206)
	at org.openqa.selenium.remote.ErrorHandler.throwIfResponseFailed(ErrorHandler.java:158)
	at org.openqa.selenium.remote.RemoteWebDriver.execute(RemoteWebDriver.java:678)
	at org.openqa.selenium.remote.RemoteWebDriver.executeScript(RemoteWebDriver.java:577)
	at com.provenir.automation.framework.helper.Credit360Helper.reassignTaskOfDueDiligence(Credit360Helper.java:344)
	at com.provenir.automation.framework.testcases.StatusUpdate.test32_completeDueDiligence(StatusUpdate.java:482)
	at java.util.concurrent.FutureTask.run(Unknown Source)
	at java.util.concurrent.ThreadPoolExecutor.runWorker(Unknown Source)
	at java.util.concurrent.ThreadPoolExecutor$Worker.run(Unknown Source)
	at java.lang.Thread.run(Unknown Source)
Caused by: org.openqa.selenium.WebDriverException: argumen5ts is not defined
Build info: version: '2.52.0', revision: '4c2593c', time: '2016-02-11 19:03:33'
System info: host: 'parasharb-w7', ip: '172.27.103.103', os.name: 'Windows 7', os.arch: 'amd64', os.version: '6.1', java.version: '1.7.0_75'
Driver info: driver.version: unknown
	at <anonymous class>.anonymous(http://was01.provapps.com:9080/ProvAppCLWeb/default.jsp line 69 > Function:1)
	at <anonymous class>.handleEvaluateEvent(http://was01.provapps.com:9080/ProvAppCLWeb/default.jsp:69)
... Removed 20 stack frames]]>
    </failure>
  </testcase> <!-- test32_completeDueDiligence -->
  <testcase name="test33_completeChildTasksOfDueDiligence" time="0.461" classname="com.provenir.automation.framework.testcases.StatusUpdate">
    <failure type="org.openqa.selenium.WebDriverException" message="argumen5ts is not defined
Command duration or timeout: 29 milliseconds
Build info: version: &amp;apos;2.52.0&amp;apos;, revision: &amp;apos;4c2593c&amp;apos;, time: &amp;apos;2016-02-11 19:03:33&amp;apos;
System info: host: &amp;apos;parasharb-w7&amp;apos;, ip: &amp;apos;172.27.103.103&amp;apos;, os.name: &amp;apos;Windows 7&amp;apos;, os.arch: &amp;apos;amd64&amp;apos;, os.version: &amp;apos;6.1&amp;apos;, java.version: &amp;apos;1.7.0_75&amp;apos;
Session ID: 12205677-43c9-4914-9607-53fefeabf286
Driver info: org.openqa.selenium.firefox.FirefoxDriver
Capabilities [{platform=WINDOWS, acceptSslCerts=true, javascriptEnabled=true, cssSelectorsEnabled=true, databaseEnabled=true, browserName=firefox, handlesAlerts=true, nativeEvents=false, webStorageEnabled=true, rotatable=false, locationContextEnabled=true, applicationCacheEnabled=true, takesScreenshot=true, version=41.0.2}]">
      <![CDATA[org.openqa.selenium.WebDriverException: argumen5ts is not defined
Command duration or timeout: 29 milliseconds
Build info: version: '2.52.0', revision: '4c2593c', time: '2016-02-11 19:03:33'
System info: host: 'parasharb-w7', ip: '172.27.103.103', os.name: 'Windows 7', os.arch: 'amd64', os.version: '6.1', java.version: '1.7.0_75'
Session ID: 12205677-43c9-4914-9607-53fefeabf286
Driver info: org.openqa.selenium.firefox.FirefoxDriver
Capabilities [{platform=WINDOWS, acceptSslCerts=true, javascriptEnabled=true, cssSelectorsEnabled=true, databaseEnabled=true, browserName=firefox, handlesAlerts=true, nativeEvents=false, webStorageEnabled=true, rotatable=false, locationContextEnabled=true, applicationCacheEnabled=true, takesScreenshot=true, version=41.0.2}]
	at org.openqa.selenium.remote.ErrorHandler.createThrowable(ErrorHandler.java:206)
	at org.openqa.selenium.remote.ErrorHandler.throwIfResponseFailed(ErrorHandler.java:158)
	at org.openqa.selenium.remote.RemoteWebDriver.execute(RemoteWebDriver.java:678)
	at org.openqa.selenium.remote.RemoteWebDriver.executeScript(RemoteWebDriver.java:577)
	at com.provenir.automation.framework.helper.Credit360Helper.reassignTaskOFDueDiligenceChklist(Credit360Helper.java:354)
	at com.provenir.automation.framework.testcases.StatusUpdate.test33_completeChildTasksOfDueDiligence(StatusUpdate.java:499)
	at java.util.concurrent.FutureTask.run(Unknown Source)
	at java.util.concurrent.ThreadPoolExecutor.runWorker(Unknown Source)
	at java.util.concurrent.ThreadPoolExecutor$Worker.run(Unknown Source)
	at java.lang.Thread.run(Unknown Source)
Caused by: org.openqa.selenium.WebDriverException: argumen5ts is not defined
Build info: version: '2.52.0', revision: '4c2593c', time: '2016-02-11 19:03:33'
System info: host: 'parasharb-w7', ip: '172.27.103.103', os.name: 'Windows 7', os.arch: 'amd64', os.version: '6.1', java.version: '1.7.0_75'
Driver info: driver.version: unknown
	at <anonymous class>.anonymous(http://was01.provapps.com:9080/ProvAppCLWeb/default.jsp line 69 > Function:1)
	at <anonymous class>.handleEvaluateEvent(http://was01.provapps.com:9080/ProvAppCLWeb/default.jsp:69)
... Removed 20 stack frames]]>
    </failure>
  </testcase> <!-- test33_completeChildTasksOfDueDiligence -->
  <testcase name="test34_refreshPage" time="18.057" classname="com.provenir.automation.framework.testcases.StatusUpdate"/>
  <testcase name="test35_verifyStatusAsDueDiligence" time="7.303" classname="com.provenir.automation.framework.testcases.StatusUpdate">
    <failure type="org.openqa.selenium.NoSuchElementException" message="Unable to locate element: {&amp;quot;method&amp;quot;:&amp;quot;xpath&amp;quot;,&amp;quot;selector&amp;quot;:&amp;quot;.//*[@id=&amp;apos;UPSERTCUSTCREDREQFORM&amp;apos;]/div/div[6]/div[2]/div[1]/div[contains(.,&amp;apos;Due Diligence&amp;apos;)]&amp;quot;}
Command duration or timeout: 5.10 seconds
For documentation on this error, please visit: http://seleniumhq.org/exceptions/no_such_element.html
Build info: version: &amp;apos;2.52.0&amp;apos;, revision: &amp;apos;4c2593c&amp;apos;, time: &amp;apos;2016-02-11 19:03:33&amp;apos;
System info: host: &amp;apos;parasharb-w7&amp;apos;, ip: &amp;apos;172.27.103.103&amp;apos;, os.name: &amp;apos;Windows 7&amp;apos;, os.arch: &amp;apos;amd64&amp;apos;, os.version: &amp;apos;6.1&amp;apos;, java.version: &amp;apos;1.7.0_75&amp;apos;
*** Element info: {Using=xpath, value=.//*[@id=&amp;apos;UPSERTCUSTCREDREQFORM&amp;apos;]/div/div[6]/div[2]/div[1]/div[contains(.,&amp;apos;Due Diligence&amp;apos;)]}
Session ID: 12205677-43c9-4914-9607-53fefeabf286
Driver info: org.openqa.selenium.firefox.FirefoxDriver
Capabilities [{platform=WINDOWS, acceptSslCerts=true, javascriptEnabled=true, cssSelectorsEnabled=true, databaseEnabled=true, browserName=firefox, handlesAlerts=true, nativeEvents=false, webStorageEnabled=true, rotatable=false, locationContextEnabled=true, applicationCacheEnabled=true, takesScreenshot=true, version=41.0.2}]">
      <![CDATA[org.openqa.selenium.NoSuchElementException: Unable to locate element: {"method":"xpath","selector":".//*[@id='UPSERTCUSTCREDREQFORM']/div/div[6]/div[2]/div[1]/div[contains(.,'Due Diligence')]"}
Command duration or timeout: 5.10 seconds
For documentation on this error, please visit: http://seleniumhq.org/exceptions/no_such_element.html
Build info: version: '2.52.0', revision: '4c2593c', time: '2016-02-11 19:03:33'
System info: host: 'parasharb-w7', ip: '172.27.103.103', os.name: 'Windows 7', os.arch: 'amd64', os.version: '6.1', java.version: '1.7.0_75'
*** Element info: {Using=xpath, value=.//*[@id='UPSERTCUSTCREDREQFORM']/div/div[6]/div[2]/div[1]/div[contains(.,'Due Diligence')]}
Session ID: 12205677-43c9-4914-9607-53fefeabf286
Driver info: org.openqa.selenium.firefox.FirefoxDriver
Capabilities [{platform=WINDOWS, acceptSslCerts=true, javascriptEnabled=true, cssSelectorsEnabled=true, databaseEnabled=true, browserName=firefox, handlesAlerts=true, nativeEvents=false, webStorageEnabled=true, rotatable=false, locationContextEnabled=true, applicationCacheEnabled=true, takesScreenshot=true, version=41.0.2}]
	at org.openqa.selenium.remote.ErrorHandler.createThrowable(ErrorHandler.java:206)
	at org.openqa.selenium.remote.ErrorHandler.throwIfResponseFailed(ErrorHandler.java:158)
	at org.openqa.selenium.remote.RemoteWebDriver.execute(RemoteWebDriver.java:678)
	at org.openqa.selenium.remote.RemoteWebDriver.findElement(RemoteWebDriver.java:363)
	at org.openqa.selenium.remote.RemoteWebDriver.findElementByXPath(RemoteWebDriver.java:500)
	at org.openqa.selenium.By$ByXPath.findElement(By.java:361)
	at org.openqa.selenium.remote.RemoteWebDriver.findElement(RemoteWebDriver.java:355)
	at com.provenir.automation.framework.helper.Credit360Helper.verifyDueDiligence(Credit360Helper.java:759)
	at com.provenir.automation.framework.testcases.StatusUpdate.test35_verifyStatusAsDueDiligence(StatusUpdate.java:533)
	at java.util.concurrent.FutureTask.run(Unknown Source)
	at java.util.concurrent.ThreadPoolExecutor.runWorker(Unknown Source)
	at java.util.concurrent.ThreadPoolExecutor$Worker.run(Unknown Source)
	at java.lang.Thread.run(Unknown Source)
Caused by: org.openqa.selenium.NoSuchElementException: Unable to locate element: {"method":"xpath","selector":".//*[@id='UPSERTCUSTCREDREQFORM']/div/div[6]/div[2]/div[1]/div[contains(.,'Due Diligence')]"}
For documentation on this error, please visit: http://seleniumhq.org/exceptions/no_such_element.html
Build info: version: '2.52.0', revision: '4c2593c', time: '2016-02-11 19:03:33'
System info: host: 'parasharb-w7', ip: '172.27.103.103', os.name: 'Windows 7', os.arch: 'amd64', os.version: '6.1', java.version: '1.7.0_75'
Driver info: driver.version: unknown
	at <anonymous class>.FirefoxDriver.prototype.findElementInternal_(file:///C:/Users/PARASH~1/AppData/Local/Temp/anonymous8154662038813502347webdriver-profile/extensions/fxdriver@googlecode.com/components/driver-component.js:10723)
	at <anonymous class>.fxdriver.Timer.prototype.setTimeout/<.notify(file:///C:/Users/PARASH~1/AppData/Local/Temp/anonymous8154662038813502347webdriver-profile/extensions/fxdriver@googlecode.com/components/driver-component.js:623)
... Removed 19 stack frames]]>
    </failure>
  </testcase> <!-- test35_verifyStatusAsDueDiligence -->
</testsuite> <!-- Firefox Test5 -->
