<?xml version="1.0" encoding="UTF-8"?>
<!-- Generated by org.testng.reporters.JUnitXMLReporter -->
<testsuite hostname="parasharb-w7" name="Firefox Test3" tests="18" failures="1" timestamp="12 Jul 2016 13:31:39 GMT" time="388.987" errors="0">
  <testcase name="test0_landingPage" time="23.012" classname="com.provenir.automation.framework.testcases.BOA_Wizard"/>
  <testcase name="test1_gotoBOAWizard" time="1.027" classname="com.provenir.automation.framework.testcases.BOA_Wizard"/>
  <testcase name="test2_verifyManadatoryFieldsOnRequestSummary" time="0.284" classname="com.provenir.automation.framework.testcases.BOA_Wizard"/>
  <testcase name="test3_saveRequestSummaryInformation" time="14.728" classname="com.provenir.automation.framework.testcases.BOA_Wizard"/>
  <testcase name="test4_step_verifyAddBtnOnCustInfoPage" time="1.417" classname="com.provenir.automation.framework.testcases.BOA_Wizard"/>
  <testcase name="test5_verifyManadatoryFieldsForBusinessTypCustomer" time="0.91" classname="com.provenir.automation.framework.testcases.BOA_Wizard"/>
  <testcase name="test6_saveBusinessCustDetails" time="61.608" classname="com.provenir.automation.framework.testcases.BOA_Wizard"/>
  <testcase name="test8_verifyManadatoryFieldsForIndividualCustomer" time="18.047" classname="com.provenir.automation.framework.testcases.BOA_Wizard"/>
  <testcase name="test9_saveIndividualCustDetails" time="70.102" classname="com.provenir.automation.framework.testcases.BOA_Wizard"/>
  <testcase name="test10_verifyCollateralInformationPage" time="6.488" classname="com.provenir.automation.framework.testcases.BOA_Wizard"/>
  <testcase name="test11_verifyAddNewBtnOnCollateralInformation" time="2.296" classname="com.provenir.automation.framework.testcases.BOA_Wizard"/>
  <testcase name="test12_saveCollateralInformation" time="50.581" classname="com.provenir.automation.framework.testcases.BOA_Wizard"/>
  <testcase name="test13_verifyTransactionInformationPage" time="21.298" classname="com.provenir.automation.framework.testcases.BOA_Wizard"/>
  <testcase name="test14_saveTransactionDetails" time="29.358" classname="com.provenir.automation.framework.testcases.BOA_Wizard">
    <failure type="org.openqa.selenium.WebDriverException" message="Element is not clickable at point (301.70001220703125, 731.7000122070312). Other element would receive the click: &amp;lt;div class=&amp;quot;blockUI blockOverlay&amp;quot; style=&amp;quot;z-index: 1000; border: medium none; margin: 0px; padding: 0px; width: 100%; height: 100%; top: 0px; left: 0px; background-color: rgb(0, 0, 0); opacity: 0; cursor: default; position: fixed;&amp;quot;&amp;gt;&amp;lt;/div&amp;gt;
Command duration or timeout: 72 milliseconds
Build info: version: &amp;apos;2.52.0&amp;apos;, revision: &amp;apos;4c2593c&amp;apos;, time: &amp;apos;2016-02-11 19:03:33&amp;apos;
System info: host: &amp;apos;parasharb-w7&amp;apos;, ip: &amp;apos;172.27.103.103&amp;apos;, os.name: &amp;apos;Windows 7&amp;apos;, os.arch: &amp;apos;amd64&amp;apos;, os.version: &amp;apos;6.1&amp;apos;, java.version: &amp;apos;1.7.0_75&amp;apos;
Session ID: f3e5368b-ca76-4217-ade1-230a98cf0322
Driver info: org.openqa.selenium.firefox.FirefoxDriver
Capabilities [{platform=WINDOWS, acceptSslCerts=true, javascriptEnabled=true, cssSelectorsEnabled=true, databaseEnabled=true, browserName=firefox, handlesAlerts=true, nativeEvents=false, webStorageEnabled=true, rotatable=false, locationContextEnabled=true, applicationCacheEnabled=true, takesScreenshot=true, version=41.0.2}]">
      <![CDATA[org.openqa.selenium.WebDriverException: Element is not clickable at point (301.70001220703125, 731.7000122070312). Other element would receive the click: <div class="blockUI blockOverlay" style="z-index: 1000; border: medium none; margin: 0px; padding: 0px; width: 100%; height: 100%; top: 0px; left: 0px; background-color: rgb(0, 0, 0); opacity: 0; cursor: default; position: fixed;"></div>
Command duration or timeout: 72 milliseconds
Build info: version: '2.52.0', revision: '4c2593c', time: '2016-02-11 19:03:33'
System info: host: 'parasharb-w7', ip: '172.27.103.103', os.name: 'Windows 7', os.arch: 'amd64', os.version: '6.1', java.version: '1.7.0_75'
Session ID: f3e5368b-ca76-4217-ade1-230a98cf0322
Driver info: org.openqa.selenium.firefox.FirefoxDriver
Capabilities [{platform=WINDOWS, acceptSslCerts=true, javascriptEnabled=true, cssSelectorsEnabled=true, databaseEnabled=true, browserName=firefox, handlesAlerts=true, nativeEvents=false, webStorageEnabled=true, rotatable=false, locationContextEnabled=true, applicationCacheEnabled=true, takesScreenshot=true, version=41.0.2}]
	at org.openqa.selenium.remote.ErrorHandler.createThrowable(ErrorHandler.java:206)
	at org.openqa.selenium.remote.ErrorHandler.throwIfResponseFailed(ErrorHandler.java:158)
	at org.openqa.selenium.remote.RemoteWebDriver.execute(RemoteWebDriver.java:678)
	at org.openqa.selenium.remote.RemoteWebElement.execute(RemoteWebElement.java:327)
	at org.openqa.selenium.remote.RemoteWebElement.click(RemoteWebElement.java:85)
	at com.provenir.automation.framework.helper.TransactionInfoPage.selBorrowerOnTransactionInformation(TransactionInfoPage.java:682)
	at com.provenir.automation.framework.testcases.BOA_Wizard.test14_saveTransactionDetails(BOA_Wizard.java:291)
	at java.util.concurrent.FutureTask.run(Unknown Source)
	at java.util.concurrent.ThreadPoolExecutor.runWorker(Unknown Source)
	at java.util.concurrent.ThreadPoolExecutor$Worker.run(Unknown Source)
	at java.lang.Thread.run(Unknown Source)
... Removed 20 stack frames]]>
    </failure>
  </testcase> <!-- test14_saveTransactionDetails -->
  <testcase name="test16_verifyAdditionalInformation" time="1.33" classname="com.provenir.automation.framework.testcases.BOA_Wizard"/>
  <testcase name="test18_verifySummaryOfApplicationTitle" time="1.597" classname="com.provenir.automation.framework.testcases.BOA_Wizard"/>
  <testcase name="test19_clickSubmitOnLastStepOfBOAWizard" time="58.557" classname="com.provenir.automation.framework.testcases.BOA_Wizard"/>
  <testcase name="test20_verifyReqOnDashboard" time="2.279" classname="com.provenir.automation.framework.testcases.BOA_Wizard"/>
</testsuite> <!-- Firefox Test3 -->
