<!DOCTYPE html PUBLIC "-//W3C//DTD XHTML 1.1//EN" "http://www.w3.org/TR/xhtml11/DTD/xhtml11.dtd">
<html xmlns="http://www.w3.org/1999/xhtml"><head><title>TestNG Report</title><style type="text/css">table {margin-bottom:10px;border-collapse:collapse;empty-cells:show}th,td {border:1px solid #009;padding:.25em .5em}th {vertical-align:bottom}td {vertical-align:top}table a {font-weight:bold}.stripe td {background-color: #E6EBF9}.num {text-align:right}.passedodd td {background-color: #3F3}.passedeven td {background-color: #0A0}.skippedodd td {background-color: #DDD}.skippedeven td {background-color: #CCC}.failedodd td,.attn {background-color: #F33}.failedeven td,.stripe .attn {background-color: #D00}.stacktrace {white-space:pre;font-family:monospace}.totop {font-size:85%;text-align:center;border-bottom:2px solid #000}</style></head><body><table><tr><th>Test</th><th># Passed</th><th># Skipped</th><th># Failed</th><th>Time (ms)</th><th>Included Groups</th><th>Excluded Groups</th></tr><tr><th colspan="7">Automation test suite</th></tr><tr><td><a href="#t0">Firefox Test0</a></td><td class="num">33</td><td class="num">0</td><td class="num">0</td><td class="num">174,833</td><td></td><td></td></tr><tr class="stripe"><td><a href="#t1">Firefox Test1</a></td><td class="num">3</td><td class="num">0</td><td class="num attn">4</td><td class="num">102,427</td><td></td><td></td></tr><tr><td><a href="#t2">Firefox Test2</a></td><td class="num">13</td><td class="num">0</td><td class="num">0</td><td class="num">100,162</td><td></td><td></td></tr><tr class="stripe"><td><a href="#t3">Firefox Test3</a></td><td class="num">17</td><td class="num">0</td><td class="num attn">1</td><td class="num">388,987</td><td></td><td></td></tr><tr><td><a href="#t4">Firefox Test4</a></td><td class="num">13</td><td class="num">0</td><td class="num attn">5</td><td class="num">175,516</td><td></td><td></td></tr><tr class="stripe"><td><a href="#t5">Firefox Test5</a></td><td class="num">25</td><td class="num">0</td><td class="num attn">9</td><td class="num">606,508</td><td></td><td></td></tr><tr><th>Total</th><th class="num">104</th><th class="num">0</th><th class="num attn">19</th><th class="num">1,548,433</th><th colspan="2"></th></tr></table><table><thead><tr><th>Class</th><th>Method</th><th>Start</th><th>Time (ms)</th></tr></thead><tbody><tr><th colspan="4">Automation test suite</th></tr></tbody><tbody id="t0"><tr><th colspan="4">Firefox Test0 &#8212; passed</th></tr><tr class="passedeven"><td rowspan="33">com.provenir.automation.framework.testcases.DefaultRoles</td><td><a href="#m0">test0_landingPage</a></td><td rowspan="1">1468329561057</td><td rowspan="1">28323</td></tr><tr class="passedeven"><td><a href="#m1">test10_verifySrCreditOfficer</a></td><td rowspan="1">1468329625421</td><td rowspan="1">3663</td></tr><tr class="passedeven"><td><a href="#m2">test11_verifyChiefCreditOfficer</a></td><td rowspan="1">1468329629085</td><td rowspan="1">3821</td></tr><tr class="passedeven"><td><a href="#m3">test12_verifyOperationsManager</a></td><td rowspan="1">1468329632907</td><td rowspan="1">3592</td></tr><tr class="passedeven"><td><a href="#m4">test13_verifyPortfolioManager</a></td><td rowspan="1">1468329636501</td><td rowspan="1">3623</td></tr><tr class="passedeven"><td><a href="#m5">test14_verifyPortfolioAdmin</a></td><td rowspan="1">1468329640124</td><td rowspan="1">3547</td></tr><tr class="passedeven"><td><a href="#m6">test15_verifySecurityOfficer</a></td><td rowspan="1">1468329643672</td><td rowspan="1">3512</td></tr><tr class="passedeven"><td><a href="#m7">test16_verifyComplianceAnalyst</a></td><td rowspan="1">1468329647185</td><td rowspan="1">3566</td></tr><tr class="passedeven"><td><a href="#m8">test17_verifyDocManager</a></td><td rowspan="1">1468329650752</td><td rowspan="1">3517</td></tr><tr class="passedeven"><td><a href="#m9">test18_verifyDocSpecialist</a></td><td rowspan="1">1468329654270</td><td rowspan="1">3523</td></tr><tr class="passedeven"><td><a href="#m10">test19_verifyCollateralManager</a></td><td rowspan="1">1468329657794</td><td rowspan="1">3550</td></tr><tr class="passedeven"><td><a href="#m11">test1_verifySalesAdmin</a></td><td rowspan="1">1468329589381</td><td rowspan="1">5899</td></tr><tr class="passedeven"><td><a href="#m12">test20_verifyCollateralAnalyst</a></td><td rowspan="1">1468329661345</td><td rowspan="1">3495</td></tr><tr class="passedeven"><td><a href="#m13">test21_verifyUCCSpecialist</a></td><td rowspan="1">1468329664841</td><td rowspan="1">3513</td></tr><tr class="passedeven"><td><a href="#m14">test22_verifyImagingSpecialist</a></td><td rowspan="1">1468329668355</td><td rowspan="1">3518</td></tr><tr class="passedeven"><td><a href="#m15">test23_verifyFundingSpecialist</a></td><td rowspan="1">1468329671874</td><td rowspan="1">3494</td></tr><tr class="passedeven"><td><a href="#m16">test24_verifyBookingSpecialist</a></td><td rowspan="1">1468329675368</td><td rowspan="1">3544</td></tr><tr class="passedeven"><td><a href="#m17">test25_verifyProvenirAdmin</a></td><td rowspan="1">1468329678913</td><td rowspan="1">3749</td></tr><tr class="passedeven"><td><a href="#m18">test26_verifyCreditRiskManager</a></td><td rowspan="1">1468329682663</td><td rowspan="1">3586</td></tr><tr class="passedeven"><td><a href="#m19">test27_verifyCompliance</a></td><td rowspan="1">1468329686250</td><td rowspan="1">3701</td></tr><tr class="passedeven"><td><a href="#m20">test28_verifySmallBusinessBankOfficer</a></td><td rowspan="1">1468329689953</td><td rowspan="1">3511</td></tr><tr class="passedeven"><td><a href="#m21">test29_verifyUnderwriter</a></td><td rowspan="1">1468329693465</td><td rowspan="1">3636</td></tr><tr class="passedeven"><td><a href="#m22">test2_verifyLoanOfficer</a></td><td rowspan="1">1468329595281</td><td rowspan="1">3735</td></tr><tr class="passedeven"><td><a href="#m23">test30_verifySmallBusinessAnalyst</a></td><td rowspan="1">1468329697101</td><td rowspan="1">3574</td></tr><tr class="passedeven"><td><a href="#m24">test31_verifySmallBusinessUnderwriter</a></td><td rowspan="1">1468329700677</td><td rowspan="1">3524</td></tr><tr class="passedeven"><td><a href="#m25">test32_verifySmallBusinessCloser</a></td><td rowspan="1">1468329704201</td><td rowspan="1">3604</td></tr><tr class="passedeven"><td><a href="#m26">test3_verifySalesManager</a></td><td rowspan="1">1468329599017</td><td rowspan="1">3907</td></tr><tr class="passedeven"><td><a href="#m27">test4_verifySalesExecutive</a></td><td rowspan="1">1468329602924</td><td rowspan="1">3830</td></tr><tr class="passedeven"><td><a href="#m28">test5_verifyRelationshipManager</a></td><td rowspan="1">1468329606755</td><td rowspan="1">3680</td></tr><tr class="passedeven"><td><a href="#m29">test6_verifyCreditAdmin</a></td><td rowspan="1">1468329610436</td><td rowspan="1">3749</td></tr><tr class="passedeven"><td><a href="#m30">test7_verifyCreditAnalyst</a></td><td rowspan="1">1468329614186</td><td rowspan="1">3741</td></tr><tr class="passedeven"><td><a href="#m31">test8_verifySrCreditAnalyst</a></td><td rowspan="1">1468329617928</td><td rowspan="1">3793</td></tr><tr class="passedeven"><td><a href="#m32">test9_verifyCreditOfficer</a></td><td rowspan="1">1468329621722</td><td rowspan="1">3698</td></tr></tbody><tbody id="t1"><tr><th colspan="4">Firefox Test1 &#8212; failed</th></tr><tr class="failedeven"><td rowspan="4">com.provenir.automation.framework.testcases.WorkflowsTasks</td><td><a href="#m33">test1_verifyWorkflowforSmallBusinessDisplayed</a></td><td rowspan="1">1468329762802</td><td rowspan="1">5495</td></tr><tr class="failedeven"><td><a href="#m34">test3_verifyTasks</a></td><td rowspan="1">1468329780179</td><td rowspan="1">7432</td></tr><tr class="failedeven"><td><a href="#m35">test4_verifyNewRequestForMoney</a></td><td rowspan="1">1468329787615</td><td rowspan="1">5699</td></tr><tr class="failedeven"><td><a href="#m36">test6_verifyTasksForNewRequestForMoney</a></td><td rowspan="1">1468329802496</td><td rowspan="1">7757</td></tr><tr><th colspan="4">Firefox Test1 &#8212; passed</th></tr><tr class="passedeven"><td rowspan="3">com.provenir.automation.framework.testcases.WorkflowsTasks</td><td><a href="#m37">test0_landingPage</a></td><td rowspan="1">1468329731939</td><td rowspan="1">30862</td></tr><tr class="passedeven"><td><a href="#m38">test2_verifyworkflowPageDisplayed</a></td><td rowspan="1">1468329768298</td><td rowspan="1">11879</td></tr><tr class="passedeven"><td><a href="#m39">test5_verifyworkflowPageDisplayed</a></td><td rowspan="1">1468329793315</td><td rowspan="1">9180</td></tr></tbody><tbody id="t2"><tr><th colspan="4">Firefox Test2 &#8212; passed</th></tr><tr class="passedeven"><td rowspan="13">com.provenir.automation.framework.testcases.Checklists</td><td><a href="#m40">test0_landingPage</a></td><td rowspan="1">1468329833412</td><td rowspan="1">27740</td></tr><tr class="passedeven"><td><a href="#m41">test10_verifyDueDiligenceChecklist</a></td><td rowspan="1">1468329892431</td><td rowspan="1">3044</td></tr><tr class="passedeven"><td><a href="#m42">test11_verifyApplicationChecklist</a></td><td rowspan="1">1468329895476</td><td rowspan="1">3256</td></tr><tr class="passedeven"><td><a href="#m43">test12_verifyApplicationChecklistItems</a></td><td rowspan="1">1468329898733</td><td rowspan="1">11794</td></tr><tr class="passedeven"><td><a href="#m44">test1_verifyEligibilityChecklist</a></td><td rowspan="1">1468329861153</td><td rowspan="1">5943</td></tr><tr class="passedeven"><td><a href="#m45">test2_verifyPolicyExceptionForSmallBusiness</a></td><td rowspan="1">1468329867096</td><td rowspan="1">3389</td></tr><tr class="passedeven"><td><a href="#m46">test3_verifyConditionsAndPrecedent</a></td><td rowspan="1">1468329870485</td><td rowspan="1">3147</td></tr><tr class="passedeven"><td><a href="#m47">test4_verifyClosingChecklist</a></td><td rowspan="1">1468329873633</td><td rowspan="1">3312</td></tr><tr class="passedeven"><td><a href="#m48">test5_verifyPostBookingQAChecklist</a></td><td rowspan="1">1468329876946</td><td rowspan="1">3132</td></tr><tr class="passedeven"><td><a href="#m49">test6_verifyPreBookingChecklist</a></td><td rowspan="1">1468329880079</td><td rowspan="1">3131</td></tr><tr class="passedeven"><td><a href="#m50">test7_verifyPreFundingChecklist</a></td><td rowspan="1">1468329883211</td><td rowspan="1">3056</td></tr><tr class="passedeven"><td><a href="#m51">test8_verifyPreClosingChecklist</a></td><td rowspan="1">1468329886268</td><td rowspan="1">3074</td></tr><tr class="passedeven"><td><a href="#m52">test9_verifyDocumentChecklist</a></td><td rowspan="1">1468329889342</td><td rowspan="1">3089</td></tr></tbody><tbody id="t3"><tr><th colspan="4">Firefox Test3 &#8212; failed</th></tr><tr class="failedeven"><td rowspan="1">com.provenir.automation.framework.testcases.BOA_Wizard</td><td><a href="#m53">test14_saveTransactionDetails</a></td><td rowspan="1">1468330206410</td><td rowspan="1">29358</td></tr><tr><th colspan="4">Firefox Test3 &#8212; passed</th></tr><tr class="passedeven"><td rowspan="17">com.provenir.automation.framework.testcases.BOA_Wizard</td><td><a href="#m54">test0_landingPage</a></td><td rowspan="1">1468329934604</td><td rowspan="1">23012</td></tr><tr class="passedeven"><td><a href="#m55">test10_verifyCollateralInformationPage</a></td><td rowspan="1">1468330125745</td><td rowspan="1">6488</td></tr><tr class="passedeven"><td><a href="#m56">test11_verifyAddNewBtnOnCollateralInformation</a></td><td rowspan="1">1468330132234</td><td rowspan="1">2296</td></tr><tr class="passedeven"><td><a href="#m57">test12_saveCollateralInformation</a></td><td rowspan="1">1468330134530</td><td rowspan="1">50581</td></tr><tr class="passedeven"><td><a href="#m58">test13_verifyTransactionInformationPage</a></td><td rowspan="1">1468330185112</td><td rowspan="1">21298</td></tr><tr class="passedeven"><td><a href="#m59">test16_verifyAdditionalInformation</a></td><td rowspan="1">1468330235771</td><td rowspan="1">1330</td></tr><tr class="passedeven"><td><a href="#m60">test18_verifySummaryOfApplicationTitle</a></td><td rowspan="1">1468330237102</td><td rowspan="1">1597</td></tr><tr class="passedeven"><td><a href="#m61">test19_clickSubmitOnLastStepOfBOAWizard</a></td><td rowspan="1">1468330238699</td><td rowspan="1">58557</td></tr><tr class="passedeven"><td><a href="#m62">test1_gotoBOAWizard</a></td><td rowspan="1">1468329957617</td><td rowspan="1">1027</td></tr><tr class="passedeven"><td><a href="#m63">test20_verifyReqOnDashboard</a></td><td rowspan="1">1468330297257</td><td rowspan="1">2279</td></tr><tr class="passedeven"><td><a href="#m64">test2_verifyManadatoryFieldsOnRequestSummary</a></td><td rowspan="1">1468329958645</td><td rowspan="1">284</td></tr><tr class="passedeven"><td><a href="#m65">test3_saveRequestSummaryInformation</a></td><td rowspan="1">1468329958930</td><td rowspan="1">14728</td></tr><tr class="passedeven"><td><a href="#m66">test4_step_verifyAddBtnOnCustInfoPage</a></td><td rowspan="1">1468329973659</td><td rowspan="1">1417</td></tr><tr class="passedeven"><td><a href="#m67">test5_verifyManadatoryFieldsForBusinessTypCustomer</a></td><td rowspan="1">1468329975077</td><td rowspan="1">910</td></tr><tr class="passedeven"><td><a href="#m68">test6_saveBusinessCustDetails</a></td><td rowspan="1">1468329975988</td><td rowspan="1">61608</td></tr><tr class="passedeven"><td><a href="#m69">test8_verifyManadatoryFieldsForIndividualCustomer</a></td><td rowspan="1">1468330037596</td><td rowspan="1">18047</td></tr><tr class="passedeven"><td><a href="#m70">test9_saveIndividualCustDetails</a></td><td rowspan="1">1468330055643</td><td rowspan="1">70102</td></tr></tbody><tbody id="t4"><tr><th colspan="4">Firefox Test4 &#8212; failed</th></tr><tr class="failedeven"><td rowspan="5">com.provenir.automation.framework.testcases.RegB</td><td><a href="#m71">test13_completeTasksOnTaskManagement</a></td><td rowspan="1">1468330444419</td><td rowspan="1">20158</td></tr><tr class="failedeven"><td><a href="#m72">test14_completeTaskOfPolicyException</a></td><td rowspan="1">1468330464583</td><td rowspan="1">146</td></tr><tr class="failedeven"><td><a href="#m73">test15_refreshPage</a></td><td rowspan="1">1468330464731</td><td rowspan="1">7129</td></tr><tr class="failedeven"><td><a href="#m74">test16_gotoRegBSection</a></td><td rowspan="1">1468330471862</td><td rowspan="1">3161</td></tr><tr class="failedeven"><td><a href="#m75">test17_verifyRegBStartDate</a></td><td rowspan="1">1468330475028</td><td rowspan="1">43</td></tr><tr><th colspan="4">Firefox Test4 &#8212; passed</th></tr><tr class="passedeven"><td rowspan="13">com.provenir.automation.framework.testcases.RegB</td><td><a href="#m76">test0_landingPage</a></td><td rowspan="1">1468330324369</td><td rowspan="1">21481</td></tr><tr class="passedeven"><td><a href="#m77">test10_verifyCredit360Page</a></td><td rowspan="1">1468330431579</td><td rowspan="1">8902</td></tr><tr class="passedeven"><td><a href="#m78">test11_gotoRegB</a></td><td rowspan="1">1468330440481</td><td rowspan="1">2985</td></tr><tr class="passedeven"><td><a href="#m79">test12_verifyRegBStartDate</a></td><td rowspan="1">1468330443467</td><td rowspan="1">951</td></tr><tr class="passedeven"><td><a href="#m80">test1_gotoBOAWizard</a></td><td rowspan="1">1468330345852</td><td rowspan="1">1034</td></tr><tr class="passedeven"><td><a href="#m81">test2_verifyManadatoryFieldsOnRequestSummary</a></td><td rowspan="1">1468330346887</td><td rowspan="1">344</td></tr><tr class="passedeven"><td><a href="#m82">test3_saveRequestSummaryInformation</a></td><td rowspan="1">1468330347232</td><td rowspan="1">16190</td></tr><tr class="passedeven"><td><a href="#m83">test4_verifyCollateralInformationPage</a></td><td rowspan="1">1468330363423</td><td rowspan="1">6629</td></tr><tr class="passedeven"><td><a href="#m84">test5_verifyTransactionInformationPage</a></td><td rowspan="1">1468330370053</td><td rowspan="1">6512</td></tr><tr class="passedeven"><td><a href="#m85">test6_verifyAdditionalInformation</a></td><td rowspan="1">1468330376566</td><td rowspan="1">1287</td></tr><tr class="passedeven"><td><a href="#m86">test7_verifySummaryOfApplicationTitle</a></td><td rowspan="1">1468330377853</td><td rowspan="1">1447</td></tr><tr class="passedeven"><td><a href="#m87">test8_clickSubmitOnLastStepOfBOAWizard</a></td><td rowspan="1">1468330379301</td><td rowspan="1">50571</td></tr><tr class="passedeven"><td><a href="#m88">test9_verifyReqOnDashboard</a></td><td rowspan="1">1468330429872</td><td rowspan="1">1706</td></tr></tbody><tbody id="t5"><tr><th colspan="4">Firefox Test5 &#8212; failed</th></tr><tr class="failedeven"><td rowspan="9">com.provenir.automation.framework.testcases.StatusUpdate</td><td><a href="#m89">test14_saveTransactionDetails</a></td><td rowspan="1">1468330770911</td><td rowspan="1">32301</td></tr><tr class="failedeven"><td><a href="#m90">test24_verifyCreditStatusAsCreditDecisioning</a></td><td rowspan="1">1468330934807</td><td rowspan="1">8661</td></tr><tr class="failedeven"><td><a href="#m91">test27_verifyCreditStatus</a></td><td rowspan="1">1468331005141</td><td rowspan="1">7935</td></tr><tr class="failedeven"><td><a href="#m92">test28_completeCustomerAcceptance</a></td><td rowspan="1">1468331013080</td><td rowspan="1">7415</td></tr><tr class="failedeven"><td><a href="#m93">test29_completeChildTaskOfCustomerAcceptance</a></td><td rowspan="1">1468331020498</td><td rowspan="1">348</td></tr><tr class="failedeven"><td><a href="#m94">test31_verifyStatusAsDueDiligence</a></td><td rowspan="1">1468331039257</td><td rowspan="1">7346</td></tr><tr class="failedeven"><td><a href="#m95">test32_completeDueDiligence</a></td><td rowspan="1">1468331046607</td><td rowspan="1">9167</td></tr><tr class="failedeven"><td><a href="#m96">test33_completeChildTasksOfDueDiligence</a></td><td rowspan="1">1468331055779</td><td rowspan="1">461</td></tr><tr class="failedeven"><td><a href="#m97">test35_verifyStatusAsDueDiligence</a></td><td rowspan="1">1468331074300</td><td rowspan="1">7303</td></tr><tr><th colspan="4">Firefox Test5 &#8212; passed</th></tr><tr class="passedeven"><td rowspan="25">com.provenir.automation.framework.testcases.StatusUpdate</td><td><a href="#m98">test0_landingPage</a></td><td rowspan="1">1468330498872</td><td rowspan="1">22964</td></tr><tr class="passedeven"><td><a href="#m99">test10_verifyCollateralInformationPage</a></td><td rowspan="1">1468330691876</td><td rowspan="1">6516</td></tr><tr class="passedeven"><td><a href="#m100">test11_verifyAddNewBtnOnCollateralInformation</a></td><td rowspan="1">1468330698392</td><td rowspan="1">2155</td></tr><tr class="passedeven"><td><a href="#m101">test12_saveCollateralInformation</a></td><td rowspan="1">1468330700548</td><td rowspan="1">49985</td></tr><tr class="passedeven"><td><a href="#m102">test13_verifyTransactionInformationPage</a></td><td rowspan="1">1468330750534</td><td rowspan="1">20377</td></tr><tr class="passedeven"><td><a href="#m103">test16_verifyAdditionalInformation</a></td><td rowspan="1">1468330803215</td><td rowspan="1">1468</td></tr><tr class="passedeven"><td><a href="#m104">test17_verifySummaryOfApplicationTitle</a></td><td rowspan="1">1468330804684</td><td rowspan="1">1645</td></tr><tr class="passedeven"><td><a href="#m105">test18_clickSubmitOnLastStepOfBOAWizard</a></td><td rowspan="1">1468330806329</td><td rowspan="1">50770</td></tr><tr class="passedeven"><td><a href="#m106">test19_verifyReqOnDashboard</a></td><td rowspan="1">1468330857100</td><td rowspan="1">1817</td></tr><tr class="passedeven"><td><a href="#m107">test1_gotoBOAWizard</a></td><td rowspan="1">1468330521837</td><td rowspan="1">1042</td></tr><tr class="passedeven"><td><a href="#m108">test20_verifyCredit360Page</a></td><td rowspan="1">1468330858918</td><td rowspan="1">12154</td></tr><tr class="passedeven"><td><a href="#m109">test21_verifyCreditStatusAsSubmitted</a></td><td rowspan="1">1468330871073</td><td rowspan="1">2060</td></tr><tr class="passedeven"><td><a href="#m110">test22_completePreAnalysis</a></td><td rowspan="1">1468330873134</td><td rowspan="1">43589</td></tr><tr class="passedeven"><td><a href="#m111">test23_refreshPage</a></td><td rowspan="1">1468330916723</td><td rowspan="1">18083</td></tr><tr class="passedeven"><td><a href="#m112">test25_completeDecision</a></td><td rowspan="1">1468330943476</td><td rowspan="1">43298</td></tr><tr class="passedeven"><td><a href="#m113">test26_refreshPage</a></td><td rowspan="1">1468330986776</td><td rowspan="1">18364</td></tr><tr class="passedeven"><td><a href="#m114">test2_verifyManadatoryFieldsOnRequestSummary</a></td><td rowspan="1">1468330522880</td><td rowspan="1">302</td></tr><tr class="passedeven"><td><a href="#m115">test30_refreshPage</a></td><td rowspan="1">1468331020849</td><td rowspan="1">18408</td></tr><tr class="passedeven"><td><a href="#m116">test34_refreshPage</a></td><td rowspan="1">1468331056242</td><td rowspan="1">18057</td></tr><tr class="passedeven"><td><a href="#m117">test3_saveRequestSummaryInformation</a></td><td rowspan="1">1468330523182</td><td rowspan="1">14924</td></tr><tr class="passedeven"><td><a href="#m118">test4_step_verifyAddBtnOnCustInfoPage</a></td><td rowspan="1">1468330538106</td><td rowspan="1">1778</td></tr><tr class="passedeven"><td><a href="#m119">test5_verifyManadatoryFieldsForBusinessTypCustomer</a></td><td rowspan="1">1468330539885</td><td rowspan="1">934</td></tr><tr class="passedeven"><td><a href="#m120">test6_saveBusinessCustDetails</a></td><td rowspan="1">1468330540819</td><td rowspan="1">61660</td></tr><tr class="passedeven"><td><a href="#m121">test8_verifyManadatoryFieldsForIndividualCustomer</a></td><td rowspan="1">1468330602480</td><td rowspan="1">18254</td></tr><tr class="passedeven"><td><a href="#m122">test9_saveIndividualCustDetails</a></td><td rowspan="1">1468330620735</td><td rowspan="1">71141</td></tr></tbody></table><h2>Firefox Test0</h2><h3 id="m0">com.provenir.automation.framework.testcases.DefaultRoles#test0_landingPage</h3><table class="result"></table><p class="totop"><a href="#summary">back to summary</a></p><h3 id="m1">com.provenir.automation.framework.testcases.DefaultRoles#test10_verifySrCreditOfficer</h3><table class="result"></table><p class="totop"><a href="#summary">back to summary</a></p><h3 id="m2">com.provenir.automation.framework.testcases.DefaultRoles#test11_verifyChiefCreditOfficer</h3><table class="result"></table><p class="totop"><a href="#summary">back to summary</a></p><h3 id="m3">com.provenir.automation.framework.testcases.DefaultRoles#test12_verifyOperationsManager</h3><table class="result"></table><p class="totop"><a href="#summary">back to summary</a></p><h3 id="m4">com.provenir.automation.framework.testcases.DefaultRoles#test13_verifyPortfolioManager</h3><table class="result"></table><p class="totop"><a href="#summary">back to summary</a></p><h3 id="m5">com.provenir.automation.framework.testcases.DefaultRoles#test14_verifyPortfolioAdmin</h3><table class="result"></table><p class="totop"><a href="#summary">back to summary</a></p><h3 id="m6">com.provenir.automation.framework.testcases.DefaultRoles#test15_verifySecurityOfficer</h3><table class="result"></table><p class="totop"><a href="#summary">back to summary</a></p><h3 id="m7">com.provenir.automation.framework.testcases.DefaultRoles#test16_verifyComplianceAnalyst</h3><table class="result"></table><p class="totop"><a href="#summary">back to summary</a></p><h3 id="m8">com.provenir.automation.framework.testcases.DefaultRoles#test17_verifyDocManager</h3><table class="result"></table><p class="totop"><a href="#summary">back to summary</a></p><h3 id="m9">com.provenir.automation.framework.testcases.DefaultRoles#test18_verifyDocSpecialist</h3><table class="result"></table><p class="totop"><a href="#summary">back to summary</a></p><h3 id="m10">com.provenir.automation.framework.testcases.DefaultRoles#test19_verifyCollateralManager</h3><table class="result"></table><p class="totop"><a href="#summary">back to summary</a></p><h3 id="m11">com.provenir.automation.framework.testcases.DefaultRoles#test1_verifySalesAdmin</h3><table class="result"></table><p class="totop"><a href="#summary">back to summary</a></p><h3 id="m12">com.provenir.automation.framework.testcases.DefaultRoles#test20_verifyCollateralAnalyst</h3><table class="result"></table><p class="totop"><a href="#summary">back to summary</a></p><h3 id="m13">com.provenir.automation.framework.testcases.DefaultRoles#test21_verifyUCCSpecialist</h3><table class="result"></table><p class="totop"><a href="#summary">back to summary</a></p><h3 id="m14">com.provenir.automation.framework.testcases.DefaultRoles#test22_verifyImagingSpecialist</h3><table class="result"></table><p class="totop"><a href="#summary">back to summary</a></p><h3 id="m15">com.provenir.automation.framework.testcases.DefaultRoles#test23_verifyFundingSpecialist</h3><table class="result"></table><p class="totop"><a href="#summary">back to summary</a></p><h3 id="m16">com.provenir.automation.framework.testcases.DefaultRoles#test24_verifyBookingSpecialist</h3><table class="result"></table><p class="totop"><a href="#summary">back to summary</a></p><h3 id="m17">com.provenir.automation.framework.testcases.DefaultRoles#test25_verifyProvenirAdmin</h3><table class="result"></table><p class="totop"><a href="#summary">back to summary</a></p><h3 id="m18">com.provenir.automation.framework.testcases.DefaultRoles#test26_verifyCreditRiskManager</h3><table class="result"></table><p class="totop"><a href="#summary">back to summary</a></p><h3 id="m19">com.provenir.automation.framework.testcases.DefaultRoles#test27_verifyCompliance</h3><table class="result"></table><p class="totop"><a href="#summary">back to summary</a></p><h3 id="m20">com.provenir.automation.framework.testcases.DefaultRoles#test28_verifySmallBusinessBankOfficer</h3><table class="result"></table><p class="totop"><a href="#summary">back to summary</a></p><h3 id="m21">com.provenir.automation.framework.testcases.DefaultRoles#test29_verifyUnderwriter</h3><table class="result"></table><p class="totop"><a href="#summary">back to summary</a></p><h3 id="m22">com.provenir.automation.framework.testcases.DefaultRoles#test2_verifyLoanOfficer</h3><table class="result"></table><p class="totop"><a href="#summary">back to summary</a></p><h3 id="m23">com.provenir.automation.framework.testcases.DefaultRoles#test30_verifySmallBusinessAnalyst</h3><table class="result"></table><p class="totop"><a href="#summary">back to summary</a></p><h3 id="m24">com.provenir.automation.framework.testcases.DefaultRoles#test31_verifySmallBusinessUnderwriter</h3><table class="result"></table><p class="totop"><a href="#summary">back to summary</a></p><h3 id="m25">com.provenir.automation.framework.testcases.DefaultRoles#test32_verifySmallBusinessCloser</h3><table class="result"></table><p class="totop"><a href="#summary">back to summary</a></p><h3 id="m26">com.provenir.automation.framework.testcases.DefaultRoles#test3_verifySalesManager</h3><table class="result"></table><p class="totop"><a href="#summary">back to summary</a></p><h3 id="m27">com.provenir.automation.framework.testcases.DefaultRoles#test4_verifySalesExecutive</h3><table class="result"></table><p class="totop"><a href="#summary">back to summary</a></p><h3 id="m28">com.provenir.automation.framework.testcases.DefaultRoles#test5_verifyRelationshipManager</h3><table class="result"></table><p class="totop"><a href="#summary">back to summary</a></p><h3 id="m29">com.provenir.automation.framework.testcases.DefaultRoles#test6_verifyCreditAdmin</h3><table class="result"></table><p class="totop"><a href="#summary">back to summary</a></p><h3 id="m30">com.provenir.automation.framework.testcases.DefaultRoles#test7_verifyCreditAnalyst</h3><table class="result"></table><p class="totop"><a href="#summary">back to summary</a></p><h3 id="m31">com.provenir.automation.framework.testcases.DefaultRoles#test8_verifySrCreditAnalyst</h3><table class="result"></table><p class="totop"><a href="#summary">back to summary</a></p><h3 id="m32">com.provenir.automation.framework.testcases.DefaultRoles#test9_verifyCreditOfficer</h3><table class="result"></table><p class="totop"><a href="#summary">back to summary</a></p><h2>Firefox Test1</h2><h3 id="m33">com.provenir.automation.framework.testcases.WorkflowsTasks#test1_verifyWorkflowforSmallBusinessDisplayed</h3><table class="result"><tr><th>Exception</th></tr><tr><td><div class="stacktrace">java.lang.AssertionError: expected [Workflow for Small Business] but found [* Workflow for Small Business]
	at com.provenir.automation.framework.testcases.WorkflowsTasks.test1_verifyWorkflowforSmallBusinessDisplayed(WorkflowsTasks.java:57)
	at java.util.concurrent.FutureTask.run(Unknown Source)
	at java.util.concurrent.ThreadPoolExecutor.runWorker(Unknown Source)
	at java.util.concurrent.ThreadPoolExecutor$Worker.run(Unknown Source)
	at java.lang.Thread.run(Unknown Source)
... Removed 21 stack frames</div></td></tr></table><p class="totop"><a href="#summary">back to summary</a></p><h3 id="m34">com.provenir.automation.framework.testcases.WorkflowsTasks#test3_verifyTasks</h3><table class="result"><tr><th>Exception</th></tr><tr><td><div class="stacktrace">org.openqa.selenium.NoSuchElementException: Unable to locate element: {&quot;method&quot;:&quot;xpath&quot;,&quot;selector&quot;:&quot;//label[contains(.,&apos;Execute Auto-Decision&apos;)]&quot;}
Command duration or timeout: 5.11 seconds
For documentation on this error, please visit: http://seleniumhq.org/exceptions/no_such_element.html
Build info: version: &apos;2.52.0&apos;, revision: &apos;4c2593c&apos;, time: &apos;2016-02-11 19:03:33&apos;
System info: host: &apos;parasharb-w7&apos;, ip: &apos;172.27.103.103&apos;, os.name: &apos;Windows 7&apos;, os.arch: &apos;amd64&apos;, os.version: &apos;6.1&apos;, java.version: &apos;1.7.0_75&apos;
*** Element info: {Using=xpath, value=//label[contains(.,&apos;Execute Auto-Decision&apos;)]}
Session ID: aef17bab-d1e1-47cc-a8a8-3d04632c077b
Driver info: org.openqa.selenium.firefox.FirefoxDriver
Capabilities [{platform=WINDOWS, acceptSslCerts=true, javascriptEnabled=true, cssSelectorsEnabled=true, databaseEnabled=true, browserName=firefox, handlesAlerts=true, nativeEvents=false, webStorageEnabled=true, rotatable=false, locationContextEnabled=true, applicationCacheEnabled=true, takesScreenshot=true, version=41.0.2}]
	at org.openqa.selenium.remote.ErrorHandler.createThrowable(ErrorHandler.java:206)
	at org.openqa.selenium.remote.ErrorHandler.throwIfResponseFailed(ErrorHandler.java:158)
	at org.openqa.selenium.remote.RemoteWebDriver.execute(RemoteWebDriver.java:678)
	at org.openqa.selenium.remote.RemoteWebDriver.findElement(RemoteWebDriver.java:363)
	at org.openqa.selenium.remote.RemoteWebDriver.findElementByXPath(RemoteWebDriver.java:500)
	at org.openqa.selenium.By$ByXPath.findElement(By.java:361)
	at org.openqa.selenium.remote.RemoteWebDriver.findElement(RemoteWebDriver.java:355)
	at com.provenir.automation.framework.helper.AdminPage.verifyPreAnalysisTasks(AdminPage.java:1668)
	at com.provenir.automation.framework.testcases.WorkflowsTasks.test3_verifyTasks(WorkflowsTasks.java:72)
	at java.util.concurrent.FutureTask.run(Unknown Source)
	at java.util.concurrent.ThreadPoolExecutor.runWorker(Unknown Source)
	at java.util.concurrent.ThreadPoolExecutor$Worker.run(Unknown Source)
	at java.lang.Thread.run(Unknown Source)
Caused by: org.openqa.selenium.NoSuchElementException: Unable to locate element: {&quot;method&quot;:&quot;xpath&quot;,&quot;selector&quot;:&quot;//label[contains(.,&apos;Execute Auto-Decision&apos;)]&quot;}
For documentation on this error, please visit: http://seleniumhq.org/exceptions/no_such_element.html
Build info: version: &apos;2.52.0&apos;, revision: &apos;4c2593c&apos;, time: &apos;2016-02-11 19:03:33&apos;
System info: host: &apos;parasharb-w7&apos;, ip: &apos;172.27.103.103&apos;, os.name: &apos;Windows 7&apos;, os.arch: &apos;amd64&apos;, os.version: &apos;6.1&apos;, java.version: &apos;1.7.0_75&apos;
Driver info: driver.version: unknown
	at &lt;anonymous class&gt;.FirefoxDriver.prototype.findElementInternal_(file:///C:/Users/PARASH~1/AppData/Local/Temp/anonymous1372605554330855713webdriver-profile/extensions/fxdriver@googlecode.com/components/driver-component.js:10723)
	at &lt;anonymous class&gt;.fxdriver.Timer.prototype.setTimeout/&lt;.notify(file:///C:/Users/PARASH~1/AppData/Local/Temp/anonymous1372605554330855713webdriver-profile/extensions/fxdriver@googlecode.com/components/driver-component.js:623)
... Removed 20 stack frames</div></td></tr></table><p class="totop"><a href="#summary">back to summary</a></p><h3 id="m35">com.provenir.automation.framework.testcases.WorkflowsTasks#test4_verifyNewRequestForMoney</h3><table class="result"><tr><th>Exception</th></tr><tr><td><div class="stacktrace">java.lang.AssertionError: expected [* New Request for Money] but found [New Request for Money]
	at com.provenir.automation.framework.testcases.WorkflowsTasks.test4_verifyNewRequestForMoney(WorkflowsTasks.java:88)
	at java.util.concurrent.FutureTask.run(Unknown Source)
	at java.util.concurrent.ThreadPoolExecutor.runWorker(Unknown Source)
	at java.util.concurrent.ThreadPoolExecutor$Worker.run(Unknown Source)
	at java.lang.Thread.run(Unknown Source)
... Removed 21 stack frames</div></td></tr></table><p class="totop"><a href="#summary">back to summary</a></p><h3 id="m36">com.provenir.automation.framework.testcases.WorkflowsTasks#test6_verifyTasksForNewRequestForMoney</h3><table class="result"><tr><th>Exception</th></tr><tr><td><div class="stacktrace">org.openqa.selenium.NoSuchElementException: Unable to locate element: {&quot;method&quot;:&quot;xpath&quot;,&quot;selector&quot;:&quot;//label[contains(.,&apos;OFAC&apos;)]&quot;}
Command duration or timeout: 5.12 seconds
For documentation on this error, please visit: http://seleniumhq.org/exceptions/no_such_element.html
Build info: version: &apos;2.52.0&apos;, revision: &apos;4c2593c&apos;, time: &apos;2016-02-11 19:03:33&apos;
System info: host: &apos;parasharb-w7&apos;, ip: &apos;172.27.103.103&apos;, os.name: &apos;Windows 7&apos;, os.arch: &apos;amd64&apos;, os.version: &apos;6.1&apos;, java.version: &apos;1.7.0_75&apos;
*** Element info: {Using=xpath, value=//label[contains(.,&apos;OFAC&apos;)]}
Session ID: aef17bab-d1e1-47cc-a8a8-3d04632c077b
Driver info: org.openqa.selenium.firefox.FirefoxDriver
Capabilities [{platform=WINDOWS, acceptSslCerts=true, javascriptEnabled=true, cssSelectorsEnabled=true, databaseEnabled=true, browserName=firefox, handlesAlerts=true, nativeEvents=false, webStorageEnabled=true, rotatable=false, locationContextEnabled=true, applicationCacheEnabled=true, takesScreenshot=true, version=41.0.2}]
	at org.openqa.selenium.remote.ErrorHandler.createThrowable(ErrorHandler.java:206)
	at org.openqa.selenium.remote.ErrorHandler.throwIfResponseFailed(ErrorHandler.java:158)
	at org.openqa.selenium.remote.RemoteWebDriver.execute(RemoteWebDriver.java:678)
	at org.openqa.selenium.remote.RemoteWebDriver.findElement(RemoteWebDriver.java:363)
	at org.openqa.selenium.remote.RemoteWebDriver.findElementByXPath(RemoteWebDriver.java:500)
	at org.openqa.selenium.By$ByXPath.findElement(By.java:361)
	at org.openqa.selenium.remote.RemoteWebDriver.findElement(RemoteWebDriver.java:355)
	at com.provenir.automation.framework.helper.AdminPage.verifyCompliance(AdminPage.java:1820)
	at com.provenir.automation.framework.testcases.WorkflowsTasks.test6_verifyTasksForNewRequestForMoney(WorkflowsTasks.java:104)
	at java.util.concurrent.FutureTask.run(Unknown Source)
	at java.util.concurrent.ThreadPoolExecutor.runWorker(Unknown Source)
	at java.util.concurrent.ThreadPoolExecutor$Worker.run(Unknown Source)
	at java.lang.Thread.run(Unknown Source)
Caused by: org.openqa.selenium.NoSuchElementException: Unable to locate element: {&quot;method&quot;:&quot;xpath&quot;,&quot;selector&quot;:&quot;//label[contains(.,&apos;OFAC&apos;)]&quot;}
For documentation on this error, please visit: http://seleniumhq.org/exceptions/no_such_element.html
Build info: version: &apos;2.52.0&apos;, revision: &apos;4c2593c&apos;, time: &apos;2016-02-11 19:03:33&apos;
System info: host: &apos;parasharb-w7&apos;, ip: &apos;172.27.103.103&apos;, os.name: &apos;Windows 7&apos;, os.arch: &apos;amd64&apos;, os.version: &apos;6.1&apos;, java.version: &apos;1.7.0_75&apos;
Driver info: driver.version: unknown
	at &lt;anonymous class&gt;.FirefoxDriver.prototype.findElementInternal_(file:///C:/Users/PARASH~1/AppData/Local/Temp/anonymous1372605554330855713webdriver-profile/extensions/fxdriver@googlecode.com/components/driver-component.js:10723)
	at &lt;anonymous class&gt;.fxdriver.Timer.prototype.setTimeout/&lt;.notify(file:///C:/Users/PARASH~1/AppData/Local/Temp/anonymous1372605554330855713webdriver-profile/extensions/fxdriver@googlecode.com/components/driver-component.js:623)
... Removed 20 stack frames</div></td></tr></table><p class="totop"><a href="#summary">back to summary</a></p><h3 id="m37">com.provenir.automation.framework.testcases.WorkflowsTasks#test0_landingPage</h3><table class="result"></table><p class="totop"><a href="#summary">back to summary</a></p><h3 id="m38">com.provenir.automation.framework.testcases.WorkflowsTasks#test2_verifyworkflowPageDisplayed</h3><table class="result"></table><p class="totop"><a href="#summary">back to summary</a></p><h3 id="m39">com.provenir.automation.framework.testcases.WorkflowsTasks#test5_verifyworkflowPageDisplayed</h3><table class="result"></table><p class="totop"><a href="#summary">back to summary</a></p><h2>Firefox Test2</h2><h3 id="m40">com.provenir.automation.framework.testcases.Checklists#test0_landingPage</h3><table class="result"></table><p class="totop"><a href="#summary">back to summary</a></p><h3 id="m41">com.provenir.automation.framework.testcases.Checklists#test10_verifyDueDiligenceChecklist</h3><table class="result"></table><p class="totop"><a href="#summary">back to summary</a></p><h3 id="m42">com.provenir.automation.framework.testcases.Checklists#test11_verifyApplicationChecklist</h3><table class="result"></table><p class="totop"><a href="#summary">back to summary</a></p><h3 id="m43">com.provenir.automation.framework.testcases.Checklists#test12_verifyApplicationChecklistItems</h3><table class="result"></table><p class="totop"><a href="#summary">back to summary</a></p><h3 id="m44">com.provenir.automation.framework.testcases.Checklists#test1_verifyEligibilityChecklist</h3><table class="result"></table><p class="totop"><a href="#summary">back to summary</a></p><h3 id="m45">com.provenir.automation.framework.testcases.Checklists#test2_verifyPolicyExceptionForSmallBusiness</h3><table class="result"></table><p class="totop"><a href="#summary">back to summary</a></p><h3 id="m46">com.provenir.automation.framework.testcases.Checklists#test3_verifyConditionsAndPrecedent</h3><table class="result"></table><p class="totop"><a href="#summary">back to summary</a></p><h3 id="m47">com.provenir.automation.framework.testcases.Checklists#test4_verifyClosingChecklist</h3><table class="result"></table><p class="totop"><a href="#summary">back to summary</a></p><h3 id="m48">com.provenir.automation.framework.testcases.Checklists#test5_verifyPostBookingQAChecklist</h3><table class="result"></table><p class="totop"><a href="#summary">back to summary</a></p><h3 id="m49">com.provenir.automation.framework.testcases.Checklists#test6_verifyPreBookingChecklist</h3><table class="result"></table><p class="totop"><a href="#summary">back to summary</a></p><h3 id="m50">com.provenir.automation.framework.testcases.Checklists#test7_verifyPreFundingChecklist</h3><table class="result"></table><p class="totop"><a href="#summary">back to summary</a></p><h3 id="m51">com.provenir.automation.framework.testcases.Checklists#test8_verifyPreClosingChecklist</h3><table class="result"></table><p class="totop"><a href="#summary">back to summary</a></p><h3 id="m52">com.provenir.automation.framework.testcases.Checklists#test9_verifyDocumentChecklist</h3><table class="result"></table><p class="totop"><a href="#summary">back to summary</a></p><h2>Firefox Test3</h2><h3 id="m53">com.provenir.automation.framework.testcases.BOA_Wizard#test14_saveTransactionDetails</h3><table class="result"><tr><th>Exception</th></tr><tr><td><div class="stacktrace">org.openqa.selenium.WebDriverException: Element is not clickable at point (301.70001220703125, 731.7000122070312). Other element would receive the click: &lt;div class=&quot;blockUI blockOverlay&quot; style=&quot;z-index: 1000; border: medium none; margin: 0px; padding: 0px; width: 100%; height: 100%; top: 0px; left: 0px; background-color: rgb(0, 0, 0); opacity: 0; cursor: default; position: fixed;&quot;&gt;&lt;/div&gt;
Command duration or timeout: 72 milliseconds
Build info: version: &apos;2.52.0&apos;, revision: &apos;4c2593c&apos;, time: &apos;2016-02-11 19:03:33&apos;
System info: host: &apos;parasharb-w7&apos;, ip: &apos;172.27.103.103&apos;, os.name: &apos;Windows 7&apos;, os.arch: &apos;amd64&apos;, os.version: &apos;6.1&apos;, java.version: &apos;1.7.0_75&apos;
Session ID: f3e5368b-ca76-4217-ade1-230a98cf0322
Driver info: org.openqa.selenium.firefox.FirefoxDriver
Capabilities [{platform=WINDOWS, acceptSslCerts=true, javascriptEnabled=true, cssSelectorsEnabled=true, databaseEnabled=true, browserName=firefox, handlesAlerts=true, nativeEvents=false, webStorageEnabled=true, rotatable=false, locationContextEnabled=true, applicationCacheEnabled=true, takesScreenshot=true, version=41.0.2}]
	at org.openqa.selenium.remote.ErrorHandler.createThrowable(ErrorHandler.java:206)
	at org.openqa.selenium.remote.ErrorHandler.throwIfResponseFailed(ErrorHandler.java:158)
	at org.openqa.selenium.remote.RemoteWebDriver.execute(RemoteWebDriver.java:678)
	at org.openqa.selenium.remote.RemoteWebElement.execute(RemoteWebElement.java:327)
	at org.openqa.selenium.remote.RemoteWebElement.click(RemoteWebElement.java:85)
	at com.provenir.automation.framework.helper.TransactionInfoPage.selBorrowerOnTransactionInformation(TransactionInfoPage.java:682)
	at com.provenir.automation.framework.testcases.BOA_Wizard.test14_saveTransactionDetails(BOA_Wizard.java:291)
	at java.util.concurrent.FutureTask.run(Unknown Source)
	at java.util.concurrent.ThreadPoolExecutor.runWorker(Unknown Source)
	at java.util.concurrent.ThreadPoolExecutor$Worker.run(Unknown Source)
	at java.lang.Thread.run(Unknown Source)
... Removed 20 stack frames</div></td></tr></table><p class="totop"><a href="#summary">back to summary</a></p><h3 id="m54">com.provenir.automation.framework.testcases.BOA_Wizard#test0_landingPage</h3><table class="result"></table><p class="totop"><a href="#summary">back to summary</a></p><h3 id="m55">com.provenir.automation.framework.testcases.BOA_Wizard#test10_verifyCollateralInformationPage</h3><table class="result"></table><p class="totop"><a href="#summary">back to summary</a></p><h3 id="m56">com.provenir.automation.framework.testcases.BOA_Wizard#test11_verifyAddNewBtnOnCollateralInformation</h3><table class="result"></table><p class="totop"><a href="#summary">back to summary</a></p><h3 id="m57">com.provenir.automation.framework.testcases.BOA_Wizard#test12_saveCollateralInformation</h3><table class="result"></table><p class="totop"><a href="#summary">back to summary</a></p><h3 id="m58">com.provenir.automation.framework.testcases.BOA_Wizard#test13_verifyTransactionInformationPage</h3><table class="result"></table><p class="totop"><a href="#summary">back to summary</a></p><h3 id="m59">com.provenir.automation.framework.testcases.BOA_Wizard#test16_verifyAdditionalInformation</h3><table class="result"></table><p class="totop"><a href="#summary">back to summary</a></p><h3 id="m60">com.provenir.automation.framework.testcases.BOA_Wizard#test18_verifySummaryOfApplicationTitle</h3><table class="result"></table><p class="totop"><a href="#summary">back to summary</a></p><h3 id="m61">com.provenir.automation.framework.testcases.BOA_Wizard#test19_clickSubmitOnLastStepOfBOAWizard</h3><table class="result"></table><p class="totop"><a href="#summary">back to summary</a></p><h3 id="m62">com.provenir.automation.framework.testcases.BOA_Wizard#test1_gotoBOAWizard</h3><table class="result"></table><p class="totop"><a href="#summary">back to summary</a></p><h3 id="m63">com.provenir.automation.framework.testcases.BOA_Wizard#test20_verifyReqOnDashboard</h3><table class="result"></table><p class="totop"><a href="#summary">back to summary</a></p><h3 id="m64">com.provenir.automation.framework.testcases.BOA_Wizard#test2_verifyManadatoryFieldsOnRequestSummary</h3><table class="result"></table><p class="totop"><a href="#summary">back to summary</a></p><h3 id="m65">com.provenir.automation.framework.testcases.BOA_Wizard#test3_saveRequestSummaryInformation</h3><table class="result"></table><p class="totop"><a href="#summary">back to summary</a></p><h3 id="m66">com.provenir.automation.framework.testcases.BOA_Wizard#test4_step_verifyAddBtnOnCustInfoPage</h3><table class="result"></table><p class="totop"><a href="#summary">back to summary</a></p><h3 id="m67">com.provenir.automation.framework.testcases.BOA_Wizard#test5_verifyManadatoryFieldsForBusinessTypCustomer</h3><table class="result"></table><p class="totop"><a href="#summary">back to summary</a></p><h3 id="m68">com.provenir.automation.framework.testcases.BOA_Wizard#test6_saveBusinessCustDetails</h3><table class="result"></table><p class="totop"><a href="#summary">back to summary</a></p><h3 id="m69">com.provenir.automation.framework.testcases.BOA_Wizard#test8_verifyManadatoryFieldsForIndividualCustomer</h3><table class="result"></table><p class="totop"><a href="#summary">back to summary</a></p><h3 id="m70">com.provenir.automation.framework.testcases.BOA_Wizard#test9_saveIndividualCustDetails</h3><table class="result"></table><p class="totop"><a href="#summary">back to summary</a></p><h2>Firefox Test4</h2><h3 id="m71">com.provenir.automation.framework.testcases.RegB#test13_completeTasksOnTaskManagement</h3><table class="result"><tr><th>Exception</th></tr><tr><td><div class="stacktrace">org.openqa.selenium.NoSuchElementException: Unable to locate element: {&quot;method&quot;:&quot;xpath&quot;,&quot;selector&quot;:&quot;//li[contains(.,&apos;Abby Lockhart [alockhart]&apos;)]&quot;}
Command duration or timeout: 5.14 seconds
For documentation on this error, please visit: http://seleniumhq.org/exceptions/no_such_element.html
Build info: version: &apos;2.52.0&apos;, revision: &apos;4c2593c&apos;, time: &apos;2016-02-11 19:03:33&apos;
System info: host: &apos;parasharb-w7&apos;, ip: &apos;172.27.103.103&apos;, os.name: &apos;Windows 7&apos;, os.arch: &apos;amd64&apos;, os.version: &apos;6.1&apos;, java.version: &apos;1.7.0_75&apos;
*** Element info: {Using=xpath, value=//li[contains(.,&apos;Abby Lockhart [alockhart]&apos;)]}
Session ID: bfd22369-51dd-4d9f-ad79-16d476222592
Driver info: org.openqa.selenium.firefox.FirefoxDriver
Capabilities [{platform=WINDOWS, acceptSslCerts=true, javascriptEnabled=true, cssSelectorsEnabled=true, databaseEnabled=true, browserName=firefox, handlesAlerts=true, nativeEvents=false, webStorageEnabled=true, rotatable=false, locationContextEnabled=true, applicationCacheEnabled=true, takesScreenshot=true, version=41.0.2}]
	at org.openqa.selenium.remote.ErrorHandler.createThrowable(ErrorHandler.java:206)
	at org.openqa.selenium.remote.ErrorHandler.throwIfResponseFailed(ErrorHandler.java:158)
	at org.openqa.selenium.remote.RemoteWebDriver.execute(RemoteWebDriver.java:678)
	at org.openqa.selenium.remote.RemoteWebDriver.findElement(RemoteWebDriver.java:363)
	at org.openqa.selenium.remote.RemoteWebDriver.findElementByXPath(RemoteWebDriver.java:500)
	at org.openqa.selenium.By$ByXPath.findElement(By.java:361)
	at org.openqa.selenium.remote.RemoteWebDriver.findElement(RemoteWebDriver.java:355)
	at org.openqa.selenium.support.pagefactory.DefaultElementLocator.findElement(DefaultElementLocator.java:69)
	at org.openqa.selenium.support.pagefactory.internal.LocatingElementHandler.invoke(LocatingElementHandler.java:38)
	at com.sun.proxy.$Proxy9.getWrappedElement(Unknown Source)
	at org.openqa.selenium.remote.internal.WebElementToJsonConverter.apply(WebElementToJsonConverter.java:49)
	at com.google.common.collect.Iterators$8.transform(Iterators.java:799)
	at com.google.common.collect.TransformedIterator.next(TransformedIterator.java:48)
	at com.google.common.collect.Iterators.addAll(Iterators.java:362)
	at com.google.common.collect.Lists.newArrayList(Lists.java:160)
	at com.google.common.collect.Lists.newArrayList(Lists.java:144)
	at org.openqa.selenium.remote.RemoteWebDriver.executeScript(RemoteWebDriver.java:572)
	at com.provenir.automation.framework.helper.Credit360Helper.enterAssignedUser(Credit360Helper.java:443)
	at com.provenir.automation.framework.testcases.RegB.test13_completeTasksOnTaskManagement(RegB.java:187)
	at java.util.concurrent.FutureTask.run(Unknown Source)
	at java.util.concurrent.ThreadPoolExecutor.runWorker(Unknown Source)
	at java.util.concurrent.ThreadPoolExecutor$Worker.run(Unknown Source)
	at java.lang.Thread.run(Unknown Source)
Caused by: org.openqa.selenium.NoSuchElementException: Unable to locate element: {&quot;method&quot;:&quot;xpath&quot;,&quot;selector&quot;:&quot;//li[contains(.,&apos;Abby Lockhart [alockhart]&apos;)]&quot;}
For documentation on this error, please visit: http://seleniumhq.org/exceptions/no_such_element.html
Build info: version: &apos;2.52.0&apos;, revision: &apos;4c2593c&apos;, time: &apos;2016-02-11 19:03:33&apos;
System info: host: &apos;parasharb-w7&apos;, ip: &apos;172.27.103.103&apos;, os.name: &apos;Windows 7&apos;, os.arch: &apos;amd64&apos;, os.version: &apos;6.1&apos;, java.version: &apos;1.7.0_75&apos;
Driver info: driver.version: unknown
	at &lt;anonymous class&gt;.FirefoxDriver.prototype.findElementInternal_(file:///C:/Users/PARASH~1/AppData/Local/Temp/anonymous7924758254751600466webdriver-profile/extensions/fxdriver@googlecode.com/components/driver-component.js:10723)
	at &lt;anonymous class&gt;.fxdriver.Timer.prototype.setTimeout/&lt;.notify(file:///C:/Users/PARASH~1/AppData/Local/Temp/anonymous7924758254751600466webdriver-profile/extensions/fxdriver@googlecode.com/components/driver-component.js:623)
... Removed 19 stack frames</div></td></tr></table><p class="totop"><a href="#summary">back to summary</a></p><h3 id="m72">com.provenir.automation.framework.testcases.RegB#test14_completeTaskOfPolicyException</h3><table class="result"><tr><th>Exception</th></tr><tr><td><div class="stacktrace">org.openqa.selenium.WebDriverException: Element is not clickable at point (244, 174.10000610351562). Other element would receive the click: &lt;div class=&quot;screenoverlay&quot; style=&quot;height: 3058px; z-index: 1002;&quot;&gt;&lt;/div&gt;
Command duration or timeout: 76 milliseconds
Build info: version: &apos;2.52.0&apos;, revision: &apos;4c2593c&apos;, time: &apos;2016-02-11 19:03:33&apos;
System info: host: &apos;parasharb-w7&apos;, ip: &apos;172.27.103.103&apos;, os.name: &apos;Windows 7&apos;, os.arch: &apos;amd64&apos;, os.version: &apos;6.1&apos;, java.version: &apos;1.7.0_75&apos;
Session ID: bfd22369-51dd-4d9f-ad79-16d476222592
Driver info: org.openqa.selenium.firefox.FirefoxDriver
Capabilities [{platform=WINDOWS, acceptSslCerts=true, javascriptEnabled=true, cssSelectorsEnabled=true, databaseEnabled=true, browserName=firefox, handlesAlerts=true, nativeEvents=false, webStorageEnabled=true, rotatable=false, locationContextEnabled=true, applicationCacheEnabled=true, takesScreenshot=true, version=41.0.2}]
	at org.openqa.selenium.remote.ErrorHandler.createThrowable(ErrorHandler.java:206)
	at org.openqa.selenium.remote.ErrorHandler.throwIfResponseFailed(ErrorHandler.java:158)
	at org.openqa.selenium.remote.RemoteWebDriver.execute(RemoteWebDriver.java:678)
	at org.openqa.selenium.remote.RemoteWebElement.execute(RemoteWebElement.java:327)
	at org.openqa.selenium.remote.RemoteWebElement.click(RemoteWebElement.java:85)
	at org.openqa.selenium.support.pagefactory.internal.LocatingElementHandler.invoke(LocatingElementHandler.java:51)
	at com.sun.proxy.$Proxy9.click(Unknown Source)
	at com.provenir.automation.framework.helper.Credit360Helper.expandDecision(Credit360Helper.java:695)
	at com.provenir.automation.framework.testcases.RegB.test14_completeTaskOfPolicyException(RegB.java:202)
	at java.util.concurrent.FutureTask.run(Unknown Source)
	at java.util.concurrent.ThreadPoolExecutor.runWorker(Unknown Source)
	at java.util.concurrent.ThreadPoolExecutor$Worker.run(Unknown Source)
	at java.lang.Thread.run(Unknown Source)
... Removed 23 stack frames</div></td></tr></table><p class="totop"><a href="#summary">back to summary</a></p><h3 id="m73">com.provenir.automation.framework.testcases.RegB#test15_refreshPage</h3><table class="result"><tr><th>Exception</th></tr><tr><td><div class="stacktrace">org.openqa.selenium.WebDriverException: Element is not clickable at point (771, 23). Other element would receive the click: &lt;div class=&quot;screenoverlay&quot; style=&quot;height: 3058px; z-index: 1002;&quot;&gt;&lt;/div&gt;
Command duration or timeout: 64 milliseconds
Build info: version: &apos;2.52.0&apos;, revision: &apos;4c2593c&apos;, time: &apos;2016-02-11 19:03:33&apos;
System info: host: &apos;parasharb-w7&apos;, ip: &apos;172.27.103.103&apos;, os.name: &apos;Windows 7&apos;, os.arch: &apos;amd64&apos;, os.version: &apos;6.1&apos;, java.version: &apos;1.7.0_75&apos;
Session ID: bfd22369-51dd-4d9f-ad79-16d476222592
Driver info: org.openqa.selenium.firefox.FirefoxDriver
Capabilities [{platform=WINDOWS, acceptSslCerts=true, javascriptEnabled=true, cssSelectorsEnabled=true, databaseEnabled=true, browserName=firefox, handlesAlerts=true, nativeEvents=false, webStorageEnabled=true, rotatable=false, locationContextEnabled=true, applicationCacheEnabled=true, takesScreenshot=true, version=41.0.2}]
	at org.openqa.selenium.remote.ErrorHandler.createThrowable(ErrorHandler.java:206)
	at org.openqa.selenium.remote.ErrorHandler.throwIfResponseFailed(ErrorHandler.java:158)
	at org.openqa.selenium.remote.RemoteWebDriver.execute(RemoteWebDriver.java:678)
	at org.openqa.selenium.remote.RemoteWebElement.execute(RemoteWebElement.java:327)
	at org.openqa.selenium.remote.RemoteWebElement.click(RemoteWebElement.java:85)
	at org.openqa.selenium.support.pagefactory.internal.LocatingElementHandler.invoke(LocatingElementHandler.java:51)
	at com.sun.proxy.$Proxy9.click(Unknown Source)
	at com.provenir.automation.framework.helper.Credit360Helper.clickHome(Credit360Helper.java:571)
	at com.provenir.automation.framework.testcases.RegB.test15_refreshPage(RegB.java:215)
	at java.util.concurrent.FutureTask.run(Unknown Source)
	at java.util.concurrent.ThreadPoolExecutor.runWorker(Unknown Source)
	at java.util.concurrent.ThreadPoolExecutor$Worker.run(Unknown Source)
	at java.lang.Thread.run(Unknown Source)
... Removed 23 stack frames</div></td></tr></table><p class="totop"><a href="#summary">back to summary</a></p><h3 id="m74">com.provenir.automation.framework.testcases.RegB#test16_gotoRegBSection</h3><table class="result"><tr><th>Exception</th></tr><tr><td><div class="stacktrace">org.openqa.selenium.WebDriverException: Element is not clickable at point (95, 511). Other element would receive the click: &lt;div class=&quot;screenoverlay&quot; style=&quot;height: 3058px; z-index: 1002;&quot;&gt;&lt;/div&gt;
Command duration or timeout: 67 milliseconds
Build info: version: &apos;2.52.0&apos;, revision: &apos;4c2593c&apos;, time: &apos;2016-02-11 19:03:33&apos;
System info: host: &apos;parasharb-w7&apos;, ip: &apos;172.27.103.103&apos;, os.name: &apos;Windows 7&apos;, os.arch: &apos;amd64&apos;, os.version: &apos;6.1&apos;, java.version: &apos;1.7.0_75&apos;
Session ID: bfd22369-51dd-4d9f-ad79-16d476222592
Driver info: org.openqa.selenium.firefox.FirefoxDriver
Capabilities [{platform=WINDOWS, acceptSslCerts=true, javascriptEnabled=true, cssSelectorsEnabled=true, databaseEnabled=true, browserName=firefox, handlesAlerts=true, nativeEvents=false, webStorageEnabled=true, rotatable=false, locationContextEnabled=true, applicationCacheEnabled=true, takesScreenshot=true, version=41.0.2}]
	at org.openqa.selenium.remote.ErrorHandler.createThrowable(ErrorHandler.java:206)
	at org.openqa.selenium.remote.ErrorHandler.throwIfResponseFailed(ErrorHandler.java:158)
	at org.openqa.selenium.remote.RemoteWebDriver.execute(RemoteWebDriver.java:678)
	at org.openqa.selenium.remote.RemoteWebElement.execute(RemoteWebElement.java:327)
	at org.openqa.selenium.remote.RemoteWebElement.click(RemoteWebElement.java:85)
	at org.openqa.selenium.support.pagefactory.internal.LocatingElementHandler.invoke(LocatingElementHandler.java:51)
	at com.sun.proxy.$Proxy9.click(Unknown Source)
	at com.provenir.automation.framework.helper.Credit360Helper.clickRegB(Credit360Helper.java:723)
	at com.provenir.automation.framework.testcases.RegB.test16_gotoRegBSection(RegB.java:225)
	at java.util.concurrent.FutureTask.run(Unknown Source)
	at java.util.concurrent.ThreadPoolExecutor.runWorker(Unknown Source)
	at java.util.concurrent.ThreadPoolExecutor$Worker.run(Unknown Source)
	at java.lang.Thread.run(Unknown Source)
... Removed 23 stack frames</div></td></tr></table><p class="totop"><a href="#summary">back to summary</a></p><h3 id="m75">com.provenir.automation.framework.testcases.RegB#test17_verifyRegBStartDate</h3><table class="result"><tr><th>Exception</th></tr><tr><td><div class="stacktrace">java.lang.AssertionError: expected [true] but found [false]
	at com.provenir.automation.framework.testcases.RegB.test17_verifyRegBStartDate(RegB.java:231)
	at java.util.concurrent.FutureTask.run(Unknown Source)
	at java.util.concurrent.ThreadPoolExecutor.runWorker(Unknown Source)
	at java.util.concurrent.ThreadPoolExecutor$Worker.run(Unknown Source)
	at java.lang.Thread.run(Unknown Source)
... Removed 20 stack frames</div></td></tr></table><p class="totop"><a href="#summary">back to summary</a></p><h3 id="m76">com.provenir.automation.framework.testcases.RegB#test0_landingPage</h3><table class="result"></table><p class="totop"><a href="#summary">back to summary</a></p><h3 id="m77">com.provenir.automation.framework.testcases.RegB#test10_verifyCredit360Page</h3><table class="result"></table><p class="totop"><a href="#summary">back to summary</a></p><h3 id="m78">com.provenir.automation.framework.testcases.RegB#test11_gotoRegB</h3><table class="result"></table><p class="totop"><a href="#summary">back to summary</a></p><h3 id="m79">com.provenir.automation.framework.testcases.RegB#test12_verifyRegBStartDate</h3><table class="result"></table><p class="totop"><a href="#summary">back to summary</a></p><h3 id="m80">com.provenir.automation.framework.testcases.RegB#test1_gotoBOAWizard</h3><table class="result"></table><p class="totop"><a href="#summary">back to summary</a></p><h3 id="m81">com.provenir.automation.framework.testcases.RegB#test2_verifyManadatoryFieldsOnRequestSummary</h3><table class="result"></table><p class="totop"><a href="#summary">back to summary</a></p><h3 id="m82">com.provenir.automation.framework.testcases.RegB#test3_saveRequestSummaryInformation</h3><table class="result"></table><p class="totop"><a href="#summary">back to summary</a></p><h3 id="m83">com.provenir.automation.framework.testcases.RegB#test4_verifyCollateralInformationPage</h3><table class="result"></table><p class="totop"><a href="#summary">back to summary</a></p><h3 id="m84">com.provenir.automation.framework.testcases.RegB#test5_verifyTransactionInformationPage</h3><table class="result"></table><p class="totop"><a href="#summary">back to summary</a></p><h3 id="m85">com.provenir.automation.framework.testcases.RegB#test6_verifyAdditionalInformation</h3><table class="result"></table><p class="totop"><a href="#summary">back to summary</a></p><h3 id="m86">com.provenir.automation.framework.testcases.RegB#test7_verifySummaryOfApplicationTitle</h3><table class="result"></table><p class="totop"><a href="#summary">back to summary</a></p><h3 id="m87">com.provenir.automation.framework.testcases.RegB#test8_clickSubmitOnLastStepOfBOAWizard</h3><table class="result"></table><p class="totop"><a href="#summary">back to summary</a></p><h3 id="m88">com.provenir.automation.framework.testcases.RegB#test9_verifyReqOnDashboard</h3><table class="result"></table><p class="totop"><a href="#summary">back to summary</a></p><h2>Firefox Test5</h2><h3 id="m89">com.provenir.automation.framework.testcases.StatusUpdate#test14_saveTransactionDetails</h3><table class="result"><tr><th>Exception</th></tr><tr><td><div class="stacktrace">org.openqa.selenium.WebDriverException: Element is not clickable at point (1001.38330078125, 706.2000122070312). Other element would receive the click: &lt;div class=&quot;blockUI blockOverlay&quot; style=&quot;z-index: 1000; border: medium none; margin: 0px; padding: 0px; width: 100%; height: 100%; top: 0px; left: 0px; background-color: rgb(0, 0, 0); opacity: 0; cursor: default; position: fixed;&quot;&gt;&lt;/div&gt;
Command duration or timeout: 77 milliseconds
Build info: version: &apos;2.52.0&apos;, revision: &apos;4c2593c&apos;, time: &apos;2016-02-11 19:03:33&apos;
System info: host: &apos;parasharb-w7&apos;, ip: &apos;172.27.103.103&apos;, os.name: &apos;Windows 7&apos;, os.arch: &apos;amd64&apos;, os.version: &apos;6.1&apos;, java.version: &apos;1.7.0_75&apos;
Session ID: 12205677-43c9-4914-9607-53fefeabf286
Driver info: org.openqa.selenium.firefox.FirefoxDriver
Capabilities [{platform=WINDOWS, acceptSslCerts=true, javascriptEnabled=true, cssSelectorsEnabled=true, databaseEnabled=true, browserName=firefox, handlesAlerts=true, nativeEvents=false, webStorageEnabled=true, rotatable=false, locationContextEnabled=true, applicationCacheEnabled=true, takesScreenshot=true, version=41.0.2}]
	at org.openqa.selenium.remote.ErrorHandler.createThrowable(ErrorHandler.java:206)
	at org.openqa.selenium.remote.ErrorHandler.throwIfResponseFailed(ErrorHandler.java:158)
	at org.openqa.selenium.remote.RemoteWebDriver.execute(RemoteWebDriver.java:678)
	at org.openqa.selenium.remote.RemoteWebElement.execute(RemoteWebElement.java:327)
	at org.openqa.selenium.remote.RemoteWebElement.click(RemoteWebElement.java:85)
	at com.provenir.automation.framework.helper.TransactionInfoPage.selRelationshipTyp(TransactionInfoPage.java:694)
	at com.provenir.automation.framework.testcases.StatusUpdate.test14_saveTransactionDetails(StatusUpdate.java:295)
	at java.util.concurrent.FutureTask.run(Unknown Source)
	at java.util.concurrent.ThreadPoolExecutor.runWorker(Unknown Source)
	at java.util.concurrent.ThreadPoolExecutor$Worker.run(Unknown Source)
	at java.lang.Thread.run(Unknown Source)
... Removed 20 stack frames</div></td></tr></table><p class="totop"><a href="#summary">back to summary</a></p><h3 id="m90">com.provenir.automation.framework.testcases.StatusUpdate#test24_verifyCreditStatusAsCreditDecisioning</h3><table class="result"><tr><th>Exception</th></tr><tr><td><div class="stacktrace">org.openqa.selenium.NoSuchElementException: Unable to locate element: {&quot;method&quot;:&quot;xpath&quot;,&quot;selector&quot;:&quot;.//*[@id=&apos;UPSERTCUSTCREDREQFORM&apos;]/div/div[6]/div[2]/div[1]/div[contains(.,&apos;Credit Decisioning&apos;)]&quot;}
Command duration or timeout: 5.16 seconds
For documentation on this error, please visit: http://seleniumhq.org/exceptions/no_such_element.html
Build info: version: &apos;2.52.0&apos;, revision: &apos;4c2593c&apos;, time: &apos;2016-02-11 19:03:33&apos;
System info: host: &apos;parasharb-w7&apos;, ip: &apos;172.27.103.103&apos;, os.name: &apos;Windows 7&apos;, os.arch: &apos;amd64&apos;, os.version: &apos;6.1&apos;, java.version: &apos;1.7.0_75&apos;
*** Element info: {Using=xpath, value=.//*[@id=&apos;UPSERTCUSTCREDREQFORM&apos;]/div/div[6]/div[2]/div[1]/div[contains(.,&apos;Credit Decisioning&apos;)]}
Session ID: 12205677-43c9-4914-9607-53fefeabf286
Driver info: org.openqa.selenium.firefox.FirefoxDriver
Capabilities [{platform=WINDOWS, acceptSslCerts=true, javascriptEnabled=true, cssSelectorsEnabled=true, databaseEnabled=true, browserName=firefox, handlesAlerts=true, nativeEvents=false, webStorageEnabled=true, rotatable=false, locationContextEnabled=true, applicationCacheEnabled=true, takesScreenshot=true, version=41.0.2}]
	at org.openqa.selenium.remote.ErrorHandler.createThrowable(ErrorHandler.java:206)
	at org.openqa.selenium.remote.ErrorHandler.throwIfResponseFailed(ErrorHandler.java:158)
	at org.openqa.selenium.remote.RemoteWebDriver.execute(RemoteWebDriver.java:678)
	at org.openqa.selenium.remote.RemoteWebDriver.findElement(RemoteWebDriver.java:363)
	at org.openqa.selenium.remote.RemoteWebDriver.findElementByXPath(RemoteWebDriver.java:500)
	at org.openqa.selenium.By$ByXPath.findElement(By.java:361)
	at org.openqa.selenium.remote.RemoteWebDriver.findElement(RemoteWebDriver.java:355)
	at com.provenir.automation.framework.helper.Credit360Helper.verifyReqStatus(Credit360Helper.java:781)
	at com.provenir.automation.framework.testcases.StatusUpdate.test24_verifyCreditStatusAsCreditDecisioning(StatusUpdate.java:377)
	at java.util.concurrent.FutureTask.run(Unknown Source)
	at java.util.concurrent.ThreadPoolExecutor.runWorker(Unknown Source)
	at java.util.concurrent.ThreadPoolExecutor$Worker.run(Unknown Source)
	at java.lang.Thread.run(Unknown Source)
Caused by: org.openqa.selenium.NoSuchElementException: Unable to locate element: {&quot;method&quot;:&quot;xpath&quot;,&quot;selector&quot;:&quot;.//*[@id=&apos;UPSERTCUSTCREDREQFORM&apos;]/div/div[6]/div[2]/div[1]/div[contains(.,&apos;Credit Decisioning&apos;)]&quot;}
For documentation on this error, please visit: http://seleniumhq.org/exceptions/no_such_element.html
Build info: version: &apos;2.52.0&apos;, revision: &apos;4c2593c&apos;, time: &apos;2016-02-11 19:03:33&apos;
System info: host: &apos;parasharb-w7&apos;, ip: &apos;172.27.103.103&apos;, os.name: &apos;Windows 7&apos;, os.arch: &apos;amd64&apos;, os.version: &apos;6.1&apos;, java.version: &apos;1.7.0_75&apos;
Driver info: driver.version: unknown
	at &lt;anonymous class&gt;.FirefoxDriver.prototype.findElementInternal_(file:///C:/Users/PARASH~1/AppData/Local/Temp/anonymous8154662038813502347webdriver-profile/extensions/fxdriver@googlecode.com/components/driver-component.js:10723)
	at &lt;anonymous class&gt;.fxdriver.Timer.prototype.setTimeout/&lt;.notify(file:///C:/Users/PARASH~1/AppData/Local/Temp/anonymous8154662038813502347webdriver-profile/extensions/fxdriver@googlecode.com/components/driver-component.js:623)
... Removed 19 stack frames</div></td></tr></table><p class="totop"><a href="#summary">back to summary</a></p><h3 id="m91">com.provenir.automation.framework.testcases.StatusUpdate#test27_verifyCreditStatus</h3><table class="result"><tr><th>Exception</th></tr><tr><td><div class="stacktrace">org.openqa.selenium.NoSuchElementException: Unable to locate element: {&quot;method&quot;:&quot;xpath&quot;,&quot;selector&quot;:&quot;.//*[@id=&apos;UPSERTCUSTCREDREQFORM&apos;]/div/div[6]/div[2]/div[1]/div[contains(.,&apos;Credit Decisioning&apos;)]&quot;}
Command duration or timeout: 5.12 seconds
For documentation on this error, please visit: http://seleniumhq.org/exceptions/no_such_element.html
Build info: version: &apos;2.52.0&apos;, revision: &apos;4c2593c&apos;, time: &apos;2016-02-11 19:03:33&apos;
System info: host: &apos;parasharb-w7&apos;, ip: &apos;172.27.103.103&apos;, os.name: &apos;Windows 7&apos;, os.arch: &apos;amd64&apos;, os.version: &apos;6.1&apos;, java.version: &apos;1.7.0_75&apos;
*** Element info: {Using=xpath, value=.//*[@id=&apos;UPSERTCUSTCREDREQFORM&apos;]/div/div[6]/div[2]/div[1]/div[contains(.,&apos;Credit Decisioning&apos;)]}
Session ID: 12205677-43c9-4914-9607-53fefeabf286
Driver info: org.openqa.selenium.firefox.FirefoxDriver
Capabilities [{platform=WINDOWS, acceptSslCerts=true, javascriptEnabled=true, cssSelectorsEnabled=true, databaseEnabled=true, browserName=firefox, handlesAlerts=true, nativeEvents=false, webStorageEnabled=true, rotatable=false, locationContextEnabled=true, applicationCacheEnabled=true, takesScreenshot=true, version=41.0.2}]
	at org.openqa.selenium.remote.ErrorHandler.createThrowable(ErrorHandler.java:206)
	at org.openqa.selenium.remote.ErrorHandler.throwIfResponseFailed(ErrorHandler.java:158)
	at org.openqa.selenium.remote.RemoteWebDriver.execute(RemoteWebDriver.java:678)
	at org.openqa.selenium.remote.RemoteWebDriver.findElement(RemoteWebDriver.java:363)
	at org.openqa.selenium.remote.RemoteWebDriver.findElementByXPath(RemoteWebDriver.java:500)
	at org.openqa.selenium.By$ByXPath.findElement(By.java:361)
	at org.openqa.selenium.remote.RemoteWebDriver.findElement(RemoteWebDriver.java:355)
	at com.provenir.automation.framework.helper.Credit360Helper.verifyReqStatus(Credit360Helper.java:781)
	at com.provenir.automation.framework.testcases.StatusUpdate.test27_verifyCreditStatus(StatusUpdate.java:417)
	at java.util.concurrent.FutureTask.run(Unknown Source)
	at java.util.concurrent.ThreadPoolExecutor.runWorker(Unknown Source)
	at java.util.concurrent.ThreadPoolExecutor$Worker.run(Unknown Source)
	at java.lang.Thread.run(Unknown Source)
Caused by: org.openqa.selenium.NoSuchElementException: Unable to locate element: {&quot;method&quot;:&quot;xpath&quot;,&quot;selector&quot;:&quot;.//*[@id=&apos;UPSERTCUSTCREDREQFORM&apos;]/div/div[6]/div[2]/div[1]/div[contains(.,&apos;Credit Decisioning&apos;)]&quot;}
For documentation on this error, please visit: http://seleniumhq.org/exceptions/no_such_element.html
Build info: version: &apos;2.52.0&apos;, revision: &apos;4c2593c&apos;, time: &apos;2016-02-11 19:03:33&apos;
System info: host: &apos;parasharb-w7&apos;, ip: &apos;172.27.103.103&apos;, os.name: &apos;Windows 7&apos;, os.arch: &apos;amd64&apos;, os.version: &apos;6.1&apos;, java.version: &apos;1.7.0_75&apos;
Driver info: driver.version: unknown
	at &lt;anonymous class&gt;.FirefoxDriver.prototype.findElementInternal_(file:///C:/Users/PARASH~1/AppData/Local/Temp/anonymous8154662038813502347webdriver-profile/extensions/fxdriver@googlecode.com/components/driver-component.js:10723)
	at &lt;anonymous class&gt;.fxdriver.Timer.prototype.setTimeout/&lt;.notify(file:///C:/Users/PARASH~1/AppData/Local/Temp/anonymous8154662038813502347webdriver-profile/extensions/fxdriver@googlecode.com/components/driver-component.js:623)
... Removed 19 stack frames</div></td></tr></table><p class="totop"><a href="#summary">back to summary</a></p><h3 id="m92">com.provenir.automation.framework.testcases.StatusUpdate#test28_completeCustomerAcceptance</h3><table class="result"><tr><th>Exception</th></tr><tr><td><div class="stacktrace">org.openqa.selenium.WebDriverException: argumen5ts is not defined
Command duration or timeout: 11 milliseconds
Build info: version: &apos;2.52.0&apos;, revision: &apos;4c2593c&apos;, time: &apos;2016-02-11 19:03:33&apos;
System info: host: &apos;parasharb-w7&apos;, ip: &apos;172.27.103.103&apos;, os.name: &apos;Windows 7&apos;, os.arch: &apos;amd64&apos;, os.version: &apos;6.1&apos;, java.version: &apos;1.7.0_75&apos;
Session ID: 12205677-43c9-4914-9607-53fefeabf286
Driver info: org.openqa.selenium.firefox.FirefoxDriver
Capabilities [{platform=WINDOWS, acceptSslCerts=true, javascriptEnabled=true, cssSelectorsEnabled=true, databaseEnabled=true, browserName=firefox, handlesAlerts=true, nativeEvents=false, webStorageEnabled=true, rotatable=false, locationContextEnabled=true, applicationCacheEnabled=true, takesScreenshot=true, version=41.0.2}]
	at org.openqa.selenium.remote.ErrorHandler.createThrowable(ErrorHandler.java:206)
	at org.openqa.selenium.remote.ErrorHandler.throwIfResponseFailed(ErrorHandler.java:158)
	at org.openqa.selenium.remote.RemoteWebDriver.execute(RemoteWebDriver.java:678)
	at org.openqa.selenium.remote.RemoteWebDriver.executeScript(RemoteWebDriver.java:577)
	at com.provenir.automation.framework.helper.Credit360Helper.reassignTaskOfCustomerAcceptance(Credit360Helper.java:334)
	at com.provenir.automation.framework.testcases.StatusUpdate.test28_completeCustomerAcceptance(StatusUpdate.java:428)
	at java.util.concurrent.FutureTask.run(Unknown Source)
	at java.util.concurrent.ThreadPoolExecutor.runWorker(Unknown Source)
	at java.util.concurrent.ThreadPoolExecutor$Worker.run(Unknown Source)
	at java.lang.Thread.run(Unknown Source)
Caused by: org.openqa.selenium.WebDriverException: argumen5ts is not defined
Build info: version: &apos;2.52.0&apos;, revision: &apos;4c2593c&apos;, time: &apos;2016-02-11 19:03:33&apos;
System info: host: &apos;parasharb-w7&apos;, ip: &apos;172.27.103.103&apos;, os.name: &apos;Windows 7&apos;, os.arch: &apos;amd64&apos;, os.version: &apos;6.1&apos;, java.version: &apos;1.7.0_75&apos;
Driver info: driver.version: unknown
	at &lt;anonymous class&gt;.anonymous(http://was01.provapps.com:9080/ProvAppCLWeb/default.jsp line 69 &gt; Function:1)
	at &lt;anonymous class&gt;.handleEvaluateEvent(http://was01.provapps.com:9080/ProvAppCLWeb/default.jsp:69)
... Removed 20 stack frames</div></td></tr></table><p class="totop"><a href="#summary">back to summary</a></p><h3 id="m93">com.provenir.automation.framework.testcases.StatusUpdate#test29_completeChildTaskOfCustomerAcceptance</h3><table class="result"><tr><th>Exception</th></tr><tr><td><div class="stacktrace">org.openqa.selenium.WebDriverException: argumen5ts is not defined
Command duration or timeout: 12 milliseconds
Build info: version: &apos;2.52.0&apos;, revision: &apos;4c2593c&apos;, time: &apos;2016-02-11 19:03:33&apos;
System info: host: &apos;parasharb-w7&apos;, ip: &apos;172.27.103.103&apos;, os.name: &apos;Windows 7&apos;, os.arch: &apos;amd64&apos;, os.version: &apos;6.1&apos;, java.version: &apos;1.7.0_75&apos;
Session ID: 12205677-43c9-4914-9607-53fefeabf286
Driver info: org.openqa.selenium.firefox.FirefoxDriver
Capabilities [{platform=WINDOWS, acceptSslCerts=true, javascriptEnabled=true, cssSelectorsEnabled=true, databaseEnabled=true, browserName=firefox, handlesAlerts=true, nativeEvents=false, webStorageEnabled=true, rotatable=false, locationContextEnabled=true, applicationCacheEnabled=true, takesScreenshot=true, version=41.0.2}]
	at org.openqa.selenium.remote.ErrorHandler.createThrowable(ErrorHandler.java:206)
	at org.openqa.selenium.remote.ErrorHandler.throwIfResponseFailed(ErrorHandler.java:158)
	at org.openqa.selenium.remote.RemoteWebDriver.execute(RemoteWebDriver.java:678)
	at org.openqa.selenium.remote.RemoteWebDriver.executeScript(RemoteWebDriver.java:577)
	at com.provenir.automation.framework.helper.Credit360Helper.reassignTaskOfCompleteApplication(Credit360Helper.java:393)
	at com.provenir.automation.framework.testcases.StatusUpdate.test29_completeChildTaskOfCustomerAcceptance(StatusUpdate.java:445)
	at java.util.concurrent.FutureTask.run(Unknown Source)
	at java.util.concurrent.ThreadPoolExecutor.runWorker(Unknown Source)
	at java.util.concurrent.ThreadPoolExecutor$Worker.run(Unknown Source)
	at java.lang.Thread.run(Unknown Source)
Caused by: org.openqa.selenium.WebDriverException: argumen5ts is not defined
Build info: version: &apos;2.52.0&apos;, revision: &apos;4c2593c&apos;, time: &apos;2016-02-11 19:03:33&apos;
System info: host: &apos;parasharb-w7&apos;, ip: &apos;172.27.103.103&apos;, os.name: &apos;Windows 7&apos;, os.arch: &apos;amd64&apos;, os.version: &apos;6.1&apos;, java.version: &apos;1.7.0_75&apos;
Driver info: driver.version: unknown
	at &lt;anonymous class&gt;.anonymous(http://was01.provapps.com:9080/ProvAppCLWeb/default.jsp line 69 &gt; Function:1)
	at &lt;anonymous class&gt;.handleEvaluateEvent(http://was01.provapps.com:9080/ProvAppCLWeb/default.jsp:69)
... Removed 20 stack frames</div></td></tr></table><p class="totop"><a href="#summary">back to summary</a></p><h3 id="m94">com.provenir.automation.framework.testcases.StatusUpdate#test31_verifyStatusAsDueDiligence</h3><table class="result"><tr><th>Exception</th></tr><tr><td><div class="stacktrace">org.openqa.selenium.NoSuchElementException: Unable to locate element: {&quot;method&quot;:&quot;xpath&quot;,&quot;selector&quot;:&quot;.//*[@id=&apos;UPSERTCUSTCREDREQFORM&apos;]/div/div[6]/div[2]/div[1]/div[contains(.,&apos;Due Diligence&apos;)]&quot;}
Command duration or timeout: 5.08 seconds
For documentation on this error, please visit: http://seleniumhq.org/exceptions/no_such_element.html
Build info: version: &apos;2.52.0&apos;, revision: &apos;4c2593c&apos;, time: &apos;2016-02-11 19:03:33&apos;
System info: host: &apos;parasharb-w7&apos;, ip: &apos;172.27.103.103&apos;, os.name: &apos;Windows 7&apos;, os.arch: &apos;amd64&apos;, os.version: &apos;6.1&apos;, java.version: &apos;1.7.0_75&apos;
*** Element info: {Using=xpath, value=.//*[@id=&apos;UPSERTCUSTCREDREQFORM&apos;]/div/div[6]/div[2]/div[1]/div[contains(.,&apos;Due Diligence&apos;)]}
Session ID: 12205677-43c9-4914-9607-53fefeabf286
Driver info: org.openqa.selenium.firefox.FirefoxDriver
Capabilities [{platform=WINDOWS, acceptSslCerts=true, javascriptEnabled=true, cssSelectorsEnabled=true, databaseEnabled=true, browserName=firefox, handlesAlerts=true, nativeEvents=false, webStorageEnabled=true, rotatable=false, locationContextEnabled=true, applicationCacheEnabled=true, takesScreenshot=true, version=41.0.2}]
	at org.openqa.selenium.remote.ErrorHandler.createThrowable(ErrorHandler.java:206)
	at org.openqa.selenium.remote.ErrorHandler.throwIfResponseFailed(ErrorHandler.java:158)
	at org.openqa.selenium.remote.RemoteWebDriver.execute(RemoteWebDriver.java:678)
	at org.openqa.selenium.remote.RemoteWebDriver.findElement(RemoteWebDriver.java:363)
	at org.openqa.selenium.remote.RemoteWebDriver.findElementByXPath(RemoteWebDriver.java:500)
	at org.openqa.selenium.By$ByXPath.findElement(By.java:361)
	at org.openqa.selenium.remote.RemoteWebDriver.findElement(RemoteWebDriver.java:355)
	at com.provenir.automation.framework.helper.Credit360Helper.verifyDueDiligence(Credit360Helper.java:759)
	at com.provenir.automation.framework.testcases.StatusUpdate.test31_verifyStatusAsDueDiligence(StatusUpdate.java:469)
	at java.util.concurrent.FutureTask.run(Unknown Source)
	at java.util.concurrent.ThreadPoolExecutor.runWorker(Unknown Source)
	at java.util.concurrent.ThreadPoolExecutor$Worker.run(Unknown Source)
	at java.lang.Thread.run(Unknown Source)
Caused by: org.openqa.selenium.NoSuchElementException: Unable to locate element: {&quot;method&quot;:&quot;xpath&quot;,&quot;selector&quot;:&quot;.//*[@id=&apos;UPSERTCUSTCREDREQFORM&apos;]/div/div[6]/div[2]/div[1]/div[contains(.,&apos;Due Diligence&apos;)]&quot;}
For documentation on this error, please visit: http://seleniumhq.org/exceptions/no_such_element.html
Build info: version: &apos;2.52.0&apos;, revision: &apos;4c2593c&apos;, time: &apos;2016-02-11 19:03:33&apos;
System info: host: &apos;parasharb-w7&apos;, ip: &apos;172.27.103.103&apos;, os.name: &apos;Windows 7&apos;, os.arch: &apos;amd64&apos;, os.version: &apos;6.1&apos;, java.version: &apos;1.7.0_75&apos;
Driver info: driver.version: unknown
	at &lt;anonymous class&gt;.FirefoxDriver.prototype.findElementInternal_(file:///C:/Users/PARASH~1/AppData/Local/Temp/anonymous8154662038813502347webdriver-profile/extensions/fxdriver@googlecode.com/components/driver-component.js:10723)
	at &lt;anonymous class&gt;.fxdriver.Timer.prototype.setTimeout/&lt;.notify(file:///C:/Users/PARASH~1/AppData/Local/Temp/anonymous8154662038813502347webdriver-profile/extensions/fxdriver@googlecode.com/components/driver-component.js:623)
... Removed 19 stack frames</div></td></tr></table><p class="totop"><a href="#summary">back to summary</a></p><h3 id="m95">com.provenir.automation.framework.testcases.StatusUpdate#test32_completeDueDiligence</h3><table class="result"><tr><th>Exception</th></tr><tr><td><div class="stacktrace">org.openqa.selenium.WebDriverException: argumen5ts is not defined
Command duration or timeout: 15 milliseconds
Build info: version: &apos;2.52.0&apos;, revision: &apos;4c2593c&apos;, time: &apos;2016-02-11 19:03:33&apos;
System info: host: &apos;parasharb-w7&apos;, ip: &apos;172.27.103.103&apos;, os.name: &apos;Windows 7&apos;, os.arch: &apos;amd64&apos;, os.version: &apos;6.1&apos;, java.version: &apos;1.7.0_75&apos;
Session ID: 12205677-43c9-4914-9607-53fefeabf286
Driver info: org.openqa.selenium.firefox.FirefoxDriver
Capabilities [{platform=WINDOWS, acceptSslCerts=true, javascriptEnabled=true, cssSelectorsEnabled=true, databaseEnabled=true, browserName=firefox, handlesAlerts=true, nativeEvents=false, webStorageEnabled=true, rotatable=false, locationContextEnabled=true, applicationCacheEnabled=true, takesScreenshot=true, version=41.0.2}]
	at org.openqa.selenium.remote.ErrorHandler.createThrowable(ErrorHandler.java:206)
	at org.openqa.selenium.remote.ErrorHandler.throwIfResponseFailed(ErrorHandler.java:158)
	at org.openqa.selenium.remote.RemoteWebDriver.execute(RemoteWebDriver.java:678)
	at org.openqa.selenium.remote.RemoteWebDriver.executeScript(RemoteWebDriver.java:577)
	at com.provenir.automation.framework.helper.Credit360Helper.reassignTaskOfDueDiligence(Credit360Helper.java:344)
	at com.provenir.automation.framework.testcases.StatusUpdate.test32_completeDueDiligence(StatusUpdate.java:482)
	at java.util.concurrent.FutureTask.run(Unknown Source)
	at java.util.concurrent.ThreadPoolExecutor.runWorker(Unknown Source)
	at java.util.concurrent.ThreadPoolExecutor$Worker.run(Unknown Source)
	at java.lang.Thread.run(Unknown Source)
Caused by: org.openqa.selenium.WebDriverException: argumen5ts is not defined
Build info: version: &apos;2.52.0&apos;, revision: &apos;4c2593c&apos;, time: &apos;2016-02-11 19:03:33&apos;
System info: host: &apos;parasharb-w7&apos;, ip: &apos;172.27.103.103&apos;, os.name: &apos;Windows 7&apos;, os.arch: &apos;amd64&apos;, os.version: &apos;6.1&apos;, java.version: &apos;1.7.0_75&apos;
Driver info: driver.version: unknown
	at &lt;anonymous class&gt;.anonymous(http://was01.provapps.com:9080/ProvAppCLWeb/default.jsp line 69 &gt; Function:1)
	at &lt;anonymous class&gt;.handleEvaluateEvent(http://was01.provapps.com:9080/ProvAppCLWeb/default.jsp:69)
... Removed 20 stack frames</div></td></tr></table><p class="totop"><a href="#summary">back to summary</a></p><h3 id="m96">com.provenir.automation.framework.testcases.StatusUpdate#test33_completeChildTasksOfDueDiligence</h3><table class="result"><tr><th>Exception</th></tr><tr><td><div class="stacktrace">org.openqa.selenium.WebDriverException: argumen5ts is not defined
Command duration or timeout: 29 milliseconds
Build info: version: &apos;2.52.0&apos;, revision: &apos;4c2593c&apos;, time: &apos;2016-02-11 19:03:33&apos;
System info: host: &apos;parasharb-w7&apos;, ip: &apos;172.27.103.103&apos;, os.name: &apos;Windows 7&apos;, os.arch: &apos;amd64&apos;, os.version: &apos;6.1&apos;, java.version: &apos;1.7.0_75&apos;
Session ID: 12205677-43c9-4914-9607-53fefeabf286
Driver info: org.openqa.selenium.firefox.FirefoxDriver
Capabilities [{platform=WINDOWS, acceptSslCerts=true, javascriptEnabled=true, cssSelectorsEnabled=true, databaseEnabled=true, browserName=firefox, handlesAlerts=true, nativeEvents=false, webStorageEnabled=true, rotatable=false, locationContextEnabled=true, applicationCacheEnabled=true, takesScreenshot=true, version=41.0.2}]
	at org.openqa.selenium.remote.ErrorHandler.createThrowable(ErrorHandler.java:206)
	at org.openqa.selenium.remote.ErrorHandler.throwIfResponseFailed(ErrorHandler.java:158)
	at org.openqa.selenium.remote.RemoteWebDriver.execute(RemoteWebDriver.java:678)
	at org.openqa.selenium.remote.RemoteWebDriver.executeScript(RemoteWebDriver.java:577)
	at com.provenir.automation.framework.helper.Credit360Helper.reassignTaskOFDueDiligenceChklist(Credit360Helper.java:354)
	at com.provenir.automation.framework.testcases.StatusUpdate.test33_completeChildTasksOfDueDiligence(StatusUpdate.java:499)
	at java.util.concurrent.FutureTask.run(Unknown Source)
	at java.util.concurrent.ThreadPoolExecutor.runWorker(Unknown Source)
	at java.util.concurrent.ThreadPoolExecutor$Worker.run(Unknown Source)
	at java.lang.Thread.run(Unknown Source)
Caused by: org.openqa.selenium.WebDriverException: argumen5ts is not defined
Build info: version: &apos;2.52.0&apos;, revision: &apos;4c2593c&apos;, time: &apos;2016-02-11 19:03:33&apos;
System info: host: &apos;parasharb-w7&apos;, ip: &apos;172.27.103.103&apos;, os.name: &apos;Windows 7&apos;, os.arch: &apos;amd64&apos;, os.version: &apos;6.1&apos;, java.version: &apos;1.7.0_75&apos;
Driver info: driver.version: unknown
	at &lt;anonymous class&gt;.anonymous(http://was01.provapps.com:9080/ProvAppCLWeb/default.jsp line 69 &gt; Function:1)
	at &lt;anonymous class&gt;.handleEvaluateEvent(http://was01.provapps.com:9080/ProvAppCLWeb/default.jsp:69)
... Removed 20 stack frames</div></td></tr></table><p class="totop"><a href="#summary">back to summary</a></p><h3 id="m97">com.provenir.automation.framework.testcases.StatusUpdate#test35_verifyStatusAsDueDiligence</h3><table class="result"><tr><th>Exception</th></tr><tr><td><div class="stacktrace">org.openqa.selenium.NoSuchElementException: Unable to locate element: {&quot;method&quot;:&quot;xpath&quot;,&quot;selector&quot;:&quot;.//*[@id=&apos;UPSERTCUSTCREDREQFORM&apos;]/div/div[6]/div[2]/div[1]/div[contains(.,&apos;Due Diligence&apos;)]&quot;}
Command duration or timeout: 5.10 seconds
For documentation on this error, please visit: http://seleniumhq.org/exceptions/no_such_element.html
Build info: version: &apos;2.52.0&apos;, revision: &apos;4c2593c&apos;, time: &apos;2016-02-11 19:03:33&apos;
System info: host: &apos;parasharb-w7&apos;, ip: &apos;172.27.103.103&apos;, os.name: &apos;Windows 7&apos;, os.arch: &apos;amd64&apos;, os.version: &apos;6.1&apos;, java.version: &apos;1.7.0_75&apos;
*** Element info: {Using=xpath, value=.//*[@id=&apos;UPSERTCUSTCREDREQFORM&apos;]/div/div[6]/div[2]/div[1]/div[contains(.,&apos;Due Diligence&apos;)]}
Session ID: 12205677-43c9-4914-9607-53fefeabf286
Driver info: org.openqa.selenium.firefox.FirefoxDriver
Capabilities [{platform=WINDOWS, acceptSslCerts=true, javascriptEnabled=true, cssSelectorsEnabled=true, databaseEnabled=true, browserName=firefox, handlesAlerts=true, nativeEvents=false, webStorageEnabled=true, rotatable=false, locationContextEnabled=true, applicationCacheEnabled=true, takesScreenshot=true, version=41.0.2}]
	at org.openqa.selenium.remote.ErrorHandler.createThrowable(ErrorHandler.java:206)
	at org.openqa.selenium.remote.ErrorHandler.throwIfResponseFailed(ErrorHandler.java:158)
	at org.openqa.selenium.remote.RemoteWebDriver.execute(RemoteWebDriver.java:678)
	at org.openqa.selenium.remote.RemoteWebDriver.findElement(RemoteWebDriver.java:363)
	at org.openqa.selenium.remote.RemoteWebDriver.findElementByXPath(RemoteWebDriver.java:500)
	at org.openqa.selenium.By$ByXPath.findElement(By.java:361)
	at org.openqa.selenium.remote.RemoteWebDriver.findElement(RemoteWebDriver.java:355)
	at com.provenir.automation.framework.helper.Credit360Helper.verifyDueDiligence(Credit360Helper.java:759)
	at com.provenir.automation.framework.testcases.StatusUpdate.test35_verifyStatusAsDueDiligence(StatusUpdate.java:533)
	at java.util.concurrent.FutureTask.run(Unknown Source)
	at java.util.concurrent.ThreadPoolExecutor.runWorker(Unknown Source)
	at java.util.concurrent.ThreadPoolExecutor$Worker.run(Unknown Source)
	at java.lang.Thread.run(Unknown Source)
Caused by: org.openqa.selenium.NoSuchElementException: Unable to locate element: {&quot;method&quot;:&quot;xpath&quot;,&quot;selector&quot;:&quot;.//*[@id=&apos;UPSERTCUSTCREDREQFORM&apos;]/div/div[6]/div[2]/div[1]/div[contains(.,&apos;Due Diligence&apos;)]&quot;}
For documentation on this error, please visit: http://seleniumhq.org/exceptions/no_such_element.html
Build info: version: &apos;2.52.0&apos;, revision: &apos;4c2593c&apos;, time: &apos;2016-02-11 19:03:33&apos;
System info: host: &apos;parasharb-w7&apos;, ip: &apos;172.27.103.103&apos;, os.name: &apos;Windows 7&apos;, os.arch: &apos;amd64&apos;, os.version: &apos;6.1&apos;, java.version: &apos;1.7.0_75&apos;
Driver info: driver.version: unknown
	at &lt;anonymous class&gt;.FirefoxDriver.prototype.findElementInternal_(file:///C:/Users/PARASH~1/AppData/Local/Temp/anonymous8154662038813502347webdriver-profile/extensions/fxdriver@googlecode.com/components/driver-component.js:10723)
	at &lt;anonymous class&gt;.fxdriver.Timer.prototype.setTimeout/&lt;.notify(file:///C:/Users/PARASH~1/AppData/Local/Temp/anonymous8154662038813502347webdriver-profile/extensions/fxdriver@googlecode.com/components/driver-component.js:623)
... Removed 19 stack frames</div></td></tr></table><p class="totop"><a href="#summary">back to summary</a></p><h3 id="m98">com.provenir.automation.framework.testcases.StatusUpdate#test0_landingPage</h3><table class="result"></table><p class="totop"><a href="#summary">back to summary</a></p><h3 id="m99">com.provenir.automation.framework.testcases.StatusUpdate#test10_verifyCollateralInformationPage</h3><table class="result"></table><p class="totop"><a href="#summary">back to summary</a></p><h3 id="m100">com.provenir.automation.framework.testcases.StatusUpdate#test11_verifyAddNewBtnOnCollateralInformation</h3><table class="result"></table><p class="totop"><a href="#summary">back to summary</a></p><h3 id="m101">com.provenir.automation.framework.testcases.StatusUpdate#test12_saveCollateralInformation</h3><table class="result"></table><p class="totop"><a href="#summary">back to summary</a></p><h3 id="m102">com.provenir.automation.framework.testcases.StatusUpdate#test13_verifyTransactionInformationPage</h3><table class="result"></table><p class="totop"><a href="#summary">back to summary</a></p><h3 id="m103">com.provenir.automation.framework.testcases.StatusUpdate#test16_verifyAdditionalInformation</h3><table class="result"></table><p class="totop"><a href="#summary">back to summary</a></p><h3 id="m104">com.provenir.automation.framework.testcases.StatusUpdate#test17_verifySummaryOfApplicationTitle</h3><table class="result"></table><p class="totop"><a href="#summary">back to summary</a></p><h3 id="m105">com.provenir.automation.framework.testcases.StatusUpdate#test18_clickSubmitOnLastStepOfBOAWizard</h3><table class="result"></table><p class="totop"><a href="#summary">back to summary</a></p><h3 id="m106">com.provenir.automation.framework.testcases.StatusUpdate#test19_verifyReqOnDashboard</h3><table class="result"></table><p class="totop"><a href="#summary">back to summary</a></p><h3 id="m107">com.provenir.automation.framework.testcases.StatusUpdate#test1_gotoBOAWizard</h3><table class="result"></table><p class="totop"><a href="#summary">back to summary</a></p><h3 id="m108">com.provenir.automation.framework.testcases.StatusUpdate#test20_verifyCredit360Page</h3><table class="result"></table><p class="totop"><a href="#summary">back to summary</a></p><h3 id="m109">com.provenir.automation.framework.testcases.StatusUpdate#test21_verifyCreditStatusAsSubmitted</h3><table class="result"></table><p class="totop"><a href="#summary">back to summary</a></p><h3 id="m110">com.provenir.automation.framework.testcases.StatusUpdate#test22_completePreAnalysis</h3><table class="result"></table><p class="totop"><a href="#summary">back to summary</a></p><h3 id="m111">com.provenir.automation.framework.testcases.StatusUpdate#test23_refreshPage</h3><table class="result"></table><p class="totop"><a href="#summary">back to summary</a></p><h3 id="m112">com.provenir.automation.framework.testcases.StatusUpdate#test25_completeDecision</h3><table class="result"></table><p class="totop"><a href="#summary">back to summary</a></p><h3 id="m113">com.provenir.automation.framework.testcases.StatusUpdate#test26_refreshPage</h3><table class="result"></table><p class="totop"><a href="#summary">back to summary</a></p><h3 id="m114">com.provenir.automation.framework.testcases.StatusUpdate#test2_verifyManadatoryFieldsOnRequestSummary</h3><table class="result"></table><p class="totop"><a href="#summary">back to summary</a></p><h3 id="m115">com.provenir.automation.framework.testcases.StatusUpdate#test30_refreshPage</h3><table class="result"></table><p class="totop"><a href="#summary">back to summary</a></p><h3 id="m116">com.provenir.automation.framework.testcases.StatusUpdate#test34_refreshPage</h3><table class="result"></table><p class="totop"><a href="#summary">back to summary</a></p><h3 id="m117">com.provenir.automation.framework.testcases.StatusUpdate#test3_saveRequestSummaryInformation</h3><table class="result"></table><p class="totop"><a href="#summary">back to summary</a></p><h3 id="m118">com.provenir.automation.framework.testcases.StatusUpdate#test4_step_verifyAddBtnOnCustInfoPage</h3><table class="result"></table><p class="totop"><a href="#summary">back to summary</a></p><h3 id="m119">com.provenir.automation.framework.testcases.StatusUpdate#test5_verifyManadatoryFieldsForBusinessTypCustomer</h3><table class="result"></table><p class="totop"><a href="#summary">back to summary</a></p><h3 id="m120">com.provenir.automation.framework.testcases.StatusUpdate#test6_saveBusinessCustDetails</h3><table class="result"></table><p class="totop"><a href="#summary">back to summary</a></p><h3 id="m121">com.provenir.automation.framework.testcases.StatusUpdate#test8_verifyManadatoryFieldsForIndividualCustomer</h3><table class="result"></table><p class="totop"><a href="#summary">back to summary</a></p><h3 id="m122">com.provenir.automation.framework.testcases.StatusUpdate#test9_saveIndividualCustDetails</h3><table class="result"></table><p class="totop"><a href="#summary">back to summary</a></p></body></html>