<!DOCTYPE html>

<html>
  <head>
  <title>TestNG reports</title>

    <link type="text/css" href="testng-reports.css" rel="stylesheet" />  
    <script type="text/javascript" src="jquery-1.7.1.min.js"></script>
    <script type="text/javascript" src="testng-reports.js"></script>
    <script type="text/javascript" src="https://www.google.com/jsapi"></script>
    <script type='text/javascript'>
      google.load('visualization', '1', {packages:['table']});
      google.setOnLoadCallback(drawTable);
      var suiteTableInitFunctions = new Array();
      var suiteTableData = new Array();
    </script>
    <!--
      <script type="text/javascript" src="jquery-ui/js/jquery-ui-1.8.16.custom.min.js"></script>
     -->
  </head>

  <body>
    <div class="top-banner-root">
      <span class="top-banner-title-font">Test results</span>
      <br/>
      <span class="top-banner-font-1">1 suite, 18 failed tests</span>
    </div> <!-- top-banner-root -->
    <div class="navigator-root">
      <div class="navigator-suite-header">
        <span>All suites</span>
        <a href="#" class="collapse-all-link" title="Collapse/expand all the suites">
          <img class="collapse-all-icon" src="collapseall.gif">
          </img> <!-- collapse-all-icon -->
        </a> <!-- collapse-all-link -->
      </div> <!-- navigator-suite-header -->
      <div class="suite">
        <div class="rounded-window">
          <div class="suite-header light-rounded-window-top">
            <a href="#" class="navigator-link" panel-name="suite-Automation_test_suite">
              <span class="suite-name border-failed">Automation test suite</span>
            </a> <!-- navigator-link -->
          </div> <!-- suite-header light-rounded-window-top -->
          <div class="navigator-suite-content">
            <div class="suite-section-title">
              <span>Info</span>
            </div> <!-- suite-section-title -->
            <div class="suite-section-content">
              <ul>
                <li>
                  <a href="#" class="navigator-link " panel-name="test-xml-Automation_test_suite">
                    <span>D:\3.5.1\TestCases\src\com\provenir\automation\framework\config\TestAll.xml</span>
                  </a> <!-- navigator-link  -->
                </li>
                <li>
                  <a href="#" class="navigator-link " panel-name="testlist-Automation_test_suite">
                    <span class="test-stats">1 test</span>
                  </a> <!-- navigator-link  -->
                </li>
                <li>
                  <a href="#" class="navigator-link " panel-name="group-Automation_test_suite">
                    <span>0 groups</span>
                  </a> <!-- navigator-link  -->
                </li>
                <li>
                  <a href="#" class="navigator-link " panel-name="times-Automation_test_suite">
                    <span>Times</span>
                  </a> <!-- navigator-link  -->
                </li>
                <li>
                  <a href="#" class="navigator-link " panel-name="reporter-Automation_test_suite">
                    <span>Reporter output</span>
                  </a> <!-- navigator-link  -->
                </li>
                <li>
                  <a href="#" class="navigator-link " panel-name="ignored-methods-Automation_test_suite">
                    <span>Ignored methods</span>
                  </a> <!-- navigator-link  -->
                </li>
                <li>
                  <a href="#" class="navigator-link " panel-name="chronological-Automation_test_suite">
                    <span>Chronological view</span>
                  </a> <!-- navigator-link  -->
                </li>
              </ul>
            </div> <!-- suite-section-content -->
            <div class="result-section">
              <div class="suite-section-title">
                <span>Results</span>
              </div> <!-- suite-section-title -->
              <div class="suite-section-content">
                <ul>
                  <li>
                    <span class="method-stats">34 methods, 18 failed,   16 passed</span>
                  </li>
                  <li>
                    <span class="method-list-title failed">Failed methods</span>
                    <span class="show-or-hide-methods failed">
                      <a href="#" panel-name="suite-Automation_test_suite" class="hide-methods failed suite-Automation_test_suite"> (hide)</a> <!-- hide-methods failed suite-Automation_test_suite -->
                      <a href="#" panel-name="suite-Automation_test_suite" class="show-methods failed suite-Automation_test_suite"> (show)</a> <!-- show-methods failed suite-Automation_test_suite -->
                    </span>
                    <div class="method-list-content failed suite-Automation_test_suite">
                      <span>
                        <img width="3%" src="failed.png"/>
                        <a href="#" class="method navigator-link" panel-name="suite-Automation_test_suite" title="com.provenir.automation.framework.testcases.StatusUpdate" hash-for-method="test12_saveCollateralInformation">test12_saveCollateralInformation</a> <!-- method navigator-link -->
                      </span>
                      <br/>
                      <span>
                        <img width="3%" src="failed.png"/>
                        <a href="#" class="method navigator-link" panel-name="suite-Automation_test_suite" title="com.provenir.automation.framework.testcases.StatusUpdate" hash-for-method="test14_saveTransactionDetails">test14_saveTransactionDetails</a> <!-- method navigator-link -->
                      </span>
                      <br/>
                      <span>
                        <img width="3%" src="failed.png"/>
                        <a href="#" class="method navigator-link" panel-name="suite-Automation_test_suite" title="com.provenir.automation.framework.testcases.StatusUpdate" hash-for-method="test21_verifyCreditStatusAsSubmitted">test21_verifyCreditStatusAsSubmitted</a> <!-- method navigator-link -->
                      </span>
                      <br/>
                      <span>
                        <img width="3%" src="failed.png"/>
                        <a href="#" class="method navigator-link" panel-name="suite-Automation_test_suite" title="com.provenir.automation.framework.testcases.StatusUpdate" hash-for-method="test22_completePreAnalysis">test22_completePreAnalysis</a> <!-- method navigator-link -->
                      </span>
                      <br/>
                      <span>
                        <img width="3%" src="failed.png"/>
                        <a href="#" class="method navigator-link" panel-name="suite-Automation_test_suite" title="com.provenir.automation.framework.testcases.StatusUpdate" hash-for-method="test23_refreshPage">test23_refreshPage</a> <!-- method navigator-link -->
                      </span>
                      <br/>
                      <span>
                        <img width="3%" src="failed.png"/>
                        <a href="#" class="method navigator-link" panel-name="suite-Automation_test_suite" title="com.provenir.automation.framework.testcases.StatusUpdate" hash-for-method="test24_verifyCreditStatusAsCreditDecisioning">test24_verifyCreditStatusAsCreditDecisioning</a> <!-- method navigator-link -->
                      </span>
                      <br/>
                      <span>
                        <img width="3%" src="failed.png"/>
                        <a href="#" class="method navigator-link" panel-name="suite-Automation_test_suite" title="com.provenir.automation.framework.testcases.StatusUpdate" hash-for-method="test25_completeDecision">test25_completeDecision</a> <!-- method navigator-link -->
                      </span>
                      <br/>
                      <span>
                        <img width="3%" src="failed.png"/>
                        <a href="#" class="method navigator-link" panel-name="suite-Automation_test_suite" title="com.provenir.automation.framework.testcases.StatusUpdate" hash-for-method="test26_refreshPage">test26_refreshPage</a> <!-- method navigator-link -->
                      </span>
                      <br/>
                      <span>
                        <img width="3%" src="failed.png"/>
                        <a href="#" class="method navigator-link" panel-name="suite-Automation_test_suite" title="com.provenir.automation.framework.testcases.StatusUpdate" hash-for-method="test27_verifyCreditStatus">test27_verifyCreditStatus</a> <!-- method navigator-link -->
                      </span>
                      <br/>
                      <span>
                        <img width="3%" src="failed.png"/>
                        <a href="#" class="method navigator-link" panel-name="suite-Automation_test_suite" title="com.provenir.automation.framework.testcases.StatusUpdate" hash-for-method="test28_completeCustomerAcceptance">test28_completeCustomerAcceptance</a> <!-- method navigator-link -->
                      </span>
                      <br/>
                      <span>
                        <img width="3%" src="failed.png"/>
                        <a href="#" class="method navigator-link" panel-name="suite-Automation_test_suite" title="com.provenir.automation.framework.testcases.StatusUpdate" hash-for-method="test29_completeChildTaskOfCustomerAcceptance">test29_completeChildTaskOfCustomerAcceptance</a> <!-- method navigator-link -->
                      </span>
                      <br/>
                      <span>
                        <img width="3%" src="failed.png"/>
                        <a href="#" class="method navigator-link" panel-name="suite-Automation_test_suite" title="com.provenir.automation.framework.testcases.StatusUpdate" hash-for-method="test30_refreshPage">test30_refreshPage</a> <!-- method navigator-link -->
                      </span>
                      <br/>
                      <span>
                        <img width="3%" src="failed.png"/>
                        <a href="#" class="method navigator-link" panel-name="suite-Automation_test_suite" title="com.provenir.automation.framework.testcases.StatusUpdate" hash-for-method="test31_verifyStatusAsDueDiligence">test31_verifyStatusAsDueDiligence</a> <!-- method navigator-link -->
                      </span>
                      <br/>
                      <span>
                        <img width="3%" src="failed.png"/>
                        <a href="#" class="method navigator-link" panel-name="suite-Automation_test_suite" title="com.provenir.automation.framework.testcases.StatusUpdate" hash-for-method="test32_completeDueDiligence">test32_completeDueDiligence</a> <!-- method navigator-link -->
                      </span>
                      <br/>
                      <span>
                        <img width="3%" src="failed.png"/>
                        <a href="#" class="method navigator-link" panel-name="suite-Automation_test_suite" title="com.provenir.automation.framework.testcases.StatusUpdate" hash-for-method="test33_completeChildTasksOfDueDiligence">test33_completeChildTasksOfDueDiligence</a> <!-- method navigator-link -->
                      </span>
                      <br/>
                      <span>
                        <img width="3%" src="failed.png"/>
                        <a href="#" class="method navigator-link" panel-name="suite-Automation_test_suite" title="com.provenir.automation.framework.testcases.StatusUpdate" hash-for-method="test34_refreshPage">test34_refreshPage</a> <!-- method navigator-link -->
                      </span>
                      <br/>
                      <span>
                        <img width="3%" src="failed.png"/>
                        <a href="#" class="method navigator-link" panel-name="suite-Automation_test_suite" title="com.provenir.automation.framework.testcases.StatusUpdate" hash-for-method="test35_verifyStatusAsDueDiligence">test35_verifyStatusAsDueDiligence</a> <!-- method navigator-link -->
                      </span>
                      <br/>
                      <span>
                        <img width="3%" src="failed.png"/>
                        <a href="#" class="method navigator-link" panel-name="suite-Automation_test_suite" title="com.provenir.automation.framework.testcases.StatusUpdate" hash-for-method="test9_saveIndividualCustDetails">test9_saveIndividualCustDetails</a> <!-- method navigator-link -->
                      </span>
                      <br/>
                    </div> <!-- method-list-content failed suite-Automation_test_suite -->
                  </li>
                  <li>
                    <span class="method-list-title passed">Passed methods</span>
                    <span class="show-or-hide-methods passed">
                      <a href="#" panel-name="suite-Automation_test_suite" class="hide-methods passed suite-Automation_test_suite"> (hide)</a> <!-- hide-methods passed suite-Automation_test_suite -->
                      <a href="#" panel-name="suite-Automation_test_suite" class="show-methods passed suite-Automation_test_suite"> (show)</a> <!-- show-methods passed suite-Automation_test_suite -->
                    </span>
                    <div class="method-list-content passed suite-Automation_test_suite">
                      <span>
                        <img width="3%" src="passed.png"/>
                        <a href="#" class="method navigator-link" panel-name="suite-Automation_test_suite" title="com.provenir.automation.framework.testcases.StatusUpdate" hash-for-method="test0_landingPage">test0_landingPage</a> <!-- method navigator-link -->
                      </span>
                      <br/>
                      <span>
                        <img width="3%" src="passed.png"/>
                        <a href="#" class="method navigator-link" panel-name="suite-Automation_test_suite" title="com.provenir.automation.framework.testcases.StatusUpdate" hash-for-method="test10_verifyCollateralInformationPage">test10_verifyCollateralInformationPage</a> <!-- method navigator-link -->
                      </span>
                      <br/>
                      <span>
                        <img width="3%" src="passed.png"/>
                        <a href="#" class="method navigator-link" panel-name="suite-Automation_test_suite" title="com.provenir.automation.framework.testcases.StatusUpdate" hash-for-method="test11_verifyAddNewBtnOnCollateralInformation">test11_verifyAddNewBtnOnCollateralInformation</a> <!-- method navigator-link -->
                      </span>
                      <br/>
                      <span>
                        <img width="3%" src="passed.png"/>
                        <a href="#" class="method navigator-link" panel-name="suite-Automation_test_suite" title="com.provenir.automation.framework.testcases.StatusUpdate" hash-for-method="test13_verifyTransactionInformationPage">test13_verifyTransactionInformationPage</a> <!-- method navigator-link -->
                      </span>
                      <br/>
                      <span>
                        <img width="3%" src="passed.png"/>
                        <a href="#" class="method navigator-link" panel-name="suite-Automation_test_suite" title="com.provenir.automation.framework.testcases.StatusUpdate" hash-for-method="test16_verifyAdditionalInformation">test16_verifyAdditionalInformation</a> <!-- method navigator-link -->
                      </span>
                      <br/>
                      <span>
                        <img width="3%" src="passed.png"/>
                        <a href="#" class="method navigator-link" panel-name="suite-Automation_test_suite" title="com.provenir.automation.framework.testcases.StatusUpdate" hash-for-method="test17_verifySummaryOfApplicationTitle">test17_verifySummaryOfApplicationTitle</a> <!-- method navigator-link -->
                      </span>
                      <br/>
                      <span>
                        <img width="3%" src="passed.png"/>
                        <a href="#" class="method navigator-link" panel-name="suite-Automation_test_suite" title="com.provenir.automation.framework.testcases.StatusUpdate" hash-for-method="test18_clickSubmitOnLastStepOfBOAWizard">test18_clickSubmitOnLastStepOfBOAWizard</a> <!-- method navigator-link -->
                      </span>
                      <br/>
                      <span>
                        <img width="3%" src="passed.png"/>
                        <a href="#" class="method navigator-link" panel-name="suite-Automation_test_suite" title="com.provenir.automation.framework.testcases.StatusUpdate" hash-for-method="test19_verifyReqOnDashboard">test19_verifyReqOnDashboard</a> <!-- method navigator-link -->
                      </span>
                      <br/>
                      <span>
                        <img width="3%" src="passed.png"/>
                        <a href="#" class="method navigator-link" panel-name="suite-Automation_test_suite" title="com.provenir.automation.framework.testcases.StatusUpdate" hash-for-method="test1_gotoBOAWizard">test1_gotoBOAWizard</a> <!-- method navigator-link -->
                      </span>
                      <br/>
                      <span>
                        <img width="3%" src="passed.png"/>
                        <a href="#" class="method navigator-link" panel-name="suite-Automation_test_suite" title="com.provenir.automation.framework.testcases.StatusUpdate" hash-for-method="test20_verifyCredit360Page">test20_verifyCredit360Page</a> <!-- method navigator-link -->
                      </span>
                      <br/>
                      <span>
                        <img width="3%" src="passed.png"/>
                        <a href="#" class="method navigator-link" panel-name="suite-Automation_test_suite" title="com.provenir.automation.framework.testcases.StatusUpdate" hash-for-method="test2_verifyManadatoryFieldsOnRequestSummary">test2_verifyManadatoryFieldsOnRequestSummary</a> <!-- method navigator-link -->
                      </span>
                      <br/>
                      <span>
                        <img width="3%" src="passed.png"/>
                        <a href="#" class="method navigator-link" panel-name="suite-Automation_test_suite" title="com.provenir.automation.framework.testcases.StatusUpdate" hash-for-method="test3_saveRequestSummaryInformation">test3_saveRequestSummaryInformation</a> <!-- method navigator-link -->
                      </span>
                      <br/>
                      <span>
                        <img width="3%" src="passed.png"/>
                        <a href="#" class="method navigator-link" panel-name="suite-Automation_test_suite" title="com.provenir.automation.framework.testcases.StatusUpdate" hash-for-method="test4_step_verifyAddBtnOnCustInfoPage">test4_step_verifyAddBtnOnCustInfoPage</a> <!-- method navigator-link -->
                      </span>
                      <br/>
                      <span>
                        <img width="3%" src="passed.png"/>
                        <a href="#" class="method navigator-link" panel-name="suite-Automation_test_suite" title="com.provenir.automation.framework.testcases.StatusUpdate" hash-for-method="test5_verifyManadatoryFieldsForBusinessTypCustomer">test5_verifyManadatoryFieldsForBusinessTypCustomer</a> <!-- method navigator-link -->
                      </span>
                      <br/>
                      <span>
                        <img width="3%" src="passed.png"/>
                        <a href="#" class="method navigator-link" panel-name="suite-Automation_test_suite" title="com.provenir.automation.framework.testcases.StatusUpdate" hash-for-method="test6_saveBusinessCustDetails">test6_saveBusinessCustDetails</a> <!-- method navigator-link -->
                      </span>
                      <br/>
                      <span>
                        <img width="3%" src="passed.png"/>
                        <a href="#" class="method navigator-link" panel-name="suite-Automation_test_suite" title="com.provenir.automation.framework.testcases.StatusUpdate" hash-for-method="test8_verifyManadatoryFieldsForIndividualCustomer">test8_verifyManadatoryFieldsForIndividualCustomer</a> <!-- method navigator-link -->
                      </span>
                      <br/>
                    </div> <!-- method-list-content passed suite-Automation_test_suite -->
                  </li>
                </ul>
              </div> <!-- suite-section-content -->
            </div> <!-- result-section -->
          </div> <!-- navigator-suite-content -->
        </div> <!-- rounded-window -->
      </div> <!-- suite -->
    </div> <!-- navigator-root -->
    <div class="wrapper">
      <div class="main-panel-root">
        <div panel-name="suite-Automation_test_suite" class="panel Automation_test_suite">
          <div class="suite-Automation_test_suite-class-failed">
            <div class="main-panel-header rounded-window-top">
              <img src="failed.png"/>
              <span class="class-name">com.provenir.automation.framework.testcases.StatusUpdate</span>
            </div> <!-- main-panel-header rounded-window-top -->
            <div class="main-panel-content rounded-window-bottom">
              <div class="method">
                <div class="method-content">
                  <a name="test12_saveCollateralInformation">
                  </a> <!-- test12_saveCollateralInformation -->
                  <span class="method-name">test12_saveCollateralInformation</span>
                  <div class="stack-trace">org.openqa.selenium.WebDriverException: Element is not clickable at point (444, 439.20001220703125). Other element would receive the click: &lt;td class=&quot;topGap topGap&quot; valign=&quot;top&quot;&gt;&lt;/td&gt;
Command duration or timeout: 72 milliseconds
Build info: version: &apos;2.52.0&apos;, revision: &apos;4c2593c&apos;, time: &apos;2016-02-11 19:03:33&apos;
System info: host: &apos;parasharb-w7&apos;, ip: &apos;172.27.103.103&apos;, os.name: &apos;Windows 7&apos;, os.arch: &apos;amd64&apos;, os.version: &apos;6.1&apos;, java.version: &apos;1.7.0_75&apos;
Session ID: 00224fc4-092c-403a-85e7-4bdab4cc1243
Driver info: org.openqa.selenium.firefox.FirefoxDriver
Capabilities [{platform=WINDOWS, acceptSslCerts=true, javascriptEnabled=true, cssSelectorsEnabled=true, databaseEnabled=true, browserName=firefox, handlesAlerts=true, nativeEvents=false, webStorageEnabled=true, rotatable=false, locationContextEnabled=true, applicationCacheEnabled=true, takesScreenshot=true, version=41.0.2}]
	at org.openqa.selenium.remote.ErrorHandler.createThrowable(ErrorHandler.java:206)
	at org.openqa.selenium.remote.ErrorHandler.throwIfResponseFailed(ErrorHandler.java:158)
	at org.openqa.selenium.remote.RemoteWebDriver.execute(RemoteWebDriver.java:678)
	at org.openqa.selenium.remote.RemoteWebElement.execute(RemoteWebElement.java:327)
	at org.openqa.selenium.remote.RemoteWebElement.click(RemoteWebElement.java:85)
	at com.provenir.automation.framework.helper.CollateralInfoPage.selectCollType(CollateralInfoPage.java:481)
	at com.provenir.automation.framework.testcases.StatusUpdate.test12_saveCollateralInformation(StatusUpdate.java:252)
	at java.util.concurrent.FutureTask.run(Unknown Source)
	at java.util.concurrent.ThreadPoolExecutor.runWorker(Unknown Source)
	at java.util.concurrent.ThreadPoolExecutor$Worker.run(Unknown Source)
	at java.lang.Thread.run(Unknown Source)
... Removed 20 stack frames
</div> <!-- stack-trace -->
                </div> <!-- method-content -->
              </div> <!-- method -->
              <div class="method">
                <div class="method-content">
                  <a name="test14_saveTransactionDetails">
                  </a> <!-- test14_saveTransactionDetails -->
                  <span class="method-name">test14_saveTransactionDetails</span>
                  <div class="stack-trace">org.openqa.selenium.WebDriverException: Element is not clickable at point (446, 534.2000122070312). Other element would receive the click: &lt;div class=&quot;screenoverlay&quot; style=&quot;height: 1013px; z-index: 1002;&quot;&gt;&lt;/div&gt;
Command duration or timeout: 76 milliseconds
Build info: version: &apos;2.52.0&apos;, revision: &apos;4c2593c&apos;, time: &apos;2016-02-11 19:03:33&apos;
System info: host: &apos;parasharb-w7&apos;, ip: &apos;172.27.103.103&apos;, os.name: &apos;Windows 7&apos;, os.arch: &apos;amd64&apos;, os.version: &apos;6.1&apos;, java.version: &apos;1.7.0_75&apos;
Session ID: 00224fc4-092c-403a-85e7-4bdab4cc1243
Driver info: org.openqa.selenium.firefox.FirefoxDriver
Capabilities [{platform=WINDOWS, acceptSslCerts=true, javascriptEnabled=true, cssSelectorsEnabled=true, databaseEnabled=true, browserName=firefox, handlesAlerts=true, nativeEvents=false, webStorageEnabled=true, rotatable=false, locationContextEnabled=true, applicationCacheEnabled=true, takesScreenshot=true, version=41.0.2}]
	at org.openqa.selenium.remote.ErrorHandler.createThrowable(ErrorHandler.java:206)
	at org.openqa.selenium.remote.ErrorHandler.throwIfResponseFailed(ErrorHandler.java:158)
	at org.openqa.selenium.remote.RemoteWebDriver.execute(RemoteWebDriver.java:678)
	at org.openqa.selenium.remote.RemoteWebElement.execute(RemoteWebElement.java:327)
	at org.openqa.selenium.remote.RemoteWebElement.click(RemoteWebElement.java:85)
	at com.provenir.automation.framework.helper.TransactionInfoPage.selectFacilityType(TransactionInfoPage.java:172)
	at com.provenir.automation.framework.testcases.StatusUpdate.test14_saveTransactionDetails(StatusUpdate.java:286)
	at java.util.concurrent.FutureTask.run(Unknown Source)
	at java.util.concurrent.ThreadPoolExecutor.runWorker(Unknown Source)
	at java.util.concurrent.ThreadPoolExecutor$Worker.run(Unknown Source)
	at java.lang.Thread.run(Unknown Source)
... Removed 20 stack frames
</div> <!-- stack-trace -->
                </div> <!-- method-content -->
              </div> <!-- method -->
              <div class="method">
                <div class="method-content">
                  <a name="test21_verifyCreditStatusAsSubmitted">
                  </a> <!-- test21_verifyCreditStatusAsSubmitted -->
                  <span class="method-name">test21_verifyCreditStatusAsSubmitted</span>
                  <div class="stack-trace">org.openqa.selenium.NoSuchElementException: Unable to locate element: {&quot;method&quot;:&quot;xpath&quot;,&quot;selector&quot;:&quot;//*[@id=&apos;UPSERTCUSTCREDREQFORM&apos;]/div/div[6]/div[2]/div[1]/div[contains(.,&apos;Submitted&apos;)]&quot;}
Command duration or timeout: 5.02 seconds
For documentation on this error, please visit: http://seleniumhq.org/exceptions/no_such_element.html
Build info: version: &apos;2.52.0&apos;, revision: &apos;4c2593c&apos;, time: &apos;2016-02-11 19:03:33&apos;
System info: host: &apos;parasharb-w7&apos;, ip: &apos;172.27.103.103&apos;, os.name: &apos;Windows 7&apos;, os.arch: &apos;amd64&apos;, os.version: &apos;6.1&apos;, java.version: &apos;1.7.0_75&apos;
*** Element info: {Using=xpath, value=//*[@id=&apos;UPSERTCUSTCREDREQFORM&apos;]/div/div[6]/div[2]/div[1]/div[contains(.,&apos;Submitted&apos;)]}
Session ID: 00224fc4-092c-403a-85e7-4bdab4cc1243
Driver info: org.openqa.selenium.firefox.FirefoxDriver
Capabilities [{platform=WINDOWS, acceptSslCerts=true, javascriptEnabled=true, cssSelectorsEnabled=true, databaseEnabled=true, browserName=firefox, handlesAlerts=true, nativeEvents=false, webStorageEnabled=true, rotatable=false, locationContextEnabled=true, applicationCacheEnabled=true, takesScreenshot=true, version=41.0.2}]
	at org.openqa.selenium.remote.ErrorHandler.createThrowable(ErrorHandler.java:206)
	at org.openqa.selenium.remote.ErrorHandler.throwIfResponseFailed(ErrorHandler.java:158)
	at org.openqa.selenium.remote.RemoteWebDriver.execute(RemoteWebDriver.java:678)
	at org.openqa.selenium.remote.RemoteWebDriver.findElement(RemoteWebDriver.java:363)
	at org.openqa.selenium.remote.RemoteWebDriver.findElementByXPath(RemoteWebDriver.java:500)
	at org.openqa.selenium.By$ByXPath.findElement(By.java:361)
	at org.openqa.selenium.remote.RemoteWebDriver.findElement(RemoteWebDriver.java:355)
	at com.provenir.automation.framework.helper.Credit360Helper.verifySubmitted(Credit360Helper.java:766)
	at com.provenir.automation.framework.testcases.StatusUpdate.test21_verifyCreditStatusAsSubmitted(StatusUpdate.java:340)
	at java.util.concurrent.FutureTask.run(Unknown Source)
	at java.util.concurrent.ThreadPoolExecutor.runWorker(Unknown Source)
	at java.util.concurrent.ThreadPoolExecutor$Worker.run(Unknown Source)
	at java.lang.Thread.run(Unknown Source)
Caused by: org.openqa.selenium.NoSuchElementException: Unable to locate element: {&quot;method&quot;:&quot;xpath&quot;,&quot;selector&quot;:&quot;//*[@id=&apos;UPSERTCUSTCREDREQFORM&apos;]/div/div[6]/div[2]/div[1]/div[contains(.,&apos;Submitted&apos;)]&quot;}
For documentation on this error, please visit: http://seleniumhq.org/exceptions/no_such_element.html
Build info: version: &apos;2.52.0&apos;, revision: &apos;4c2593c&apos;, time: &apos;2016-02-11 19:03:33&apos;
System info: host: &apos;parasharb-w7&apos;, ip: &apos;172.27.103.103&apos;, os.name: &apos;Windows 7&apos;, os.arch: &apos;amd64&apos;, os.version: &apos;6.1&apos;, java.version: &apos;1.7.0_75&apos;
Driver info: driver.version: unknown
	at &lt;anonymous class&gt;.FirefoxDriver.prototype.findElementInternal_(file:///C:/Users/PARASH~1/AppData/Local/Temp/anonymous261732337452517893webdriver-profile/extensions/fxdriver@googlecode.com/components/driver-component.js:10723)
	at &lt;anonymous class&gt;.fxdriver.Timer.prototype.setTimeout/&lt;.notify(file:///C:/Users/PARASH~1/AppData/Local/Temp/anonymous261732337452517893webdriver-profile/extensions/fxdriver@googlecode.com/components/driver-component.js:623)
... Removed 19 stack frames
</div> <!-- stack-trace -->
                </div> <!-- method-content -->
              </div> <!-- method -->
              <div class="method">
                <div class="method-content">
                  <a name="test22_completePreAnalysis">
                  </a> <!-- test22_completePreAnalysis -->
                  <span class="method-name">test22_completePreAnalysis</span>
                  <div class="stack-trace">org.openqa.selenium.NoSuchElementException: Unable to locate element: {&quot;method&quot;:&quot;xpath&quot;,&quot;selector&quot;:&quot;//*[@id=&apos;taskAssigee&apos;]/input&quot;}
Command duration or timeout: 5.10 seconds
For documentation on this error, please visit: http://seleniumhq.org/exceptions/no_such_element.html
Build info: version: &apos;2.52.0&apos;, revision: &apos;4c2593c&apos;, time: &apos;2016-02-11 19:03:33&apos;
System info: host: &apos;parasharb-w7&apos;, ip: &apos;172.27.103.103&apos;, os.name: &apos;Windows 7&apos;, os.arch: &apos;amd64&apos;, os.version: &apos;6.1&apos;, java.version: &apos;1.7.0_75&apos;
*** Element info: {Using=xpath, value=//*[@id=&apos;taskAssigee&apos;]/input}
Session ID: 00224fc4-092c-403a-85e7-4bdab4cc1243
Driver info: org.openqa.selenium.firefox.FirefoxDriver
Capabilities [{platform=WINDOWS, acceptSslCerts=true, javascriptEnabled=true, cssSelectorsEnabled=true, databaseEnabled=true, browserName=firefox, handlesAlerts=true, nativeEvents=false, webStorageEnabled=true, rotatable=false, locationContextEnabled=true, applicationCacheEnabled=true, takesScreenshot=true, version=41.0.2}]
	at org.openqa.selenium.remote.ErrorHandler.createThrowable(ErrorHandler.java:206)
	at org.openqa.selenium.remote.ErrorHandler.throwIfResponseFailed(ErrorHandler.java:158)
	at org.openqa.selenium.remote.RemoteWebDriver.execute(RemoteWebDriver.java:678)
	at org.openqa.selenium.remote.RemoteWebDriver.findElement(RemoteWebDriver.java:363)
	at org.openqa.selenium.remote.RemoteWebDriver.findElementByXPath(RemoteWebDriver.java:500)
	at org.openqa.selenium.By$ByXPath.findElement(By.java:361)
	at org.openqa.selenium.remote.RemoteWebDriver.findElement(RemoteWebDriver.java:355)
	at org.openqa.selenium.support.pagefactory.DefaultElementLocator.findElement(DefaultElementLocator.java:69)
	at org.openqa.selenium.support.pagefactory.internal.LocatingElementHandler.invoke(LocatingElementHandler.java:38)
	at com.sun.proxy.$Proxy9.getWrappedElement(Unknown Source)
	at org.openqa.selenium.remote.internal.WebElementToJsonConverter.apply(WebElementToJsonConverter.java:49)
	at com.google.common.collect.Iterators$8.transform(Iterators.java:799)
	at com.google.common.collect.TransformedIterator.next(TransformedIterator.java:48)
	at com.google.common.collect.Iterators.addAll(Iterators.java:362)
	at com.google.common.collect.Lists.newArrayList(Lists.java:160)
	at com.google.common.collect.Lists.newArrayList(Lists.java:144)
	at org.openqa.selenium.remote.RemoteWebDriver.executeScript(RemoteWebDriver.java:572)
	at com.provenir.automation.framework.helper.Credit360Helper.enterAssignedUser(Credit360Helper.java:438)
	at com.provenir.automation.framework.testcases.StatusUpdate.test22_completePreAnalysis(StatusUpdate.java:351)
	at java.util.concurrent.FutureTask.run(Unknown Source)
	at java.util.concurrent.ThreadPoolExecutor.runWorker(Unknown Source)
	at java.util.concurrent.ThreadPoolExecutor$Worker.run(Unknown Source)
	at java.lang.Thread.run(Unknown Source)
Caused by: org.openqa.selenium.NoSuchElementException: Unable to locate element: {&quot;method&quot;:&quot;xpath&quot;,&quot;selector&quot;:&quot;//*[@id=&apos;taskAssigee&apos;]/input&quot;}
For documentation on this error, please visit: http://seleniumhq.org/exceptions/no_such_element.html
Build info: version: &apos;2.52.0&apos;, revision: &apos;4c2593c&apos;, time: &apos;2016-02-11 19:03:33&apos;
System info: host: &apos;parasharb-w7&apos;, ip: &apos;172.27.103.103&apos;, os.name: &apos;Windows 7&apos;, os.arch: &apos;amd64&apos;, os.version: &apos;6.1&apos;, java.version: &apos;1.7.0_75&apos;
Driver info: driver.version: unknown
	at &lt;anonymous class&gt;.FirefoxDriver.prototype.findElementInternal_(file:///C:/Users/PARASH~1/AppData/Local/Temp/anonymous261732337452517893webdriver-profile/extensions/fxdriver@googlecode.com/components/driver-component.js:10723)
	at &lt;anonymous class&gt;.fxdriver.Timer.prototype.setTimeout/&lt;.notify(file:///C:/Users/PARASH~1/AppData/Local/Temp/anonymous261732337452517893webdriver-profile/extensions/fxdriver@googlecode.com/components/driver-component.js:623)
... Removed 19 stack frames
</div> <!-- stack-trace -->
                </div> <!-- method-content -->
              </div> <!-- method -->
              <div class="method">
                <div class="method-content">
                  <a name="test23_refreshPage">
                  </a> <!-- test23_refreshPage -->
                  <span class="method-name">test23_refreshPage</span>
                  <div class="stack-trace">org.openqa.selenium.WebDriverException: Element is not clickable at point (771, 23). Other element would receive the click: &lt;div class=&quot;screenoverlay&quot; style=&quot;height: 2385px; z-index: 1002;&quot;&gt;&lt;/div&gt;
Command duration or timeout: 70 milliseconds
Build info: version: &apos;2.52.0&apos;, revision: &apos;4c2593c&apos;, time: &apos;2016-02-11 19:03:33&apos;
System info: host: &apos;parasharb-w7&apos;, ip: &apos;172.27.103.103&apos;, os.name: &apos;Windows 7&apos;, os.arch: &apos;amd64&apos;, os.version: &apos;6.1&apos;, java.version: &apos;1.7.0_75&apos;
Session ID: 00224fc4-092c-403a-85e7-4bdab4cc1243
Driver info: org.openqa.selenium.firefox.FirefoxDriver
Capabilities [{platform=WINDOWS, acceptSslCerts=true, javascriptEnabled=true, cssSelectorsEnabled=true, databaseEnabled=true, browserName=firefox, handlesAlerts=true, nativeEvents=false, webStorageEnabled=true, rotatable=false, locationContextEnabled=true, applicationCacheEnabled=true, takesScreenshot=true, version=41.0.2}]
	at org.openqa.selenium.remote.ErrorHandler.createThrowable(ErrorHandler.java:206)
	at org.openqa.selenium.remote.ErrorHandler.throwIfResponseFailed(ErrorHandler.java:158)
	at org.openqa.selenium.remote.RemoteWebDriver.execute(RemoteWebDriver.java:678)
	at org.openqa.selenium.remote.RemoteWebElement.execute(RemoteWebElement.java:327)
	at org.openqa.selenium.remote.RemoteWebElement.click(RemoteWebElement.java:85)
	at org.openqa.selenium.support.pagefactory.internal.LocatingElementHandler.invoke(LocatingElementHandler.java:51)
	at com.sun.proxy.$Proxy9.click(Unknown Source)
	at com.provenir.automation.framework.helper.Credit360Helper.clickHome(Credit360Helper.java:571)
	at com.provenir.automation.framework.testcases.StatusUpdate.test23_refreshPage(StatusUpdate.java:365)
	at java.util.concurrent.FutureTask.run(Unknown Source)
	at java.util.concurrent.ThreadPoolExecutor.runWorker(Unknown Source)
	at java.util.concurrent.ThreadPoolExecutor$Worker.run(Unknown Source)
	at java.lang.Thread.run(Unknown Source)
... Removed 24 stack frames
</div> <!-- stack-trace -->
                </div> <!-- method-content -->
              </div> <!-- method -->
              <div class="method">
                <div class="method-content">
                  <a name="test24_verifyCreditStatusAsCreditDecisioning">
                  </a> <!-- test24_verifyCreditStatusAsCreditDecisioning -->
                  <span class="method-name">test24_verifyCreditStatusAsCreditDecisioning</span>
                  <div class="stack-trace">org.openqa.selenium.WebDriverException: Element is not clickable at point (95, 137). Other element would receive the click: &lt;div class=&quot;screenoverlay&quot; style=&quot;height: 2385px; z-index: 1002;&quot;&gt;&lt;/div&gt;
Command duration or timeout: 66 milliseconds
Build info: version: &apos;2.52.0&apos;, revision: &apos;4c2593c&apos;, time: &apos;2016-02-11 19:03:33&apos;
System info: host: &apos;parasharb-w7&apos;, ip: &apos;172.27.103.103&apos;, os.name: &apos;Windows 7&apos;, os.arch: &apos;amd64&apos;, os.version: &apos;6.1&apos;, java.version: &apos;1.7.0_75&apos;
Session ID: 00224fc4-092c-403a-85e7-4bdab4cc1243
Driver info: org.openqa.selenium.firefox.FirefoxDriver
Capabilities [{platform=WINDOWS, acceptSslCerts=true, javascriptEnabled=true, cssSelectorsEnabled=true, databaseEnabled=true, browserName=firefox, handlesAlerts=true, nativeEvents=false, webStorageEnabled=true, rotatable=false, locationContextEnabled=true, applicationCacheEnabled=true, takesScreenshot=true, version=41.0.2}]
	at org.openqa.selenium.remote.ErrorHandler.createThrowable(ErrorHandler.java:206)
	at org.openqa.selenium.remote.ErrorHandler.throwIfResponseFailed(ErrorHandler.java:158)
	at org.openqa.selenium.remote.RemoteWebDriver.execute(RemoteWebDriver.java:678)
	at org.openqa.selenium.remote.RemoteWebElement.execute(RemoteWebElement.java:327)
	at org.openqa.selenium.remote.RemoteWebElement.click(RemoteWebElement.java:85)
	at org.openqa.selenium.support.pagefactory.internal.LocatingElementHandler.invoke(LocatingElementHandler.java:51)
	at com.sun.proxy.$Proxy9.click(Unknown Source)
	at com.provenir.automation.framework.helper.Credit360Helper.clickCreditSummary(Credit360Helper.java:808)
	at com.provenir.automation.framework.testcases.StatusUpdate.test24_verifyCreditStatusAsCreditDecisioning(StatusUpdate.java:376)
	at java.util.concurrent.FutureTask.run(Unknown Source)
	at java.util.concurrent.ThreadPoolExecutor.runWorker(Unknown Source)
	at java.util.concurrent.ThreadPoolExecutor$Worker.run(Unknown Source)
	at java.lang.Thread.run(Unknown Source)
... Removed 24 stack frames
</div> <!-- stack-trace -->
                </div> <!-- method-content -->
              </div> <!-- method -->
              <div class="method">
                <div class="method-content">
                  <a name="test25_completeDecision">
                  </a> <!-- test25_completeDecision -->
                  <span class="method-name">test25_completeDecision</span>
                  <div class="stack-trace">org.openqa.selenium.ElementNotVisibleException: Element is not currently visible and so may not be interacted with
Command duration or timeout: 5.09 seconds
Build info: version: &apos;2.52.0&apos;, revision: &apos;4c2593c&apos;, time: &apos;2016-02-11 19:03:33&apos;
System info: host: &apos;parasharb-w7&apos;, ip: &apos;172.27.103.103&apos;, os.name: &apos;Windows 7&apos;, os.arch: &apos;amd64&apos;, os.version: &apos;6.1&apos;, java.version: &apos;1.7.0_75&apos;
Session ID: 00224fc4-092c-403a-85e7-4bdab4cc1243
Driver info: org.openqa.selenium.firefox.FirefoxDriver
Capabilities [{platform=WINDOWS, acceptSslCerts=true, javascriptEnabled=true, cssSelectorsEnabled=true, databaseEnabled=true, browserName=firefox, handlesAlerts=true, nativeEvents=false, webStorageEnabled=true, rotatable=false, locationContextEnabled=true, applicationCacheEnabled=true, takesScreenshot=true, version=41.0.2}]
	at org.openqa.selenium.remote.ErrorHandler.createThrowable(ErrorHandler.java:206)
	at org.openqa.selenium.remote.ErrorHandler.throwIfResponseFailed(ErrorHandler.java:158)
	at org.openqa.selenium.remote.RemoteWebDriver.execute(RemoteWebDriver.java:678)
	at org.openqa.selenium.remote.RemoteWebElement.execute(RemoteWebElement.java:327)
	at org.openqa.selenium.remote.RemoteWebElement.click(RemoteWebElement.java:85)
	at com.provenir.automation.framework.helper.Credit360Helper.clickWflwNm(Credit360Helper.java:688)
	at com.provenir.automation.framework.testcases.StatusUpdate.test25_completeDecision(StatusUpdate.java:385)
	at java.util.concurrent.FutureTask.run(Unknown Source)
	at java.util.concurrent.ThreadPoolExecutor.runWorker(Unknown Source)
	at java.util.concurrent.ThreadPoolExecutor$Worker.run(Unknown Source)
	at java.lang.Thread.run(Unknown Source)
Caused by: org.openqa.selenium.ElementNotVisibleException: Element is not currently visible and so may not be interacted with
Build info: version: &apos;2.52.0&apos;, revision: &apos;4c2593c&apos;, time: &apos;2016-02-11 19:03:33&apos;
System info: host: &apos;parasharb-w7&apos;, ip: &apos;172.27.103.103&apos;, os.name: &apos;Windows 7&apos;, os.arch: &apos;amd64&apos;, os.version: &apos;6.1&apos;, java.version: &apos;1.7.0_75&apos;
Driver info: driver.version: unknown
	at &lt;anonymous class&gt;.fxdriver.preconditions.visible(file:///C:/Users/PARASH~1/AppData/Local/Temp/anonymous261732337452517893webdriver-profile/extensions/fxdriver@googlecode.com/components/command-processor.js:10045)
	at &lt;anonymous class&gt;.DelayedCommand.prototype.checkPreconditions_(file:///C:/Users/PARASH~1/AppData/Local/Temp/anonymous261732337452517893webdriver-profile/extensions/fxdriver@googlecode.com/components/command-processor.js:12597)
	at &lt;anonymous class&gt;.DelayedCommand.prototype.executeInternal_/h(file:///C:/Users/PARASH~1/AppData/Local/Temp/anonymous261732337452517893webdriver-profile/extensions/fxdriver@googlecode.com/components/command-processor.js:12614)
	at &lt;anonymous class&gt;.fxdriver.Timer.prototype.setTimeout/&lt;.notify(file:///C:/Users/PARASH~1/AppData/Local/Temp/anonymous261732337452517893webdriver-profile/extensions/fxdriver@googlecode.com/components/command-processor.js:623)
... Removed 20 stack frames
</div> <!-- stack-trace -->
                </div> <!-- method-content -->
              </div> <!-- method -->
              <div class="method">
                <div class="method-content">
                  <a name="test26_refreshPage">
                  </a> <!-- test26_refreshPage -->
                  <span class="method-name">test26_refreshPage</span>
                  <div class="stack-trace">org.openqa.selenium.WebDriverException: Element is not clickable at point (771, 23). Other element would receive the click: &lt;div class=&quot;screenoverlay&quot; style=&quot;height: 2385px; z-index: 1002;&quot;&gt;&lt;/div&gt;
Command duration or timeout: 90 milliseconds
Build info: version: &apos;2.52.0&apos;, revision: &apos;4c2593c&apos;, time: &apos;2016-02-11 19:03:33&apos;
System info: host: &apos;parasharb-w7&apos;, ip: &apos;172.27.103.103&apos;, os.name: &apos;Windows 7&apos;, os.arch: &apos;amd64&apos;, os.version: &apos;6.1&apos;, java.version: &apos;1.7.0_75&apos;
Session ID: 00224fc4-092c-403a-85e7-4bdab4cc1243
Driver info: org.openqa.selenium.firefox.FirefoxDriver
Capabilities [{platform=WINDOWS, acceptSslCerts=true, javascriptEnabled=true, cssSelectorsEnabled=true, databaseEnabled=true, browserName=firefox, handlesAlerts=true, nativeEvents=false, webStorageEnabled=true, rotatable=false, locationContextEnabled=true, applicationCacheEnabled=true, takesScreenshot=true, version=41.0.2}]
	at org.openqa.selenium.remote.ErrorHandler.createThrowable(ErrorHandler.java:206)
	at org.openqa.selenium.remote.ErrorHandler.throwIfResponseFailed(ErrorHandler.java:158)
	at org.openqa.selenium.remote.RemoteWebDriver.execute(RemoteWebDriver.java:678)
	at org.openqa.selenium.remote.RemoteWebElement.execute(RemoteWebElement.java:327)
	at org.openqa.selenium.remote.RemoteWebElement.click(RemoteWebElement.java:85)
	at org.openqa.selenium.support.pagefactory.internal.LocatingElementHandler.invoke(LocatingElementHandler.java:51)
	at com.sun.proxy.$Proxy9.click(Unknown Source)
	at com.provenir.automation.framework.helper.Credit360Helper.clickHome(Credit360Helper.java:571)
	at com.provenir.automation.framework.testcases.StatusUpdate.test26_refreshPage(StatusUpdate.java:406)
	at java.util.concurrent.FutureTask.run(Unknown Source)
	at java.util.concurrent.ThreadPoolExecutor.runWorker(Unknown Source)
	at java.util.concurrent.ThreadPoolExecutor$Worker.run(Unknown Source)
	at java.lang.Thread.run(Unknown Source)
... Removed 24 stack frames
</div> <!-- stack-trace -->
                </div> <!-- method-content -->
              </div> <!-- method -->
              <div class="method">
                <div class="method-content">
                  <a name="test27_verifyCreditStatus">
                  </a> <!-- test27_verifyCreditStatus -->
                  <span class="method-name">test27_verifyCreditStatus</span>
                  <div class="stack-trace">org.openqa.selenium.WebDriverException: Element is not clickable at point (95, 137). Other element would receive the click: &lt;div class=&quot;screenoverlay&quot; style=&quot;height: 2385px; z-index: 1002;&quot;&gt;&lt;/div&gt;
Command duration or timeout: 70 milliseconds
Build info: version: &apos;2.52.0&apos;, revision: &apos;4c2593c&apos;, time: &apos;2016-02-11 19:03:33&apos;
System info: host: &apos;parasharb-w7&apos;, ip: &apos;172.27.103.103&apos;, os.name: &apos;Windows 7&apos;, os.arch: &apos;amd64&apos;, os.version: &apos;6.1&apos;, java.version: &apos;1.7.0_75&apos;
Session ID: 00224fc4-092c-403a-85e7-4bdab4cc1243
Driver info: org.openqa.selenium.firefox.FirefoxDriver
Capabilities [{platform=WINDOWS, acceptSslCerts=true, javascriptEnabled=true, cssSelectorsEnabled=true, databaseEnabled=true, browserName=firefox, handlesAlerts=true, nativeEvents=false, webStorageEnabled=true, rotatable=false, locationContextEnabled=true, applicationCacheEnabled=true, takesScreenshot=true, version=41.0.2}]
	at org.openqa.selenium.remote.ErrorHandler.createThrowable(ErrorHandler.java:206)
	at org.openqa.selenium.remote.ErrorHandler.throwIfResponseFailed(ErrorHandler.java:158)
	at org.openqa.selenium.remote.RemoteWebDriver.execute(RemoteWebDriver.java:678)
	at org.openqa.selenium.remote.RemoteWebElement.execute(RemoteWebElement.java:327)
	at org.openqa.selenium.remote.RemoteWebElement.click(RemoteWebElement.java:85)
	at org.openqa.selenium.support.pagefactory.internal.LocatingElementHandler.invoke(LocatingElementHandler.java:51)
	at com.sun.proxy.$Proxy9.click(Unknown Source)
	at com.provenir.automation.framework.helper.Credit360Helper.clickCreditSummary(Credit360Helper.java:808)
	at com.provenir.automation.framework.testcases.StatusUpdate.test27_verifyCreditStatus(StatusUpdate.java:416)
	at java.util.concurrent.FutureTask.run(Unknown Source)
	at java.util.concurrent.ThreadPoolExecutor.runWorker(Unknown Source)
	at java.util.concurrent.ThreadPoolExecutor$Worker.run(Unknown Source)
	at java.lang.Thread.run(Unknown Source)
... Removed 24 stack frames
</div> <!-- stack-trace -->
                </div> <!-- method-content -->
              </div> <!-- method -->
              <div class="method">
                <div class="method-content">
                  <a name="test28_completeCustomerAcceptance">
                  </a> <!-- test28_completeCustomerAcceptance -->
                  <span class="method-name">test28_completeCustomerAcceptance</span>
                  <div class="stack-trace">org.openqa.selenium.WebDriverException: argumen5ts is not defined
Command duration or timeout: 13 milliseconds
Build info: version: &apos;2.52.0&apos;, revision: &apos;4c2593c&apos;, time: &apos;2016-02-11 19:03:33&apos;
System info: host: &apos;parasharb-w7&apos;, ip: &apos;172.27.103.103&apos;, os.name: &apos;Windows 7&apos;, os.arch: &apos;amd64&apos;, os.version: &apos;6.1&apos;, java.version: &apos;1.7.0_75&apos;
Session ID: 00224fc4-092c-403a-85e7-4bdab4cc1243
Driver info: org.openqa.selenium.firefox.FirefoxDriver
Capabilities [{platform=WINDOWS, acceptSslCerts=true, javascriptEnabled=true, cssSelectorsEnabled=true, databaseEnabled=true, browserName=firefox, handlesAlerts=true, nativeEvents=false, webStorageEnabled=true, rotatable=false, locationContextEnabled=true, applicationCacheEnabled=true, takesScreenshot=true, version=41.0.2}]
	at org.openqa.selenium.remote.ErrorHandler.createThrowable(ErrorHandler.java:206)
	at org.openqa.selenium.remote.ErrorHandler.throwIfResponseFailed(ErrorHandler.java:158)
	at org.openqa.selenium.remote.RemoteWebDriver.execute(RemoteWebDriver.java:678)
	at org.openqa.selenium.remote.RemoteWebDriver.executeScript(RemoteWebDriver.java:577)
	at com.provenir.automation.framework.helper.Credit360Helper.reassignTaskOfCustomerAcceptance(Credit360Helper.java:334)
	at com.provenir.automation.framework.testcases.StatusUpdate.test28_completeCustomerAcceptance(StatusUpdate.java:428)
	at java.util.concurrent.FutureTask.run(Unknown Source)
	at java.util.concurrent.ThreadPoolExecutor.runWorker(Unknown Source)
	at java.util.concurrent.ThreadPoolExecutor$Worker.run(Unknown Source)
	at java.lang.Thread.run(Unknown Source)
Caused by: org.openqa.selenium.WebDriverException: argumen5ts is not defined
Build info: version: &apos;2.52.0&apos;, revision: &apos;4c2593c&apos;, time: &apos;2016-02-11 19:03:33&apos;
System info: host: &apos;parasharb-w7&apos;, ip: &apos;172.27.103.103&apos;, os.name: &apos;Windows 7&apos;, os.arch: &apos;amd64&apos;, os.version: &apos;6.1&apos;, java.version: &apos;1.7.0_75&apos;
Driver info: driver.version: unknown
	at &lt;anonymous class&gt;.anonymous(http://provappsvpcqa01.provapps.com:6080/ProvAppCLWeb/;jsessionid=DF1F73A6C948DBE4C036B968D023621A line 69 &gt; Function:1)
	at &lt;anonymous class&gt;.handleEvaluateEvent(http://provappsvpcqa01.provapps.com:6080/ProvAppCLWeb/;jsessionid=DF1F73A6C948DBE4C036B968D023621A:69)
... Removed 20 stack frames
</div> <!-- stack-trace -->
                </div> <!-- method-content -->
              </div> <!-- method -->
              <div class="method">
                <div class="method-content">
                  <a name="test29_completeChildTaskOfCustomerAcceptance">
                  </a> <!-- test29_completeChildTaskOfCustomerAcceptance -->
                  <span class="method-name">test29_completeChildTaskOfCustomerAcceptance</span>
                  <div class="stack-trace">org.openqa.selenium.WebDriverException: Element is not clickable at point (244, 782.5). Other element would receive the click: &lt;div class=&quot;screenoverlay&quot; style=&quot;height: 2385px; z-index: 1002;&quot;&gt;&lt;/div&gt;
Command duration or timeout: 81 milliseconds
Build info: version: &apos;2.52.0&apos;, revision: &apos;4c2593c&apos;, time: &apos;2016-02-11 19:03:33&apos;
System info: host: &apos;parasharb-w7&apos;, ip: &apos;172.27.103.103&apos;, os.name: &apos;Windows 7&apos;, os.arch: &apos;amd64&apos;, os.version: &apos;6.1&apos;, java.version: &apos;1.7.0_75&apos;
Session ID: 00224fc4-092c-403a-85e7-4bdab4cc1243
Driver info: org.openqa.selenium.firefox.FirefoxDriver
Capabilities [{platform=WINDOWS, acceptSslCerts=true, javascriptEnabled=true, cssSelectorsEnabled=true, databaseEnabled=true, browserName=firefox, handlesAlerts=true, nativeEvents=false, webStorageEnabled=true, rotatable=false, locationContextEnabled=true, applicationCacheEnabled=true, takesScreenshot=true, version=41.0.2}]
	at org.openqa.selenium.remote.ErrorHandler.createThrowable(ErrorHandler.java:206)
	at org.openqa.selenium.remote.ErrorHandler.throwIfResponseFailed(ErrorHandler.java:158)
	at org.openqa.selenium.remote.RemoteWebDriver.execute(RemoteWebDriver.java:678)
	at org.openqa.selenium.remote.RemoteWebElement.execute(RemoteWebElement.java:327)
	at org.openqa.selenium.remote.RemoteWebElement.click(RemoteWebElement.java:85)
	at org.openqa.selenium.support.pagefactory.internal.LocatingElementHandler.invoke(LocatingElementHandler.java:51)
	at com.sun.proxy.$Proxy9.click(Unknown Source)
	at com.provenir.automation.framework.helper.Credit360Helper.expandCustomerAcceptance(Credit360Helper.java:702)
	at com.provenir.automation.framework.testcases.StatusUpdate.test29_completeChildTaskOfCustomerAcceptance(StatusUpdate.java:444)
	at java.util.concurrent.FutureTask.run(Unknown Source)
	at java.util.concurrent.ThreadPoolExecutor.runWorker(Unknown Source)
	at java.util.concurrent.ThreadPoolExecutor$Worker.run(Unknown Source)
	at java.lang.Thread.run(Unknown Source)
... Removed 24 stack frames
</div> <!-- stack-trace -->
                </div> <!-- method-content -->
              </div> <!-- method -->
              <div class="method">
                <div class="method-content">
                  <a name="test30_refreshPage">
                  </a> <!-- test30_refreshPage -->
                  <span class="method-name">test30_refreshPage</span>
                  <div class="stack-trace">org.openqa.selenium.WebDriverException: Element is not clickable at point (771, 23). Other element would receive the click: &lt;div class=&quot;screenoverlay&quot; style=&quot;height: 2385px; z-index: 1002;&quot;&gt;&lt;/div&gt;
Command duration or timeout: 68 milliseconds
Build info: version: &apos;2.52.0&apos;, revision: &apos;4c2593c&apos;, time: &apos;2016-02-11 19:03:33&apos;
System info: host: &apos;parasharb-w7&apos;, ip: &apos;172.27.103.103&apos;, os.name: &apos;Windows 7&apos;, os.arch: &apos;amd64&apos;, os.version: &apos;6.1&apos;, java.version: &apos;1.7.0_75&apos;
Session ID: 00224fc4-092c-403a-85e7-4bdab4cc1243
Driver info: org.openqa.selenium.firefox.FirefoxDriver
Capabilities [{platform=WINDOWS, acceptSslCerts=true, javascriptEnabled=true, cssSelectorsEnabled=true, databaseEnabled=true, browserName=firefox, handlesAlerts=true, nativeEvents=false, webStorageEnabled=true, rotatable=false, locationContextEnabled=true, applicationCacheEnabled=true, takesScreenshot=true, version=41.0.2}]
	at org.openqa.selenium.remote.ErrorHandler.createThrowable(ErrorHandler.java:206)
	at org.openqa.selenium.remote.ErrorHandler.throwIfResponseFailed(ErrorHandler.java:158)
	at org.openqa.selenium.remote.RemoteWebDriver.execute(RemoteWebDriver.java:678)
	at org.openqa.selenium.remote.RemoteWebElement.execute(RemoteWebElement.java:327)
	at org.openqa.selenium.remote.RemoteWebElement.click(RemoteWebElement.java:85)
	at org.openqa.selenium.support.pagefactory.internal.LocatingElementHandler.invoke(LocatingElementHandler.java:51)
	at com.sun.proxy.$Proxy9.click(Unknown Source)
	at com.provenir.automation.framework.helper.Credit360Helper.clickHome(Credit360Helper.java:571)
	at com.provenir.automation.framework.testcases.StatusUpdate.test30_refreshPage(StatusUpdate.java:458)
	at java.util.concurrent.FutureTask.run(Unknown Source)
	at java.util.concurrent.ThreadPoolExecutor.runWorker(Unknown Source)
	at java.util.concurrent.ThreadPoolExecutor$Worker.run(Unknown Source)
	at java.lang.Thread.run(Unknown Source)
... Removed 24 stack frames
</div> <!-- stack-trace -->
                </div> <!-- method-content -->
              </div> <!-- method -->
              <div class="method">
                <div class="method-content">
                  <a name="test31_verifyStatusAsDueDiligence">
                  </a> <!-- test31_verifyStatusAsDueDiligence -->
                  <span class="method-name">test31_verifyStatusAsDueDiligence</span>
                  <div class="stack-trace">org.openqa.selenium.WebDriverException: Element is not clickable at point (95, 137). Other element would receive the click: &lt;div class=&quot;screenoverlay&quot; style=&quot;height: 2385px; z-index: 1002;&quot;&gt;&lt;/div&gt;
Command duration or timeout: 72 milliseconds
Build info: version: &apos;2.52.0&apos;, revision: &apos;4c2593c&apos;, time: &apos;2016-02-11 19:03:33&apos;
System info: host: &apos;parasharb-w7&apos;, ip: &apos;172.27.103.103&apos;, os.name: &apos;Windows 7&apos;, os.arch: &apos;amd64&apos;, os.version: &apos;6.1&apos;, java.version: &apos;1.7.0_75&apos;
Session ID: 00224fc4-092c-403a-85e7-4bdab4cc1243
Driver info: org.openqa.selenium.firefox.FirefoxDriver
Capabilities [{platform=WINDOWS, acceptSslCerts=true, javascriptEnabled=true, cssSelectorsEnabled=true, databaseEnabled=true, browserName=firefox, handlesAlerts=true, nativeEvents=false, webStorageEnabled=true, rotatable=false, locationContextEnabled=true, applicationCacheEnabled=true, takesScreenshot=true, version=41.0.2}]
	at org.openqa.selenium.remote.ErrorHandler.createThrowable(ErrorHandler.java:206)
	at org.openqa.selenium.remote.ErrorHandler.throwIfResponseFailed(ErrorHandler.java:158)
	at org.openqa.selenium.remote.RemoteWebDriver.execute(RemoteWebDriver.java:678)
	at org.openqa.selenium.remote.RemoteWebElement.execute(RemoteWebElement.java:327)
	at org.openqa.selenium.remote.RemoteWebElement.click(RemoteWebElement.java:85)
	at org.openqa.selenium.support.pagefactory.internal.LocatingElementHandler.invoke(LocatingElementHandler.java:51)
	at com.sun.proxy.$Proxy9.click(Unknown Source)
	at com.provenir.automation.framework.helper.Credit360Helper.clickCreditSummary(Credit360Helper.java:808)
	at com.provenir.automation.framework.testcases.StatusUpdate.test31_verifyStatusAsDueDiligence(StatusUpdate.java:468)
	at java.util.concurrent.FutureTask.run(Unknown Source)
	at java.util.concurrent.ThreadPoolExecutor.runWorker(Unknown Source)
	at java.util.concurrent.ThreadPoolExecutor$Worker.run(Unknown Source)
	at java.lang.Thread.run(Unknown Source)
... Removed 24 stack frames
</div> <!-- stack-trace -->
                </div> <!-- method-content -->
              </div> <!-- method -->
              <div class="method">
                <div class="method-content">
                  <a name="test32_completeDueDiligence">
                  </a> <!-- test32_completeDueDiligence -->
                  <span class="method-name">test32_completeDueDiligence</span>
                  <div class="stack-trace">org.openqa.selenium.ElementNotVisibleException: Element is not currently visible and so may not be interacted with
Command duration or timeout: 5.01 seconds
Build info: version: &apos;2.52.0&apos;, revision: &apos;4c2593c&apos;, time: &apos;2016-02-11 19:03:33&apos;
System info: host: &apos;parasharb-w7&apos;, ip: &apos;172.27.103.103&apos;, os.name: &apos;Windows 7&apos;, os.arch: &apos;amd64&apos;, os.version: &apos;6.1&apos;, java.version: &apos;1.7.0_75&apos;
Session ID: 00224fc4-092c-403a-85e7-4bdab4cc1243
Driver info: org.openqa.selenium.firefox.FirefoxDriver
Capabilities [{platform=WINDOWS, acceptSslCerts=true, javascriptEnabled=true, cssSelectorsEnabled=true, databaseEnabled=true, browserName=firefox, handlesAlerts=true, nativeEvents=false, webStorageEnabled=true, rotatable=false, locationContextEnabled=true, applicationCacheEnabled=true, takesScreenshot=true, version=41.0.2}]
	at org.openqa.selenium.remote.ErrorHandler.createThrowable(ErrorHandler.java:206)
	at org.openqa.selenium.remote.ErrorHandler.throwIfResponseFailed(ErrorHandler.java:158)
	at org.openqa.selenium.remote.RemoteWebDriver.execute(RemoteWebDriver.java:678)
	at org.openqa.selenium.remote.RemoteWebElement.execute(RemoteWebElement.java:327)
	at org.openqa.selenium.remote.RemoteWebElement.click(RemoteWebElement.java:85)
	at org.openqa.selenium.support.pagefactory.internal.LocatingElementHandler.invoke(LocatingElementHandler.java:51)
	at com.sun.proxy.$Proxy9.click(Unknown Source)
	at com.provenir.automation.framework.helper.Credit360Helper.expandCustomerAcceptance(Credit360Helper.java:702)
	at com.provenir.automation.framework.testcases.StatusUpdate.test32_completeDueDiligence(StatusUpdate.java:480)
	at java.util.concurrent.FutureTask.run(Unknown Source)
	at java.util.concurrent.ThreadPoolExecutor.runWorker(Unknown Source)
	at java.util.concurrent.ThreadPoolExecutor$Worker.run(Unknown Source)
	at java.lang.Thread.run(Unknown Source)
Caused by: org.openqa.selenium.ElementNotVisibleException: Element is not currently visible and so may not be interacted with
Build info: version: &apos;2.52.0&apos;, revision: &apos;4c2593c&apos;, time: &apos;2016-02-11 19:03:33&apos;
System info: host: &apos;parasharb-w7&apos;, ip: &apos;172.27.103.103&apos;, os.name: &apos;Windows 7&apos;, os.arch: &apos;amd64&apos;, os.version: &apos;6.1&apos;, java.version: &apos;1.7.0_75&apos;
Driver info: driver.version: unknown
	at &lt;anonymous class&gt;.fxdriver.preconditions.visible(file:///C:/Users/PARASH~1/AppData/Local/Temp/anonymous261732337452517893webdriver-profile/extensions/fxdriver@googlecode.com/components/command-processor.js:10045)
	at &lt;anonymous class&gt;.DelayedCommand.prototype.checkPreconditions_(file:///C:/Users/PARASH~1/AppData/Local/Temp/anonymous261732337452517893webdriver-profile/extensions/fxdriver@googlecode.com/components/command-processor.js:12597)
	at &lt;anonymous class&gt;.DelayedCommand.prototype.executeInternal_/h(file:///C:/Users/PARASH~1/AppData/Local/Temp/anonymous261732337452517893webdriver-profile/extensions/fxdriver@googlecode.com/components/command-processor.js:12614)
	at &lt;anonymous class&gt;.fxdriver.Timer.prototype.setTimeout/&lt;.notify(file:///C:/Users/PARASH~1/AppData/Local/Temp/anonymous261732337452517893webdriver-profile/extensions/fxdriver@googlecode.com/components/command-processor.js:623)
... Removed 24 stack frames
</div> <!-- stack-trace -->
                </div> <!-- method-content -->
              </div> <!-- method -->
              <div class="method">
                <div class="method-content">
                  <a name="test33_completeChildTasksOfDueDiligence">
                  </a> <!-- test33_completeChildTasksOfDueDiligence -->
                  <span class="method-name">test33_completeChildTasksOfDueDiligence</span>
                  <div class="stack-trace">org.openqa.selenium.ElementNotVisibleException: Element is not currently visible and so may not be interacted with
Command duration or timeout: 5.06 seconds
Build info: version: &apos;2.52.0&apos;, revision: &apos;4c2593c&apos;, time: &apos;2016-02-11 19:03:33&apos;
System info: host: &apos;parasharb-w7&apos;, ip: &apos;172.27.103.103&apos;, os.name: &apos;Windows 7&apos;, os.arch: &apos;amd64&apos;, os.version: &apos;6.1&apos;, java.version: &apos;1.7.0_75&apos;
Session ID: 00224fc4-092c-403a-85e7-4bdab4cc1243
Driver info: org.openqa.selenium.firefox.FirefoxDriver
Capabilities [{platform=WINDOWS, acceptSslCerts=true, javascriptEnabled=true, cssSelectorsEnabled=true, databaseEnabled=true, browserName=firefox, handlesAlerts=true, nativeEvents=false, webStorageEnabled=true, rotatable=false, locationContextEnabled=true, applicationCacheEnabled=true, takesScreenshot=true, version=41.0.2}]
	at org.openqa.selenium.remote.ErrorHandler.createThrowable(ErrorHandler.java:206)
	at org.openqa.selenium.remote.ErrorHandler.throwIfResponseFailed(ErrorHandler.java:158)
	at org.openqa.selenium.remote.RemoteWebDriver.execute(RemoteWebDriver.java:678)
	at org.openqa.selenium.remote.RemoteWebElement.execute(RemoteWebElement.java:327)
	at org.openqa.selenium.remote.RemoteWebElement.click(RemoteWebElement.java:85)
	at org.openqa.selenium.support.pagefactory.internal.LocatingElementHandler.invoke(LocatingElementHandler.java:51)
	at com.sun.proxy.$Proxy9.click(Unknown Source)
	at com.provenir.automation.framework.helper.Credit360Helper.expandDueDiligence(Credit360Helper.java:709)
	at com.provenir.automation.framework.testcases.StatusUpdate.test33_completeChildTasksOfDueDiligence(StatusUpdate.java:498)
	at java.util.concurrent.FutureTask.run(Unknown Source)
	at java.util.concurrent.ThreadPoolExecutor.runWorker(Unknown Source)
	at java.util.concurrent.ThreadPoolExecutor$Worker.run(Unknown Source)
	at java.lang.Thread.run(Unknown Source)
Caused by: org.openqa.selenium.ElementNotVisibleException: Element is not currently visible and so may not be interacted with
Build info: version: &apos;2.52.0&apos;, revision: &apos;4c2593c&apos;, time: &apos;2016-02-11 19:03:33&apos;
System info: host: &apos;parasharb-w7&apos;, ip: &apos;172.27.103.103&apos;, os.name: &apos;Windows 7&apos;, os.arch: &apos;amd64&apos;, os.version: &apos;6.1&apos;, java.version: &apos;1.7.0_75&apos;
Driver info: driver.version: unknown
	at &lt;anonymous class&gt;.fxdriver.preconditions.visible(file:///C:/Users/PARASH~1/AppData/Local/Temp/anonymous261732337452517893webdriver-profile/extensions/fxdriver@googlecode.com/components/command-processor.js:10045)
	at &lt;anonymous class&gt;.DelayedCommand.prototype.checkPreconditions_(file:///C:/Users/PARASH~1/AppData/Local/Temp/anonymous261732337452517893webdriver-profile/extensions/fxdriver@googlecode.com/components/command-processor.js:12597)
	at &lt;anonymous class&gt;.DelayedCommand.prototype.executeInternal_/h(file:///C:/Users/PARASH~1/AppData/Local/Temp/anonymous261732337452517893webdriver-profile/extensions/fxdriver@googlecode.com/components/command-processor.js:12614)
	at &lt;anonymous class&gt;.fxdriver.Timer.prototype.setTimeout/&lt;.notify(file:///C:/Users/PARASH~1/AppData/Local/Temp/anonymous261732337452517893webdriver-profile/extensions/fxdriver@googlecode.com/components/command-processor.js:623)
... Removed 24 stack frames
</div> <!-- stack-trace -->
                </div> <!-- method-content -->
              </div> <!-- method -->
              <div class="method">
                <div class="method-content">
                  <a name="test34_refreshPage">
                  </a> <!-- test34_refreshPage -->
                  <span class="method-name">test34_refreshPage</span>
                  <div class="stack-trace">org.openqa.selenium.WebDriverException: Element is not clickable at point (771, 23). Other element would receive the click: &lt;div class=&quot;screenoverlay&quot; style=&quot;height: 2385px; z-index: 1002;&quot;&gt;&lt;/div&gt;
Command duration or timeout: 81 milliseconds
Build info: version: &apos;2.52.0&apos;, revision: &apos;4c2593c&apos;, time: &apos;2016-02-11 19:03:33&apos;
System info: host: &apos;parasharb-w7&apos;, ip: &apos;172.27.103.103&apos;, os.name: &apos;Windows 7&apos;, os.arch: &apos;amd64&apos;, os.version: &apos;6.1&apos;, java.version: &apos;1.7.0_75&apos;
Session ID: 00224fc4-092c-403a-85e7-4bdab4cc1243
Driver info: org.openqa.selenium.firefox.FirefoxDriver
Capabilities [{platform=WINDOWS, acceptSslCerts=true, javascriptEnabled=true, cssSelectorsEnabled=true, databaseEnabled=true, browserName=firefox, handlesAlerts=true, nativeEvents=false, webStorageEnabled=true, rotatable=false, locationContextEnabled=true, applicationCacheEnabled=true, takesScreenshot=true, version=41.0.2}]
	at org.openqa.selenium.remote.ErrorHandler.createThrowable(ErrorHandler.java:206)
	at org.openqa.selenium.remote.ErrorHandler.throwIfResponseFailed(ErrorHandler.java:158)
	at org.openqa.selenium.remote.RemoteWebDriver.execute(RemoteWebDriver.java:678)
	at org.openqa.selenium.remote.RemoteWebElement.execute(RemoteWebElement.java:327)
	at org.openqa.selenium.remote.RemoteWebElement.click(RemoteWebElement.java:85)
	at org.openqa.selenium.support.pagefactory.internal.LocatingElementHandler.invoke(LocatingElementHandler.java:51)
	at com.sun.proxy.$Proxy9.click(Unknown Source)
	at com.provenir.automation.framework.helper.Credit360Helper.clickHome(Credit360Helper.java:571)
	at com.provenir.automation.framework.testcases.StatusUpdate.test34_refreshPage(StatusUpdate.java:522)
	at java.util.concurrent.FutureTask.run(Unknown Source)
	at java.util.concurrent.ThreadPoolExecutor.runWorker(Unknown Source)
	at java.util.concurrent.ThreadPoolExecutor$Worker.run(Unknown Source)
	at java.lang.Thread.run(Unknown Source)
... Removed 24 stack frames
</div> <!-- stack-trace -->
                </div> <!-- method-content -->
              </div> <!-- method -->
              <div class="method">
                <div class="method-content">
                  <a name="test35_verifyStatusAsDueDiligence">
                  </a> <!-- test35_verifyStatusAsDueDiligence -->
                  <span class="method-name">test35_verifyStatusAsDueDiligence</span>
                  <div class="stack-trace">org.openqa.selenium.WebDriverException: Element is not clickable at point (95, 137). Other element would receive the click: &lt;div class=&quot;screenoverlay&quot; style=&quot;height: 2385px; z-index: 1002;&quot;&gt;&lt;/div&gt;
Command duration or timeout: 66 milliseconds
Build info: version: &apos;2.52.0&apos;, revision: &apos;4c2593c&apos;, time: &apos;2016-02-11 19:03:33&apos;
System info: host: &apos;parasharb-w7&apos;, ip: &apos;172.27.103.103&apos;, os.name: &apos;Windows 7&apos;, os.arch: &apos;amd64&apos;, os.version: &apos;6.1&apos;, java.version: &apos;1.7.0_75&apos;
Session ID: 00224fc4-092c-403a-85e7-4bdab4cc1243
Driver info: org.openqa.selenium.firefox.FirefoxDriver
Capabilities [{platform=WINDOWS, acceptSslCerts=true, javascriptEnabled=true, cssSelectorsEnabled=true, databaseEnabled=true, browserName=firefox, handlesAlerts=true, nativeEvents=false, webStorageEnabled=true, rotatable=false, locationContextEnabled=true, applicationCacheEnabled=true, takesScreenshot=true, version=41.0.2}]
	at org.openqa.selenium.remote.ErrorHandler.createThrowable(ErrorHandler.java:206)
	at org.openqa.selenium.remote.ErrorHandler.throwIfResponseFailed(ErrorHandler.java:158)
	at org.openqa.selenium.remote.RemoteWebDriver.execute(RemoteWebDriver.java:678)
	at org.openqa.selenium.remote.RemoteWebElement.execute(RemoteWebElement.java:327)
	at org.openqa.selenium.remote.RemoteWebElement.click(RemoteWebElement.java:85)
	at org.openqa.selenium.support.pagefactory.internal.LocatingElementHandler.invoke(LocatingElementHandler.java:51)
	at com.sun.proxy.$Proxy9.click(Unknown Source)
	at com.provenir.automation.framework.helper.Credit360Helper.clickCreditSummary(Credit360Helper.java:808)
	at com.provenir.automation.framework.testcases.StatusUpdate.test35_verifyStatusAsDueDiligence(StatusUpdate.java:532)
	at java.util.concurrent.FutureTask.run(Unknown Source)
	at java.util.concurrent.ThreadPoolExecutor.runWorker(Unknown Source)
	at java.util.concurrent.ThreadPoolExecutor$Worker.run(Unknown Source)
	at java.lang.Thread.run(Unknown Source)
... Removed 24 stack frames
</div> <!-- stack-trace -->
                </div> <!-- method-content -->
              </div> <!-- method -->
              <div class="method">
                <div class="method-content">
                  <a name="test9_saveIndividualCustDetails">
                  </a> <!-- test9_saveIndividualCustDetails -->
                  <span class="method-name">test9_saveIndividualCustDetails</span>
                  <div class="stack-trace">org.openqa.selenium.NoSuchElementException: Unable to locate element: {&quot;method&quot;:&quot;xpath&quot;,&quot;selector&quot;:&quot;.//*[@id=&apos;useCurrentCust&apos;]/span/span&quot;}
Command duration or timeout: 239 milliseconds
For documentation on this error, please visit: http://seleniumhq.org/exceptions/no_such_element.html
Build info: version: &apos;2.52.0&apos;, revision: &apos;4c2593c&apos;, time: &apos;2016-02-11 19:03:33&apos;
System info: host: &apos;parasharb-w7&apos;, ip: &apos;172.27.103.103&apos;, os.name: &apos;Windows 7&apos;, os.arch: &apos;amd64&apos;, os.version: &apos;6.1&apos;, java.version: &apos;1.7.0_75&apos;
*** Element info: {Using=xpath, value=.//*[@id=&apos;useCurrentCust&apos;]/span/span}
Session ID: 00224fc4-092c-403a-85e7-4bdab4cc1243
Driver info: org.openqa.selenium.firefox.FirefoxDriver
Capabilities [{platform=WINDOWS, acceptSslCerts=true, javascriptEnabled=true, cssSelectorsEnabled=true, databaseEnabled=true, browserName=firefox, handlesAlerts=true, nativeEvents=false, webStorageEnabled=true, rotatable=false, locationContextEnabled=true, applicationCacheEnabled=true, takesScreenshot=true, version=41.0.2}]
	at org.openqa.selenium.remote.ErrorHandler.createThrowable(ErrorHandler.java:206)
	at org.openqa.selenium.remote.ErrorHandler.throwIfResponseFailed(ErrorHandler.java:158)
	at org.openqa.selenium.remote.RemoteWebDriver.execute(RemoteWebDriver.java:678)
	at org.openqa.selenium.remote.RemoteWebDriver.findElement(RemoteWebDriver.java:363)
	at org.openqa.selenium.remote.RemoteWebDriver.findElementByXPath(RemoteWebDriver.java:500)
	at org.openqa.selenium.By$ByXPath.findElement(By.java:361)
	at org.openqa.selenium.remote.RemoteWebDriver.findElement(RemoteWebDriver.java:355)
	at com.provenir.automation.framework.helper.CustomerInfoPage.clickMatchPopup(CustomerInfoPage.java:2724)
	at com.provenir.automation.framework.testcases.StatusUpdate.test9_saveIndividualCustDetails(StatusUpdate.java:222)
	at java.util.concurrent.FutureTask.run(Unknown Source)
	at java.util.concurrent.ThreadPoolExecutor.runWorker(Unknown Source)
	at java.util.concurrent.ThreadPoolExecutor$Worker.run(Unknown Source)
	at java.lang.Thread.run(Unknown Source)
Caused by: org.openqa.selenium.NoSuchElementException: Unable to locate element: {&quot;method&quot;:&quot;xpath&quot;,&quot;selector&quot;:&quot;.//*[@id=&apos;useCurrentCust&apos;]/span/span&quot;}
For documentation on this error, please visit: http://seleniumhq.org/exceptions/no_such_element.html
Build info: version: &apos;2.52.0&apos;, revision: &apos;4c2593c&apos;, time: &apos;2016-02-11 19:03:33&apos;
System info: host: &apos;parasharb-w7&apos;, ip: &apos;172.27.103.103&apos;, os.name: &apos;Windows 7&apos;, os.arch: &apos;amd64&apos;, os.version: &apos;6.1&apos;, java.version: &apos;1.7.0_75&apos;
Driver info: driver.version: unknown
	at &lt;anonymous class&gt;.FirefoxDriver.prototype.findElementInternal_(file:///C:/Users/PARASH~1/AppData/Local/Temp/anonymous261732337452517893webdriver-profile/extensions/fxdriver@googlecode.com/components/driver-component.js:10723)
	at &lt;anonymous class&gt;.FirefoxDriver.prototype.findElement(file:///C:/Users/PARASH~1/AppData/Local/Temp/anonymous261732337452517893webdriver-profile/extensions/fxdriver@googlecode.com/components/driver-component.js:10732)
	at &lt;anonymous class&gt;.DelayedCommand.prototype.executeInternal_/h(file:///C:/Users/PARASH~1/AppData/Local/Temp/anonymous261732337452517893webdriver-profile/extensions/fxdriver@googlecode.com/components/command-processor.js:12614)
	at &lt;anonymous class&gt;.DelayedCommand.prototype.executeInternal_(file:///C:/Users/PARASH~1/AppData/Local/Temp/anonymous261732337452517893webdriver-profile/extensions/fxdriver@googlecode.com/components/command-processor.js:12619)
	at &lt;anonymous class&gt;.DelayedCommand.prototype.execute/&lt;(file:///C:/Users/PARASH~1/AppData/Local/Temp/anonymous261732337452517893webdriver-profile/extensions/fxdriver@googlecode.com/components/command-processor.js:12561)
	at &lt;anonymous class&gt;..send(http://provappsvpcqa01.provapps.com:6080/ProvAppCLWeb/yuiDir/js/yuiGlobal-min.js:21)
	at &lt;anonymous class&gt;..ajax(http://provappsvpcqa01.provapps.com:6080/ProvAppCLWeb/yuiDir/js/yuiGlobal-min.js:21)
	at &lt;anonymous class&gt;..domManip/&lt;(http://provappsvpcqa01.provapps.com:6080/ProvAppCLWeb/yuiDir/js/yuiGlobal-min.js:21)
	at &lt;anonymous class&gt;..each(http://provappsvpcqa01.provapps.com:6080/ProvAppCLWeb/yuiDir/js/yuiGlobal-min.js:14)
	at &lt;anonymous class&gt;..domManip(http://provappsvpcqa01.provapps.com:6080/ProvAppCLWeb/yuiDir/js/yuiGlobal-min.js:21)
	at &lt;anonymous class&gt;..append(http://provappsvpcqa01.provapps.com:6080/ProvAppCLWeb/yuiDir/js/yuiGlobal-min.js:21)
	at &lt;anonymous class&gt;..registerPlugin/&lt;/$.fn[n]@http://provappsvpcqa01.provapps.com:6080/ProvAppCLWeb/yuiDir/js/yuiGlobal-min.js(?)
	at &lt;anonymous class&gt;..html/&lt;(http://provappsvpcqa01.provapps.com:6080/ProvAppCLWeb/yuiDir/js/yuiGlobal-min.js:21)
	at &lt;anonymous class&gt;..access(http://provappsvpcqa01.provapps.com:6080/ProvAppCLWeb/yuiDir/js/yuiGlobal-min.js:14)
	at &lt;anonymous class&gt;..html(http://provappsvpcqa01.provapps.com:6080/ProvAppCLWeb/yuiDir/js/yuiGlobal-min.js:21)
	at &lt;anonymous class&gt;..registerPlugin/&lt;/$.fn[n]@http://provappsvpcqa01.provapps.com:6080/ProvAppCLWeb/yuiDir/js/yuiGlobal-min.js(?)
	at &lt;anonymous class&gt;.$.fn.ajaxSubmit/&lt;(http://provappsvpcqa01.provapps.com:6080/ProvAppCLWeb/yuiDir/js/yuiGlobal-min.js line 14 &gt; eval:160)
	at &lt;anonymous class&gt;.$.fn.ajaxSubmit/options.success(http://provappsvpcqa01.provapps.com:6080/ProvAppCLWeb/yuiDir/js/yuiGlobal-min.js line 14 &gt; eval:170)
	at &lt;anonymous class&gt;.jQuery.Callbacks/fire(http://provappsvpcqa01.provapps.com:6080/ProvAppCLWeb/yuiDir/js/yuiGlobal-min.js:14)
	at &lt;anonymous class&gt;.jQuery.Callbacks/self.fireWith(http://provappsvpcqa01.provapps.com:6080/ProvAppCLWeb/yuiDir/js/yuiGlobal-min.js:14)
	at &lt;anonymous class&gt;.done(http://provappsvpcqa01.provapps.com:6080/ProvAppCLWeb/yuiDir/js/yuiGlobal-min.js:21)
	at &lt;anonymous class&gt;..send/callback(http://provappsvpcqa01.provapps.com:6080/ProvAppCLWeb/yuiDir/js/yuiGlobal-min.js:21)
... Removed 19 stack frames
</div> <!-- stack-trace -->
                </div> <!-- method-content -->
              </div> <!-- method -->
            </div> <!-- main-panel-content rounded-window-bottom -->
          </div> <!-- suite-Automation_test_suite-class-failed -->
          <div class="suite-Automation_test_suite-class-passed">
            <div class="main-panel-header rounded-window-top">
              <img src="passed.png"/>
              <span class="class-name">com.provenir.automation.framework.testcases.StatusUpdate</span>
            </div> <!-- main-panel-header rounded-window-top -->
            <div class="main-panel-content rounded-window-bottom">
              <div class="method">
                <div class="method-content">
                  <a name="test0_landingPage">
                  </a> <!-- test0_landingPage -->
                  <span class="method-name">test0_landingPage</span>
                </div> <!-- method-content -->
              </div> <!-- method -->
              <div class="method">
                <div class="method-content">
                  <a name="test10_verifyCollateralInformationPage">
                  </a> <!-- test10_verifyCollateralInformationPage -->
                  <span class="method-name">test10_verifyCollateralInformationPage</span>
                </div> <!-- method-content -->
              </div> <!-- method -->
              <div class="method">
                <div class="method-content">
                  <a name="test11_verifyAddNewBtnOnCollateralInformation">
                  </a> <!-- test11_verifyAddNewBtnOnCollateralInformation -->
                  <span class="method-name">test11_verifyAddNewBtnOnCollateralInformation</span>
                </div> <!-- method-content -->
              </div> <!-- method -->
              <div class="method">
                <div class="method-content">
                  <a name="test13_verifyTransactionInformationPage">
                  </a> <!-- test13_verifyTransactionInformationPage -->
                  <span class="method-name">test13_verifyTransactionInformationPage</span>
                </div> <!-- method-content -->
              </div> <!-- method -->
              <div class="method">
                <div class="method-content">
                  <a name="test16_verifyAdditionalInformation">
                  </a> <!-- test16_verifyAdditionalInformation -->
                  <span class="method-name">test16_verifyAdditionalInformation</span>
                </div> <!-- method-content -->
              </div> <!-- method -->
              <div class="method">
                <div class="method-content">
                  <a name="test17_verifySummaryOfApplicationTitle">
                  </a> <!-- test17_verifySummaryOfApplicationTitle -->
                  <span class="method-name">test17_verifySummaryOfApplicationTitle</span>
                </div> <!-- method-content -->
              </div> <!-- method -->
              <div class="method">
                <div class="method-content">
                  <a name="test18_clickSubmitOnLastStepOfBOAWizard">
                  </a> <!-- test18_clickSubmitOnLastStepOfBOAWizard -->
                  <span class="method-name">test18_clickSubmitOnLastStepOfBOAWizard</span>
                </div> <!-- method-content -->
              </div> <!-- method -->
              <div class="method">
                <div class="method-content">
                  <a name="test19_verifyReqOnDashboard">
                  </a> <!-- test19_verifyReqOnDashboard -->
                  <span class="method-name">test19_verifyReqOnDashboard</span>
                </div> <!-- method-content -->
              </div> <!-- method -->
              <div class="method">
                <div class="method-content">
                  <a name="test1_gotoBOAWizard">
                  </a> <!-- test1_gotoBOAWizard -->
                  <span class="method-name">test1_gotoBOAWizard</span>
                </div> <!-- method-content -->
              </div> <!-- method -->
              <div class="method">
                <div class="method-content">
                  <a name="test20_verifyCredit360Page">
                  </a> <!-- test20_verifyCredit360Page -->
                  <span class="method-name">test20_verifyCredit360Page</span>
                </div> <!-- method-content -->
              </div> <!-- method -->
              <div class="method">
                <div class="method-content">
                  <a name="test2_verifyManadatoryFieldsOnRequestSummary">
                  </a> <!-- test2_verifyManadatoryFieldsOnRequestSummary -->
                  <span class="method-name">test2_verifyManadatoryFieldsOnRequestSummary</span>
                </div> <!-- method-content -->
              </div> <!-- method -->
              <div class="method">
                <div class="method-content">
                  <a name="test3_saveRequestSummaryInformation">
                  </a> <!-- test3_saveRequestSummaryInformation -->
                  <span class="method-name">test3_saveRequestSummaryInformation</span>
                </div> <!-- method-content -->
              </div> <!-- method -->
              <div class="method">
                <div class="method-content">
                  <a name="test4_step_verifyAddBtnOnCustInfoPage">
                  </a> <!-- test4_step_verifyAddBtnOnCustInfoPage -->
                  <span class="method-name">test4_step_verifyAddBtnOnCustInfoPage</span>
                </div> <!-- method-content -->
              </div> <!-- method -->
              <div class="method">
                <div class="method-content">
                  <a name="test5_verifyManadatoryFieldsForBusinessTypCustomer">
                  </a> <!-- test5_verifyManadatoryFieldsForBusinessTypCustomer -->
                  <span class="method-name">test5_verifyManadatoryFieldsForBusinessTypCustomer</span>
                </div> <!-- method-content -->
              </div> <!-- method -->
              <div class="method">
                <div class="method-content">
                  <a name="test6_saveBusinessCustDetails">
                  </a> <!-- test6_saveBusinessCustDetails -->
                  <span class="method-name">test6_saveBusinessCustDetails</span>
                </div> <!-- method-content -->
              </div> <!-- method -->
              <div class="method">
                <div class="method-content">
                  <a name="test8_verifyManadatoryFieldsForIndividualCustomer">
                  </a> <!-- test8_verifyManadatoryFieldsForIndividualCustomer -->
                  <span class="method-name">test8_verifyManadatoryFieldsForIndividualCustomer</span>
                </div> <!-- method-content -->
              </div> <!-- method -->
            </div> <!-- main-panel-content rounded-window-bottom -->
          </div> <!-- suite-Automation_test_suite-class-passed -->
        </div> <!-- panel Automation_test_suite -->
        <div panel-name="test-xml-Automation_test_suite" class="panel">
          <div class="main-panel-header rounded-window-top">
            <span class="header-content">D:\3.5.1\TestCases\src\com\provenir\automation\framework\config\TestAll.xml</span>
          </div> <!-- main-panel-header rounded-window-top -->
          <div class="main-panel-content rounded-window-bottom">
            <pre>
&lt;?xml version=&quot;1.0&quot; encoding=&quot;UTF-8&quot;?&gt;
&lt;!DOCTYPE suite SYSTEM &quot;http://testng.org/testng-1.0.dtd&quot;&gt;
&lt;suite thread-count=&quot;1&quot; name=&quot;Automation test suite&quot; parallel=&quot;tests&quot;&gt;
  &lt;parameter name=&quot;environment&quot; value=&quot;src/com/provenir/automation/framework/config/Env.properties&quot;/&gt;
  &lt;test name=&quot;Firefox Test&quot;&gt;
    &lt;parameter name=&quot;browser&quot; value=&quot;Firefox&quot;/&gt;
    &lt;classes&gt;
      &lt;class name=&quot;com.provenir.automation.framework.testcases.StatusUpdate&quot;/&gt;
    &lt;/classes&gt;
  &lt;/test&gt; &lt;!-- Firefox Test --&gt;
&lt;/suite&gt; &lt;!-- Automation test suite --&gt;
            </pre>
          </div> <!-- main-panel-content rounded-window-bottom -->
        </div> <!-- panel -->
        <div panel-name="testlist-Automation_test_suite" class="panel">
          <div class="main-panel-header rounded-window-top">
            <span class="header-content">Tests for Automation test suite</span>
          </div> <!-- main-panel-header rounded-window-top -->
          <div class="main-panel-content rounded-window-bottom">
            <ul>
              <li>
                <span class="test-name">Firefox Test (1 class)</span>
              </li>
            </ul>
          </div> <!-- main-panel-content rounded-window-bottom -->
        </div> <!-- panel -->
        <div panel-name="group-Automation_test_suite" class="panel">
          <div class="main-panel-header rounded-window-top">
            <span class="header-content">Groups for Automation test suite</span>
          </div> <!-- main-panel-header rounded-window-top -->
          <div class="main-panel-content rounded-window-bottom">
          </div> <!-- main-panel-content rounded-window-bottom -->
        </div> <!-- panel -->
        <div panel-name="times-Automation_test_suite" class="panel">
          <div class="main-panel-header rounded-window-top">
            <span class="header-content">Times for Automation test suite</span>
          </div> <!-- main-panel-header rounded-window-top -->
          <div class="main-panel-content rounded-window-bottom">
            <div class="times-div">
              <script type="text/javascript">
suiteTableInitFunctions.push('tableData_Automation_test_suite');
function tableData_Automation_test_suite() {
var data = new google.visualization.DataTable();
data.addColumn('number', 'Number');
data.addColumn('string', 'Method');
data.addColumn('string', 'Class');
data.addColumn('number', 'Time (ms)');
data.addRows(34);
data.setCell(0, 0, 0)
data.setCell(0, 1, 'test18_clickSubmitOnLastStepOfBOAWizard')
data.setCell(0, 2, 'com.provenir.automation.framework.testcases.StatusUpdate')
data.setCell(0, 3, 141923);
data.setCell(1, 0, 1)
data.setCell(1, 1, 'test9_saveIndividualCustDetails')
data.setCell(1, 2, 'com.provenir.automation.framework.testcases.StatusUpdate')
data.setCell(1, 3, 116849);
data.setCell(2, 0, 2)
data.setCell(2, 1, 'test6_saveBusinessCustDetails')
data.setCell(2, 2, 'com.provenir.automation.framework.testcases.StatusUpdate')
data.setCell(2, 3, 113936);
data.setCell(3, 0, 3)
data.setCell(3, 1, 'test32_completeDueDiligence')
data.setCell(3, 2, 'com.provenir.automation.framework.testcases.StatusUpdate')
data.setCell(3, 3, 30985);
data.setCell(4, 0, 4)
data.setCell(4, 1, 'test0_landingPage')
data.setCell(4, 2, 'com.provenir.automation.framework.testcases.StatusUpdate')
data.setCell(4, 3, 26841);
data.setCell(5, 0, 5)
data.setCell(5, 1, 'test22_completePreAnalysis')
data.setCell(5, 2, 'com.provenir.automation.framework.testcases.StatusUpdate')
data.setCell(5, 3, 23497);
data.setCell(6, 0, 6)
data.setCell(6, 1, 'test20_verifyCredit360Page')
data.setCell(6, 2, 'com.provenir.automation.framework.testcases.StatusUpdate')
data.setCell(6, 3, 21198);
data.setCell(7, 0, 7)
data.setCell(7, 1, 'test8_verifyManadatoryFieldsForIndividualCustomer')
data.setCell(7, 2, 'com.provenir.automation.framework.testcases.StatusUpdate')
data.setCell(7, 3, 20160);
data.setCell(8, 0, 8)
data.setCell(8, 1, 'test3_saveRequestSummaryInformation')
data.setCell(8, 2, 'com.provenir.automation.framework.testcases.StatusUpdate')
data.setCell(8, 3, 19610);
data.setCell(9, 0, 9)
data.setCell(9, 1, 'test12_saveCollateralInformation')
data.setCell(9, 2, 'com.provenir.automation.framework.testcases.StatusUpdate')
data.setCell(9, 3, 13927);
data.setCell(10, 0, 10)
data.setCell(10, 1, 'test10_verifyCollateralInformationPage')
data.setCell(10, 2, 'com.provenir.automation.framework.testcases.StatusUpdate')
data.setCell(10, 3, 11456);
data.setCell(11, 0, 11)
data.setCell(11, 1, 'test13_verifyTransactionInformationPage')
data.setCell(11, 2, 'com.provenir.automation.framework.testcases.StatusUpdate')
data.setCell(11, 3, 10366);
data.setCell(12, 0, 12)
data.setCell(12, 1, 'test25_completeDecision')
data.setCell(12, 2, 'com.provenir.automation.framework.testcases.StatusUpdate')
data.setCell(12, 3, 9493);
data.setCell(13, 0, 13)
data.setCell(13, 1, 'test26_refreshPage')
data.setCell(13, 2, 'com.provenir.automation.framework.testcases.StatusUpdate')
data.setCell(13, 3, 7297);
data.setCell(14, 0, 14)
data.setCell(14, 1, 'test23_refreshPage')
data.setCell(14, 2, 'com.provenir.automation.framework.testcases.StatusUpdate')
data.setCell(14, 3, 7263);
data.setCell(15, 0, 15)
data.setCell(15, 1, 'test30_refreshPage')
data.setCell(15, 2, 'com.provenir.automation.framework.testcases.StatusUpdate')
data.setCell(15, 3, 7257);
data.setCell(16, 0, 16)
data.setCell(16, 1, 'test34_refreshPage')
data.setCell(16, 2, 'com.provenir.automation.framework.testcases.StatusUpdate')
data.setCell(16, 3, 7229);
data.setCell(17, 0, 17)
data.setCell(17, 1, 'test21_verifyCreditStatusAsSubmitted')
data.setCell(17, 2, 'com.provenir.automation.framework.testcases.StatusUpdate')
data.setCell(17, 3, 7041);
data.setCell(18, 0, 18)
data.setCell(18, 1, 'test16_verifyAdditionalInformation')
data.setCell(18, 2, 'com.provenir.automation.framework.testcases.StatusUpdate')
data.setCell(18, 3, 5226);
data.setCell(19, 0, 19)
data.setCell(19, 1, 'test28_completeCustomerAcceptance')
data.setCell(19, 2, 'com.provenir.automation.framework.testcases.StatusUpdate')
data.setCell(19, 3, 5222);
data.setCell(20, 0, 20)
data.setCell(20, 1, 'test33_completeChildTasksOfDueDiligence')
data.setCell(20, 2, 'com.provenir.automation.framework.testcases.StatusUpdate')
data.setCell(20, 3, 5154);
data.setCell(21, 0, 21)
data.setCell(21, 1, 'test19_verifyReqOnDashboard')
data.setCell(21, 2, 'com.provenir.automation.framework.testcases.StatusUpdate')
data.setCell(21, 3, 4805);
data.setCell(22, 0, 22)
data.setCell(22, 1, 'test17_verifySummaryOfApplicationTitle')
data.setCell(22, 2, 'com.provenir.automation.framework.testcases.StatusUpdate')
data.setCell(22, 3, 4639);
data.setCell(23, 0, 23)
data.setCell(23, 1, 'test14_saveTransactionDetails')
data.setCell(23, 2, 'com.provenir.automation.framework.testcases.StatusUpdate')
data.setCell(23, 3, 3508);
data.setCell(24, 0, 24)
data.setCell(24, 1, 'test24_verifyCreditStatusAsCreditDecisioning')
data.setCell(24, 2, 'com.provenir.automation.framework.testcases.StatusUpdate')
data.setCell(24, 3, 3158);
data.setCell(25, 0, 25)
data.setCell(25, 1, 'test11_verifyAddNewBtnOnCollateralInformation')
data.setCell(25, 2, 'com.provenir.automation.framework.testcases.StatusUpdate')
data.setCell(25, 3, 3036);
data.setCell(26, 0, 26)
data.setCell(26, 1, 'test4_step_verifyAddBtnOnCustInfoPage')
data.setCell(26, 2, 'com.provenir.automation.framework.testcases.StatusUpdate')
data.setCell(26, 3, 2717);
data.setCell(27, 0, 27)
data.setCell(27, 1, 'test27_verifyCreditStatus')
data.setCell(27, 2, 'com.provenir.automation.framework.testcases.StatusUpdate')
data.setCell(27, 3, 2183);
data.setCell(28, 0, 28)
data.setCell(28, 1, 'test31_verifyStatusAsDueDiligence')
data.setCell(28, 2, 'com.provenir.automation.framework.testcases.StatusUpdate')
data.setCell(28, 3, 2153);
data.setCell(29, 0, 29)
data.setCell(29, 1, 'test35_verifyStatusAsDueDiligence')
data.setCell(29, 2, 'com.provenir.automation.framework.testcases.StatusUpdate')
data.setCell(29, 3, 2149);
data.setCell(30, 0, 30)
data.setCell(30, 1, 'test1_gotoBOAWizard')
data.setCell(30, 2, 'com.provenir.automation.framework.testcases.StatusUpdate')
data.setCell(30, 3, 1608);
data.setCell(31, 0, 31)
data.setCell(31, 1, 'test5_verifyManadatoryFieldsForBusinessTypCustomer')
data.setCell(31, 2, 'com.provenir.automation.framework.testcases.StatusUpdate')
data.setCell(31, 3, 941);
data.setCell(32, 0, 32)
data.setCell(32, 1, 'test2_verifyManadatoryFieldsOnRequestSummary')
data.setCell(32, 2, 'com.provenir.automation.framework.testcases.StatusUpdate')
data.setCell(32, 3, 301);
data.setCell(33, 0, 33)
data.setCell(33, 1, 'test29_completeChildTaskOfCustomerAcceptance')
data.setCell(33, 2, 'com.provenir.automation.framework.testcases.StatusUpdate')
data.setCell(33, 3, 163);
window.suiteTableData['Automation_test_suite']= { tableData: data, tableDiv: 'times-div-Automation_test_suite'}
return data;
}
              </script>
              <span class="suite-total-time">Total running time: 10 minutes</span>
              <div id="times-div-Automation_test_suite">
              </div> <!-- times-div-Automation_test_suite -->
            </div> <!-- times-div -->
          </div> <!-- main-panel-content rounded-window-bottom -->
        </div> <!-- panel -->
        <div panel-name="reporter-Automation_test_suite" class="panel">
          <div class="main-panel-header rounded-window-top">
            <span class="header-content">Reporter output for Automation test suite</span>
          </div> <!-- main-panel-header rounded-window-top -->
          <div class="main-panel-content rounded-window-bottom">
          </div> <!-- main-panel-content rounded-window-bottom -->
        </div> <!-- panel -->
        <div panel-name="ignored-methods-Automation_test_suite" class="panel">
          <div class="main-panel-header rounded-window-top">
            <span class="header-content">0 ignored methods</span>
          </div> <!-- main-panel-header rounded-window-top -->
          <div class="main-panel-content rounded-window-bottom">
          </div> <!-- main-panel-content rounded-window-bottom -->
        </div> <!-- panel -->
        <div panel-name="chronological-Automation_test_suite" class="panel">
          <div class="main-panel-header rounded-window-top">
            <span class="header-content">Methods in chronological order</span>
          </div> <!-- main-panel-header rounded-window-top -->
          <div class="main-panel-content rounded-window-bottom">
            <div class="chronological-class">
              <div class="chronological-class-name">com.provenir.automation.framework.testcases.StatusUpdate</div> <!-- chronological-class-name -->
              <div class="configuration-suite before">
                <span class="method-name">initialize</span>
                <span class="method-start">0 ms</span>
              </div> <!-- configuration-suite before -->
              <div class="configuration-test before">
                <span class="method-name">beforeTest</span>
                <span class="method-start">65 ms</span>
              </div> <!-- configuration-test before -->
              <div class="configuration-class before">
                <span class="method-name">beforeMethod(Firefox)</span>
                <span class="method-start">13662 ms</span>
              </div> <!-- configuration-class before -->
              <div class="test-method">
                <span class="method-name">test0_landingPage</span>
                <span class="method-start">13839 ms</span>
              </div> <!-- test-method -->
              <div class="test-method">
                <span class="method-name">test1_gotoBOAWizard</span>
                <span class="method-start">40685 ms</span>
              </div> <!-- test-method -->
              <div class="test-method">
                <span class="method-name">test2_verifyManadatoryFieldsOnRequestSummary</span>
                <span class="method-start">42295 ms</span>
              </div> <!-- test-method -->
              <div class="test-method">
                <span class="method-name">test3_saveRequestSummaryInformation</span>
                <span class="method-start">42597 ms</span>
              </div> <!-- test-method -->
              <div class="test-method">
                <span class="method-name">test4_step_verifyAddBtnOnCustInfoPage</span>
                <span class="method-start">62208 ms</span>
              </div> <!-- test-method -->
              <div class="test-method">
                <span class="method-name">test5_verifyManadatoryFieldsForBusinessTypCustomer</span>
                <span class="method-start">64950 ms</span>
              </div> <!-- test-method -->
              <div class="test-method">
                <span class="method-name">test6_saveBusinessCustDetails</span>
                <span class="method-start">65892 ms</span>
              </div> <!-- test-method -->
              <div class="test-method">
                <span class="method-name">test8_verifyManadatoryFieldsForIndividualCustomer</span>
                <span class="method-start">179829 ms</span>
              </div> <!-- test-method -->
              <div class="test-method">
                <img src="failed.png">
                </img>
                <span class="method-name">test9_saveIndividualCustDetails</span>
                <span class="method-start">199990 ms</span>
              </div> <!-- test-method -->
              <div class="test-method">
                <span class="method-name">test10_verifyCollateralInformationPage</span>
                <span class="method-start">316860 ms</span>
              </div> <!-- test-method -->
              <div class="test-method">
                <span class="method-name">test11_verifyAddNewBtnOnCollateralInformation</span>
                <span class="method-start">328317 ms</span>
              </div> <!-- test-method -->
              <div class="test-method">
                <img src="failed.png">
                </img>
                <span class="method-name">test12_saveCollateralInformation</span>
                <span class="method-start">331354 ms</span>
              </div> <!-- test-method -->
              <div class="test-method">
                <span class="method-name">test13_verifyTransactionInformationPage</span>
                <span class="method-start">345283 ms</span>
              </div> <!-- test-method -->
              <div class="test-method">
                <img src="failed.png">
                </img>
                <span class="method-name">test14_saveTransactionDetails</span>
                <span class="method-start">355649 ms</span>
              </div> <!-- test-method -->
              <div class="test-method">
                <span class="method-name">test16_verifyAdditionalInformation</span>
                <span class="method-start">359166 ms</span>
              </div> <!-- test-method -->
              <div class="test-method">
                <span class="method-name">test17_verifySummaryOfApplicationTitle</span>
                <span class="method-start">364392 ms</span>
              </div> <!-- test-method -->
              <div class="test-method">
                <span class="method-name">test18_clickSubmitOnLastStepOfBOAWizard</span>
                <span class="method-start">369032 ms</span>
              </div> <!-- test-method -->
              <div class="test-method">
                <span class="method-name">test19_verifyReqOnDashboard</span>
                <span class="method-start">510956 ms</span>
              </div> <!-- test-method -->
              <div class="test-method">
                <span class="method-name">test20_verifyCredit360Page</span>
                <span class="method-start">515762 ms</span>
              </div> <!-- test-method -->
              <div class="test-method">
                <img src="failed.png">
                </img>
                <span class="method-name">test21_verifyCreditStatusAsSubmitted</span>
                <span class="method-start">536960 ms</span>
              </div> <!-- test-method -->
              <div class="test-method">
                <img src="failed.png">
                </img>
                <span class="method-name">test22_completePreAnalysis</span>
                <span class="method-start">544010 ms</span>
              </div> <!-- test-method -->
              <div class="test-method">
                <img src="failed.png">
                </img>
                <span class="method-name">test23_refreshPage</span>
                <span class="method-start">567513 ms</span>
              </div> <!-- test-method -->
              <div class="test-method">
                <img src="failed.png">
                </img>
                <span class="method-name">test24_verifyCreditStatusAsCreditDecisioning</span>
                <span class="method-start">574778 ms</span>
              </div> <!-- test-method -->
              <div class="test-method">
                <img src="failed.png">
                </img>
                <span class="method-name">test25_completeDecision</span>
                <span class="method-start">577938 ms</span>
              </div> <!-- test-method -->
              <div class="test-method">
                <img src="failed.png">
                </img>
                <span class="method-name">test26_refreshPage</span>
                <span class="method-start">587436 ms</span>
              </div> <!-- test-method -->
              <div class="test-method">
                <img src="failed.png">
                </img>
                <span class="method-name">test27_verifyCreditStatus</span>
                <span class="method-start">594735 ms</span>
              </div> <!-- test-method -->
              <div class="test-method">
                <img src="failed.png">
                </img>
                <span class="method-name">test28_completeCustomerAcceptance</span>
                <span class="method-start">596919 ms</span>
              </div> <!-- test-method -->
              <div class="test-method">
                <img src="failed.png">
                </img>
                <span class="method-name">test29_completeChildTaskOfCustomerAcceptance</span>
                <span class="method-start">602143 ms</span>
              </div> <!-- test-method -->
              <div class="test-method">
                <img src="failed.png">
                </img>
                <span class="method-name">test30_refreshPage</span>
                <span class="method-start">602308 ms</span>
              </div> <!-- test-method -->
              <div class="test-method">
                <img src="failed.png">
                </img>
                <span class="method-name">test31_verifyStatusAsDueDiligence</span>
                <span class="method-start">609570 ms</span>
              </div> <!-- test-method -->
              <div class="test-method">
                <img src="failed.png">
                </img>
                <span class="method-name">test32_completeDueDiligence</span>
                <span class="method-start">611725 ms</span>
              </div> <!-- test-method -->
              <div class="test-method">
                <img src="failed.png">
                </img>
                <span class="method-name">test33_completeChildTasksOfDueDiligence</span>
                <span class="method-start">642718 ms</span>
              </div> <!-- test-method -->
              <div class="test-method">
                <img src="failed.png">
                </img>
                <span class="method-name">test34_refreshPage</span>
                <span class="method-start">647875 ms</span>
              </div> <!-- test-method -->
              <div class="test-method">
                <img src="failed.png">
                </img>
                <span class="method-name">test35_verifyStatusAsDueDiligence</span>
                <span class="method-start">655106 ms</span>
              </div> <!-- test-method -->
              <div class="configuration-suite after">
                <img src="failed.png">
                </img>
                <span class="method-name">tearDown</span>
                <span class="method-start">657426 ms</span>
              </div> <!-- configuration-suite after -->
          </div> <!-- main-panel-content rounded-window-bottom -->
        </div> <!-- panel -->
      </div> <!-- main-panel-root -->
    </div> <!-- wrapper -->
  </body>
</html>
