<?xml version="1.0" encoding="UTF-8"?>
<!-- Generated by org.testng.reporters.JUnitReportReporter -->
<testsuite hostname="parasharb-w7" name="com.provenir.automation.framework.testcases.BOA_Wizard" tests="18" failures="1" timestamp="12 Jul 2016 13:44:46 GMT" time="364.919" errors="0">
  <testcase name="test4_step_verifyAddBtnOnCustInfoPage" time="1.417" classname="com.provenir.automation.framework.testcases.BOA_Wizard"/>
  <testcase name="test6_saveBusinessCustDetails" time="61.608" classname="com.provenir.automation.framework.testcases.BOA_Wizard"/>
  <testcase name="test20_verifyReqOnDashboard" time="2.279" classname="com.provenir.automation.framework.testcases.BOA_Wizard"/>
  <testcase name="test11_verifyAddNewBtnOnCollateralInformation" time="2.296" classname="com.provenir.automation.framework.testcases.BOA_Wizard"/>
  <testcase name="test9_saveIndividualCustDetails" time="70.102" classname="com.provenir.automation.framework.testcases.BOA_Wizard"/>
  <testcase name="test13_verifyTransactionInformationPage" time="21.298" classname="com.provenir.automation.framework.testcases.BOA_Wizard"/>
  <testcase name="test0_landingPage" time="23.012" classname="com.provenir.automation.framework.testcases.BOA_Wizard"/>
  <testcase name="test16_verifyAdditionalInformation" time="1.330" classname="com.provenir.automation.framework.testcases.BOA_Wizard"/>
  <testcase name="test8_verifyManadatoryFieldsForIndividualCustomer" time="18.047" classname="com.provenir.automation.framework.testcases.BOA_Wizard"/>
  <testcase name="test14_saveTransactionDetails" time="29.358" classname="com.provenir.automation.framework.testcases.BOA_Wizard">
    <failure type="org.openqa.selenium.WebDriverException" message="Element is not clickable at point (301.70001220703125, 731.7000122070312). Other element would receive the click: &lt;div class=&quot;blockUI blockOverlay&quot; style=&quot;z-index: 1000; border: medium none; margin: 0px; padding: 0px; width: 100%; height: 100%; top: 0px; left: 0px; background-color: rgb(0, 0, 0); opacity: 0; cursor: default; position: fixed;&quot;&gt;&lt;/div&gt;
Command duration or timeout: 72 milliseconds
Build info: version: &#039;2.52.0&#039;, revision: &#039;4c2593c&#039;, time: &#039;2016-02-11 19:03:33&#039;
System info: host: &#039;parasharb-w7&#039;, ip: &#039;172.27.103.103&#039;, os.name: &#039;Windows 7&#039;, os.arch: &#039;amd64&#039;, os.version: &#039;6.1&#039;, java.version: &#039;1.7.0_75&#039;
Session ID: f3e5368b-ca76-4217-ade1-230a98cf0322
Driver info: org.openqa.selenium.firefox.FirefoxDriver
Capabilities [{platform=WINDOWS, acceptSslCerts=true, javascriptEnabled=true, cssSelectorsEnabled=true, databaseEnabled=true, browserName=firefox, handlesAlerts=true, nativeEvents=false, webStorageEnabled=true, rotatable=false, locationContextEnabled=true, applicationCacheEnabled=true, takesScreenshot=true, version=41.0.2}]">
      <![CDATA[org.openqa.selenium.WebDriverException: Element is not clickable at point (301.70001220703125, 731.7000122070312). Other element would receive the click: <div class="blockUI blockOverlay" style="z-index: 1000; border: medium none; margin: 0px; padding: 0px; width: 100%; height: 100%; top: 0px; left: 0px; background-color: rgb(0, 0, 0); opacity: 0; cursor: default; position: fixed;"></div>
Command duration or timeout: 72 milliseconds
Build info: version: '2.52.0', revision: '4c2593c', time: '2016-02-11 19:03:33'
System info: host: 'parasharb-w7', ip: '172.27.103.103', os.name: 'Windows 7', os.arch: 'amd64', os.version: '6.1', java.version: '1.7.0_75'
Session ID: f3e5368b-ca76-4217-ade1-230a98cf0322
Driver info: org.openqa.selenium.firefox.FirefoxDriver
Capabilities [{platform=WINDOWS, acceptSslCerts=true, javascriptEnabled=true, cssSelectorsEnabled=true, databaseEnabled=true, browserName=firefox, handlesAlerts=true, nativeEvents=false, webStorageEnabled=true, rotatable=false, locationContextEnabled=true, applicationCacheEnabled=true, takesScreenshot=true, version=41.0.2}]
	at sun.reflect.NativeConstructorAccessorImpl.newInstance0(Native Method)
	at sun.reflect.NativeConstructorAccessorImpl.newInstance(Unknown Source)
	at sun.reflect.DelegatingConstructorAccessorImpl.newInstance(Unknown Source)
	at java.lang.reflect.Constructor.newInstance(Unknown Source)
	at org.openqa.selenium.remote.ErrorHandler.createThrowable(ErrorHandler.java:206)
	at org.openqa.selenium.remote.ErrorHandler.throwIfResponseFailed(ErrorHandler.java:158)
	at org.openqa.selenium.remote.RemoteWebDriver.execute(RemoteWebDriver.java:678)
	at org.openqa.selenium.remote.RemoteWebElement.execute(RemoteWebElement.java:327)
	at org.openqa.selenium.remote.RemoteWebElement.click(RemoteWebElement.java:85)
	at com.provenir.automation.framework.helper.TransactionInfoPage.selBorrowerOnTransactionInformation(TransactionInfoPage.java:682)
	at com.provenir.automation.framework.testcases.BOA_Wizard.test14_saveTransactionDetails(BOA_Wizard.java:291)
	at sun.reflect.NativeMethodAccessorImpl.invoke0(Native Method)
	at sun.reflect.NativeMethodAccessorImpl.invoke(Unknown Source)
	at sun.reflect.DelegatingMethodAccessorImpl.invoke(Unknown Source)
	at java.lang.reflect.Method.invoke(Unknown Source)
	at org.testng.internal.MethodInvocationHelper.invokeMethod(MethodInvocationHelper.java:84)
	at org.testng.internal.Invoker.invokeMethod(Invoker.java:714)
	at org.testng.internal.Invoker.invokeTestMethod(Invoker.java:901)
	at org.testng.internal.Invoker.invokeTestMethods(Invoker.java:1231)
	at org.testng.internal.TestMethodWorker.invokeTestMethods(TestMethodWorker.java:127)
	at org.testng.internal.TestMethodWorker.run(TestMethodWorker.java:111)
	at org.testng.TestRunner.privateRun(TestRunner.java:767)
	at org.testng.TestRunner.run(TestRunner.java:617)
	at org.testng.SuiteRunner.runTest(SuiteRunner.java:334)
	at org.testng.SuiteRunner.access$000(SuiteRunner.java:37)
	at org.testng.SuiteRunner$SuiteWorker.run(SuiteRunner.java:368)
	at org.testng.internal.thread.ThreadUtil$2.call(ThreadUtil.java:64)
	at java.util.concurrent.FutureTask.run(Unknown Source)
	at java.util.concurrent.ThreadPoolExecutor.runWorker(Unknown Source)
	at java.util.concurrent.ThreadPoolExecutor$Worker.run(Unknown Source)
	at java.lang.Thread.run(Unknown Source)
]]>
    </failure>
  </testcase> <!-- test14_saveTransactionDetails -->
  <testcase name="test2_verifyManadatoryFieldsOnRequestSummary" time="0.284" classname="com.provenir.automation.framework.testcases.BOA_Wizard"/>
  <testcase name="test3_saveRequestSummaryInformation" time="14.728" classname="com.provenir.automation.framework.testcases.BOA_Wizard"/>
  <testcase name="test12_saveCollateralInformation" time="50.581" classname="com.provenir.automation.framework.testcases.BOA_Wizard"/>
  <testcase name="test10_verifyCollateralInformationPage" time="6.488" classname="com.provenir.automation.framework.testcases.BOA_Wizard"/>
  <testcase name="test19_clickSubmitOnLastStepOfBOAWizard" time="58.557" classname="com.provenir.automation.framework.testcases.BOA_Wizard"/>
  <testcase name="test18_verifySummaryOfApplicationTitle" time="1.597" classname="com.provenir.automation.framework.testcases.BOA_Wizard"/>
  <testcase name="test5_verifyManadatoryFieldsForBusinessTypCustomer" time="0.910" classname="com.provenir.automation.framework.testcases.BOA_Wizard"/>
  <testcase name="test1_gotoBOAWizard" time="1.027" classname="com.provenir.automation.framework.testcases.BOA_Wizard"/>
</testsuite> <!-- com.provenir.automation.framework.testcases.BOA_Wizard -->
